Log file open, 04/05/18 16:13:39
LogInit:Display: Running engine for game: Mechanic1
LogPlatformFile: Not using cached read wrapper
LogInit:Display: RandInit(-1118689896) SRandInit(-1118689896).
LogTaskGraph: Started task graph with 5 named threads and 8 total threads with 1 sets of task threads.
LogStats: Stats thread started at 0.076784
LogInit: Using libcurl 7.47.1
LogInit:  - built for x86_64-pc-win32
LogInit:  - supports SSL with OpenSSL/1.0.2g
LogInit:  - supports HTTP deflate (compression) using libz 1.2.8
LogInit:  - other features:
LogInit:      CURL_VERSION_SSL
LogInit:      CURL_VERSION_LIBZ
LogInit:      CURL_VERSION_IPV6
LogInit:      CURL_VERSION_ASYNCHDNS
LogInit:      CURL_VERSION_LARGEFILE
LogInit:      CURL_VERSION_IDN
LogInit:  CurlRequestOptions (configurable via config and command line):
LogInit:  - bVerifyPeer = false  - Libcurl will NOT verify peer certificate
LogInit:  - bUseHttpProxy = false  - Libcurl will NOT use HTTP proxy
LogInit:  - bDontReuseConnections = false  - Libcurl will reuse connections
LogInit:  - CertBundlePath = nullptr  - Libcurl will use whatever was configured at build time.
LogInit: Build: ++UE4+Release-4.16-CL-3561208
LogInit: Engine Version: 4.16.3-3561208+++UE4+Release-4.16
LogInit: Compatible Engine Version: 4.16.0-3452394+++UE4+Release-4.16
LogInit: Net CL: 3452394
LogDevObjectVersion: Number of dev versions registered: 16
LogDevObjectVersion:   Dev-Blueprints (B0D832E4-1F89-4F0D-ACCF-7EB736FD4AA2): 9
LogDevObjectVersion:   Dev-Build (E1C64328-A22C-4D53-A36C-8E866417BD8C): 0
LogDevObjectVersion:   Dev-Core (375EC13C-06E4-48FB-B500-84F0262A717E): 2
LogDevObjectVersion:   Dev-Editor (E4B068ED-F494-42E9-A231-DA0B2E46BB41): 17
LogDevObjectVersion:   Dev-Framework (CFFC743F-43B0-4480-9391-14DF171D2073): 23
LogDevObjectVersion:   Dev-Mobile (B02B49B5-BB20-44E9-A304-32B752E40360): 0
LogDevObjectVersion:   Dev-Networking (A4E4105C-59A1-49B5-A7C5-40C4547EDFEE): 0
LogDevObjectVersion:   Dev-Online (39C831C9-5AE6-47DC-9A44-9C173E1C8E7C): 0
LogDevObjectVersion:   Dev-Physics (78F01B33-EBEA-4F98-B9B4-84EACCB95AA2): 0
LogDevObjectVersion:   Dev-Platform (6631380F-2D4D-43E0-8009-CF276956A95A): 0
LogDevObjectVersion:   Dev-Rendering (12F88B9F-8875-4AFC-A67C-D90C383ABD29): 15
LogDevObjectVersion:   Dev-Sequencer (7B5AE74C-D270-4C10-A958-57980B212A5A): 4
LogDevObjectVersion:   Dev-VR (D7296918-1DD6-4BDD-9DE2-64A83CC13884): 0
LogDevObjectVersion:   Dev-LoadTimes (C2A15278-BFE7-4AFE-6C17-90FF531DF755): 1
LogDevObjectVersion:   Private-Geometry (6EACA3D4-40EC-4CC1-B786-8BED09428FC5): 1
LogDevObjectVersion:   Dev-AnimPhys (29E575DD-E0A3-4627-9D10-D276232CDCEA): 3
LogInit: Compiled (64-bit): Jul 28 2017 11:49:47
LogInit: Compiled with Visual C++: 19.00.24215.01
LogInit: Build Configuration: Development
LogInit: Branch Name: ++UE4+Release-4.16
LogInit: Command line:  
LogInit: Base directory: C:/Program Files/Epic Games/UE_4.16/Engine/Binaries/Win64/
LogInit: Installed Engine Build: 1
LogInit: Presizing for max 8388607 objects, including 0 objects not considered by GC, pre-allocating 0 bytes for permanent pool.
LogInit: Object subsystem initialized
[2018.04.05-14.13.39:559][  0]LogInit: Selected Device Profile: [Windows]
[2018.04.05-14.13.39:559][  0]LogInit: Applying CVar settings loaded from the selected device profile: [Windows]
[2018.04.05-14.13.39:564][  0]LogInit: Computer: DESKTOP-CUV1LHF
[2018.04.05-14.13.39:564][  0]LogInit: User: micha
[2018.04.05-14.13.39:564][  0]LogInit: CPU Page size=4096, Cores=4
[2018.04.05-14.13.39:564][  0]LogInit: High frequency timer resolution =4.101564 MHz
[2018.04.05-14.13.39:564][  0]LogMemory: Memory total: Physical=15.9GB (16GB approx)
[2018.04.05-14.13.39:564][  0]LogMemory: Platform Memory Stats for Windows
[2018.04.05-14.13.39:564][  0]LogMemory: Process Physical Memory: 275.50 MB used, 275.50 MB peak
[2018.04.05-14.13.39:564][  0]LogMemory: Process Virtual Memory: 262.93 MB used, 262.93 MB peak
[2018.04.05-14.13.39:564][  0]LogMemory: Physical Memory: 5571.09 MB used,  10743.41 MB free, 16314.50 MB total
[2018.04.05-14.13.39:564][  0]LogMemory: Virtual Memory: 678.98 MB used,  10743.41 MB free, 134217728.00 MB total
[2018.04.05-14.13.39:860][  0]LogInit: Using OS detected language (ru-RU).
[2018.04.05-14.13.39:860][  0]LogInit: Using OS detected locale (ru-RU).
[2018.04.05-14.13.39:862][  0]LogTextLocalizationManager: No localization for 'ru-RU' exists, so 'en' will be used for the language.
[2018.04.05-14.13.39:862][  0]LogTextLocalizationManager: No localization for 'ru-RU' exists, so 'en' will be used for the locale.
[2018.04.05-14.13.40:480][  0]LogD3D11RHI: D3D11 adapters:
[2018.04.05-14.13.40:508][  0]LogD3D11RHI:    0. 'NVIDIA GeForce GTX 1080 Ti' (Feature Level 11_0)
[2018.04.05-14.13.40:508][  0]LogD3D11RHI:       11127/0/8157 MB DedicatedVideo/DedicatedSystem/SharedSystem, Outputs:1, VendorId:0x10de
[2018.04.05-14.13.40:510][  0]LogD3D11RHI:    1. 'Microsoft Basic Render Driver' (Feature Level 11_0)
[2018.04.05-14.13.40:510][  0]LogD3D11RHI:       0/0/8157 MB DedicatedVideo/DedicatedSystem/SharedSystem, Outputs:0, VendorId:0x1414
[2018.04.05-14.13.40:510][  0]LogD3D11RHI: Chosen D3D11 Adapter: 0
[2018.04.05-14.13.40:515][  0]LogD3D11RHI: Creating new Direct3DDevice
[2018.04.05-14.13.40:515][  0]LogD3D11RHI:     GPU DeviceId: 0x1b06 (for the marketing name, search the web for "GPU Device Id")
[2018.04.05-14.13.40:515][  0]LogWindows: EnumDisplayDevices:
[2018.04.05-14.13.40:515][  0]LogWindows:    0. 'NVIDIA GeForce GTX 1080 Ti' (P:1 D:1)
[2018.04.05-14.13.40:515][  0]LogWindows:    1. 'NVIDIA GeForce GTX 1080 Ti' (P:0 D:0)
[2018.04.05-14.13.40:515][  0]LogWindows:    2. 'NVIDIA GeForce GTX 1080 Ti' (P:0 D:0)
[2018.04.05-14.13.40:515][  0]LogWindows:    3. 'NVIDIA GeForce GTX 1080 Ti' (P:0 D:0)
[2018.04.05-14.13.40:515][  0]LogWindows: DebugString: GetVideoDriverDetailsInvalid PrimaryIsNotTheChoosenAdapter GetVideoDriverDetailsInvalid PrimaryIsNotTheChoosenAdapter GetVideoDriverDetailsInvalid PrimaryIsNotTheChoosenAdapter GetVideoDriverDetailsInvalid PrimaryIsNotTheChoosenAdapter FoundDriverCount:0 
[2018.04.05-14.13.40:515][  0]LogD3D11RHI:     Adapter Name: NVIDIA GeForce GTX 1080 Ti
[2018.04.05-14.13.40:515][  0]LogD3D11RHI:   Driver Version: Unknown (internal:Unknown, unified:Unknown)
[2018.04.05-14.13.40:515][  0]LogD3D11RHI:      Driver Date: Unknown
[2018.04.05-14.13.40:515][  0]LogRHI: Texture pool is 1361 MB (70% of 1945 MB)
[2018.04.05-14.13.40:534][  0]LogD3D11RHI: Async texture creation enabled
[2018.04.05-14.13.40:553][  0]LogD3D11RHI: GPU Timing Frequency: 1000.000000 (Debug: 2 2)
[2018.04.05-14.13.40:595][  0]LogShaderCompilers: Guid format shader working directory is -54 characters bigger than the processId version (../../../../../../Users/micha/OneDrive/Документы/Unreal Projects/TestMechanic/TestMechanic/Mechanic1/Intermediate/Shaders/WorkingDirectory/7504/).
[2018.04.05-14.13.40:595][  0]LogShaderCompilers: Cleaned the shader compiler working directory 'C:/Users/micha/AppData/Local/Temp/UnrealShaderWorkingDir/F31C4F894F0C5D941FE34EA309289BB2/'.
[2018.04.05-14.13.40:595][  0]LogShaderCompilers:Display: Using Local Shader Compiler.
[2018.04.05-14.13.41:290][  0]LogTemp:Display: Loaded TP AllDesktopTargetPlatform
[2018.04.05-14.13.41:325][  0]LogTemp:Display: Loaded TP MacClientTargetPlatform
[2018.04.05-14.13.41:362][  0]LogTemp:Display: Loaded TP MacNoEditorTargetPlatform
[2018.04.05-14.13.41:398][  0]LogTemp:Display: Loaded TP MacServerTargetPlatform
[2018.04.05-14.13.41:435][  0]LogTemp:Display: Loaded TP MacTargetPlatform
[2018.04.05-14.13.41:472][  0]LogTemp:Display: Loaded TP WindowsClientTargetPlatform
[2018.04.05-14.13.41:508][  0]LogTemp:Display: Loaded TP WindowsNoEditorTargetPlatform
[2018.04.05-14.13.41:544][  0]LogTemp:Display: Loaded TP WindowsServerTargetPlatform
[2018.04.05-14.13.41:576][  0]LogTemp:Display: Loaded TP WindowsTargetPlatform
[2018.04.05-14.13.41:611][  0]LogTemp:Display: Loaded TP AndroidTargetPlatform
[2018.04.05-14.13.41:647][  0]LogTemp:Display: Loaded TP Android_ASTCTargetPlatform
[2018.04.05-14.13.41:682][  0]LogTemp:Display: Loaded TP Android_ATCTargetPlatform
[2018.04.05-14.13.41:717][  0]LogTemp:Display: Loaded TP Android_DXTTargetPlatform
[2018.04.05-14.13.41:753][  0]LogTemp:Display: Loaded TP Android_ETC1TargetPlatform
[2018.04.05-14.13.41:788][  0]LogTemp:Display: Loaded TP Android_ETC2TargetPlatform
[2018.04.05-14.13.41:859][  0]LogTemp:Display: Loaded TP Android_MultiTargetPlatform
[2018.04.05-14.13.41:859][  0]LogTemp:Display: Loaded TP Android_PVRTCTargetPlatform
[2018.04.05-14.13.41:887][  0]LogTemp:Display: Loaded TP HTML5TargetPlatform
[2018.04.05-14.13.41:960][  0]LogTemp:Display: Loaded TP IOSTargetPlatform
[2018.04.05-14.13.41:982][  0]LogTemp:Display: Loaded TP TVOSTargetPlatform
[2018.04.05-14.13.42:017][  0]LogTemp:Display: Loaded TP LinuxClientTargetPlatform
[2018.04.05-14.13.42:053][  0]LogTemp:Display: Loaded TP LinuxNoEditorTargetPlatform
[2018.04.05-14.13.42:089][  0]LogTemp:Display: Loaded TP LinuxServerTargetPlatform
[2018.04.05-14.13.42:124][  0]LogTemp:Display: Loaded TP LinuxTargetPlatform
[2018.04.05-14.13.42:124][  0]LogTargetPlatformManager:Display: Building Assets For Windows
[2018.04.05-14.13.42:479][  0]LogDerivedDataCache:Display: Max Cache Size: 512 MB
[2018.04.05-14.13.42:535][  0]LogDerivedDataCache: Loaded boot cache 0.06s 90MB C:/Users/micha/AppData/Local/UnrealEngine/4.16/DerivedDataCache/Boot.ddc.
[2018.04.05-14.13.42:535][  0]LogDerivedDataCache:Display: Loaded Boot cache: C:/Users/micha/AppData/Local/UnrealEngine/4.16/DerivedDataCache/Boot.ddc
[2018.04.05-14.13.42:535][  0]LogDerivedDataCache: FDerivedDataBackendGraph:  Pak pak cache file ../../../../../../Users/micha/OneDrive/Документы/Unreal Projects/TestMechanic/TestMechanic/Mechanic1/DerivedDataCache/DDC.ddp not found, will not use a pak cache.
[2018.04.05-14.13.42:535][  0]LogDerivedDataCache: Unable to find inner node Pak for hierarchical cache Hierarchy.
[2018.04.05-14.13.42:535][  0]LogDerivedDataCache: FDerivedDataBackendGraph:  CompressedPak pak cache file ../../../../../../Users/micha/OneDrive/Документы/Unreal Projects/TestMechanic/TestMechanic/Mechanic1/DerivedDataCache/Compressed.ddp not found, will not use a pak cache.
[2018.04.05-14.13.42:535][  0]LogDerivedDataCache: Unable to find inner node CompressedPak for hierarchical cache Hierarchy.
[2018.04.05-14.13.42:546][  0]LogDerivedDataCache:Display: Pak cache opened for reading ../../../Engine/DerivedDataCache/Compressed.ddp.
[2018.04.05-14.13.42:557][  0]LogDerivedDataCache: Using Local data cache path C:/Users/micha/AppData/Local/UnrealEngine/Common/DerivedDataCache: Writable
[2018.04.05-14.13.42:564][  0]LogMaterial: Verifying Global Shaders for PCD3D_SM5
[2018.04.05-14.13.42:564][  0]LogSlate: Using Freetype 2.6.0
[2018.04.05-14.13.42:564][  0]LogSlate: SlateFontCache - WITH_FREETYPE: 1, WITH_HARFBUZZ: 1
[2018.04.05-14.13.42:564][  0]LogSlate: SlateFontCache - WITH_FREETYPE: 1, WITH_HARFBUZZ: 1
[2018.04.05-14.13.42:777][  0]LogInit: Selected Device Profile: [Windows]
[2018.04.05-14.13.42:820][  0]LogContentStreaming: Texture pool size is 0.00 MB
[2018.04.05-14.13.42:928][  0]LogMeshUtilities: Using QuadricMeshReduction for automatic static mesh reduction
[2018.04.05-14.13.42:959][  0]LogSimplygon: Simplygon DLL not present - disabling.
[2018.04.05-14.13.42:992][  0]LogMeshUtilities: Using SimplygonSwarm for distributed automatic mesh merging
[2018.04.05-14.13.42:992][  0]LogMeshUtilities: No automatic skeletal mesh reduction module available
[2018.04.05-14.13.42:992][  0]LogMeshUtilities: No automatic mesh merging module available
[2018.04.05-14.13.43:381][  0]LogNetVersion: Mechanic1 , NetCL: 3452394, EngineNetVer: 2, GameNetVer: 0 (Checksum: 1296780927)
[2018.04.05-14.13.43:431][  0]LogAssetRegistry: FAssetRegistry took 0.0241 seconds to start up
[2018.04.05-14.13.43:462][  0]LogPackageLocalizationCache: Processed 4 localized package path(s) for 1 prioritized culture(s) in 0.010262 seconds
[2018.04.05-14.13.43:466][  0]LogUObjectArray: 34194 objects as part of root set at end of initial load.
[2018.04.05-14.13.43:466][  0]LogUObjectAllocator: 7260424 out of 0 bytes used by permanent object pool.
[2018.04.05-14.13.43:466][  0]LogUObjectArray: CloseDisregardForGC: 0/0 objects in disregard for GC pool
[2018.04.05-14.13.43:512][  0]LogInit: WinSock: version 1.1 (2.2), MaxSocks=32767, MaxUdp=65467
[2018.04.05-14.13.45:128][  0]LogTcpMessaging: Initializing TcpMessaging bridge
[2018.04.05-14.13.45:158][  0]LogUdpMessaging: Initializing bridge on interface 0.0.0.0:0 to multicast group 230.0.0.1:6666.
[2018.04.05-14.13.45:530][  0]LogMaterial: Uniform references updated for custom material expression Custom.
[2018.04.05-14.13.45:804][  0]SourceControl: Info Source control is disabled
[2018.04.05-14.13.45:805][  0]SourceControl: Info Source control is disabled
[2018.04.05-14.13.45:837][  0]SourceControl: Info Source control is disabled
[2018.04.05-14.13.45:869][  0]SourceControl: Info Source control is disabled
[2018.04.05-14.13.46:370][  0]LogAndroidPermission: UAndroidPermissionCallbackProxy::GetInstance
[2018.04.05-14.13.46:776][  0]LogEngine: Initializing Engine...
[2018.04.05-14.13.46:777][  0]LogHMD: Failed to initialize OpenVR with code 110
[2018.04.05-14.13.46:900][  0]LogStats: UGameplayTagsManager::ConstructGameplayTagTree: Construct from data asset -  0.000 s
[2018.04.05-14.13.46:900][  0]LogStats: UGameplayTagsManager::ConstructGameplayTagTree: GameplayTagTreeChangedEvent.Broadcast -  0.000 s
[2018.04.05-14.13.46:990][  0]LogAIModule: Creating AISystem for world Untitled
[2018.04.05-14.13.46:999][  0]LogInit: XAudio2 using 'Наушники гарнитуры (Razer ManO'War 7.1)' : 2 channels at 48 kHz using 16 bits per sample (channel mask 0x3)
[2018.04.05-14.13.47:023][  0]LogInit: FAudioDevice initialized.
[2018.04.05-14.13.47:055][  0]LogDerivedDataCache: Saved boot cache 0.03s 90MB C:/Users/micha/AppData/Local/UnrealEngine/4.16/DerivedDataCache/Boot.ddc.
[2018.04.05-14.13.47:062][  0]LogInit: Texture streaming: Enabled
[2018.04.05-14.13.47:131][  0]LogEngineSessionManager: EngineSessionManager initialized
[2018.04.05-14.13.47:282][  0]LogInit: Transaction tracking system initialized
[2018.04.05-14.13.47:502][  0]BlueprintLog: New page: Editor Load
[2018.04.05-14.13.48:175][  0]LocalizationService: Info Localization service is disabled
[2018.04.05-14.13.48:651][  0]LogConsoleResponse:Display: 
[2018.04.05-14.13.48:752][  0]LogCook:Display: Max memory allowance for cook 16384mb min free memory 0mb
[2018.04.05-14.13.48:752][  0]LogCook:Display: Mobile HDR setting 1
[2018.04.05-14.13.49:452][  0]LogFileCache: Scanning file cache for directory 'C:/Users/micha/OneDrive/Документы/Unreal Projects/TestMechanic/TestMechanic/Mechanic1/Content/' took 0.01s
[2018.04.05-14.13.49:452][  0]SourceControl: Info Source control is disabled
[2018.04.05-14.13.49:452][  0]LightingResults: New page: Lighting Build
[2018.04.05-14.13.49:481][  0]MapCheck: New page: Map Check
[2018.04.05-14.13.49:481][  0]LightingResults: New page: Lighting Build
[2018.04.05-14.13.49:836][  0]LogAIModule: Creating AISystem for world Minimal_Default
[2018.04.05-14.13.49:843][  0]LogEditorServer: Finished looking for orphan Actors (0.000 secs)
[2018.04.05-14.13.49:853][  0]Cmd: MAP CHECKDEP NOCLEARLOG
[2018.04.05-14.13.49:889][  0]MapCheck: Info Map check complete: 0 Error(s), 0 Warning(s), took 35.849ms to complete.
[2018.04.05-14.13.49:889][  0]LogFileHelpers: Loading map 'Minimal_Default' took 0.437
[2018.04.05-14.13.49:941][  0]LogWindowsTextInputMethodSystem:Display: IME system now deactivated.
[2018.04.05-14.13.49:995][  0]LogCollectionManager: Loaded 0 collections in 0.000919 seconds
[2018.04.05-14.13.50:060][  0]LogFileCache: Scanning file cache for directory 'C:/Users/micha/OneDrive/Документы/Unreal Projects/TestMechanic/TestMechanic/Mechanic1/Saved/Collections/' took 0.01s
[2018.04.05-14.13.50:060][  0]LogFileCache: Scanning file cache for directory 'C:/Users/micha/OneDrive/Документы/Unreal Projects/TestMechanic/TestMechanic/Mechanic1/Content/Developers/micha/Collections/' took 0.01s
[2018.04.05-14.13.50:060][  0]LogFileCache: Scanning file cache for directory 'C:/Users/micha/OneDrive/Документы/Unreal Projects/TestMechanic/TestMechanic/Mechanic1/Content/Collections/' took 0.01s
[2018.04.05-14.13.50:060][  0]LogCollectionManager: Rebuilt the GUID cache for 0 collections in 0.000001 seconds
[2018.04.05-14.13.50:067][  0]LogContentBrowser: Native class hierarchy populated in 0.0064 seconds. Added 2329 classes and 491 folders.
[2018.04.05-14.13.50:113][  0]LogContentBrowser: Native class hierarchy updated for 'WidgetCarousel' in 0.0004 seconds. Added 0 classes and 0 folders.
[2018.04.05-14.13.50:135][  0]LogContentBrowser: Native class hierarchy updated for 'AddContentDialog' in 0.0004 seconds. Added 0 classes and 0 folders.
[2018.04.05-14.13.50:165][  0]LogContentBrowser: Native class hierarchy updated for 'SceneOutliner' in 0.0004 seconds. Added 1 classes and 2 folders.
[2018.04.05-14.13.50:223][  0]LogCrashTracker: Crashtracker disabled due to settings.
[2018.04.05-14.13.50:227][  0]LogSlate: Took 0.000155 seconds to synchronously load lazily loaded font '../../../Engine/Content/Slate/Fonts/Roboto-Regular.ttf' (155K)
[2018.04.05-14.13.50:228][  0]LogSlate: Took 0.000171 seconds to synchronously load lazily loaded font '../../../Engine/Content/Slate/Fonts/Roboto-Bold.ttf' (160K)
[2018.04.05-14.13.50:231][  0]LogSlate: Took 0.000160 seconds to synchronously load lazily loaded font '../../../Engine/Content/Editor/Slate/Fonts/FontAwesome.ttf' (139K)
[2018.04.05-14.13.50:293][  0]LogRenderer: Reallocating scene render targets to support 1224x600 NumSamples 1 (Frame:1).
[2018.04.05-14.13.50:376][  0]LogUObjectGlobals:Warning: Failed to find object 'Class None.'
[2018.04.05-14.13.50:436][  0]LogContentBrowser: Native class hierarchy updated for 'HierarchicalLODOutliner' in 0.0004 seconds. Added 1 classes and 2 folders.
[2018.04.05-14.13.50:436][  0]LogLoad: (Engine Initialization) Total time: 11.93 seconds
[2018.04.05-14.13.50:436][  0]LogLoad: (Engine Initialization) Total Blueprint compile time: 0.12 seconds
[2018.04.05-14.13.50:436][  0]LogExternalProfiler: No external profilers were discovered.  External profiling features will not be available.
[2018.04.05-14.13.50:446][  0]LogOcInput: OculusInput pre-init called
[2018.04.05-14.13.50:446][  0]LogHMD: Starting GearVRController plugin
[2018.04.05-14.13.50:458][  0]LogAssetRegistry: Asset discovery search completed in 7.0475 seconds
[2018.04.05-14.13.50:459][  0]LogCollectionManager: Rebuilt the object cache for 0 collections in 0.000000 seconds (found 0 objects)
[2018.04.05-14.13.50:459][  0]LogCollectionManager: Fixed up redirectors for 0 collections in 0.000018 seconds (updated 0 objects)
[2018.04.05-14.13.50:461][  0]LogContentStreaming: Texture pool size now 3000 MB
[2018.04.05-14.13.50:501][  0]LogSlate: Took 0.000109 seconds to synchronously load lazily loaded font '../../../Engine/Content/Slate/Fonts/Roboto-Light.ttf' (159K)
[2018.04.05-14.13.58:973][  9]LogLinker:Warning: Can't find file '/Game/FirstPerson/Animations/FirstPerson_Idle'
[2018.04.05-14.13.58:973][  9]LogLinker:Warning: Can't find file for asset '/Game/FirstPerson/Animations/FirstPerson_Idle' while loading ../../../../../../Users/micha/OneDrive/Документы/Unreal Projects/TestMechanic/TestMechanic/Mechanic1/Content/FPCTest/AnimationsFP/FirstPerson_AnimBP.uasset.
[2018.04.05-14.13.58:973][  9]LoadErrors:Error: Error /Game/FPCTest/AnimationsFP/FirstPerson_AnimBP : Can't find file for asset. /Game/FirstPerson/Animations/FirstPerson_Idle
[2018.04.05-14.13.58:973][  9]LogLinker:Warning: Can't find file '/Game/FirstPerson/Animations/FirstPerson_JumpEnd'
[2018.04.05-14.13.58:973][  9]LogLinker:Warning: Can't find file for asset '/Game/FirstPerson/Animations/FirstPerson_JumpEnd' while loading ../../../../../../Users/micha/OneDrive/Документы/Unreal Projects/TestMechanic/TestMechanic/Mechanic1/Content/FPCTest/AnimationsFP/FirstPerson_AnimBP.uasset.
[2018.04.05-14.13.58:973][  9]LoadErrors:Error: Error /Game/FPCTest/AnimationsFP/FirstPerson_AnimBP : Can't find file for asset. /Game/FirstPerson/Animations/FirstPerson_JumpEnd
[2018.04.05-14.13.58:973][  9]LogLinker:Warning: Can't find file '/Game/FirstPerson/Animations/FirstPerson_JumpLoop'
[2018.04.05-14.13.58:974][  9]LogLinker:Warning: Can't find file for asset '/Game/FirstPerson/Animations/FirstPerson_JumpLoop' while loading ../../../../../../Users/micha/OneDrive/Документы/Unreal Projects/TestMechanic/TestMechanic/Mechanic1/Content/FPCTest/AnimationsFP/FirstPerson_AnimBP.uasset.
[2018.04.05-14.13.58:974][  9]LoadErrors:Error: Error /Game/FPCTest/AnimationsFP/FirstPerson_AnimBP : Can't find file for asset. /Game/FirstPerson/Animations/FirstPerson_JumpLoop
[2018.04.05-14.13.58:974][  9]LogLinker:Warning: Can't find file '/Game/FirstPerson/Animations/FirstPerson_JumpStart'
[2018.04.05-14.13.58:974][  9]LogLinker:Warning: Can't find file for asset '/Game/FirstPerson/Animations/FirstPerson_JumpStart' while loading ../../../../../../Users/micha/OneDrive/Документы/Unreal Projects/TestMechanic/TestMechanic/Mechanic1/Content/FPCTest/AnimationsFP/FirstPerson_AnimBP.uasset.
[2018.04.05-14.13.58:974][  9]LoadErrors:Error: Error /Game/FPCTest/AnimationsFP/FirstPerson_AnimBP : Can't find file for asset. /Game/FirstPerson/Animations/FirstPerson_JumpStart
[2018.04.05-14.13.58:974][  9]LogLinker:Warning: Can't find file '/Game/FirstPerson/Animations/FirstPerson_Run'
[2018.04.05-14.13.58:974][  9]LogLinker:Warning: Can't find file for asset '/Game/FirstPerson/Animations/FirstPerson_Run' while loading ../../../../../../Users/micha/OneDrive/Документы/Unreal Projects/TestMechanic/TestMechanic/Mechanic1/Content/FPCTest/AnimationsFP/FirstPerson_AnimBP.uasset.
[2018.04.05-14.13.58:974][  9]LoadErrors:Error: Error /Game/FPCTest/AnimationsFP/FirstPerson_AnimBP : Can't find file for asset. /Game/FirstPerson/Animations/FirstPerson_Run
[2018.04.05-14.13.58:975][  9]LogLinker:Warning: Can't find file '/Game/FirstPerson/Animations/FirstPerson_Idle'
[2018.04.05-14.13.58:975][  9]LogLinker:Warning: Can't find file for asset '/Game/FirstPerson/Animations/FirstPerson_Idle' while loading ../../../../../../Users/micha/OneDrive/Документы/Unreal Projects/TestMechanic/TestMechanic/Mechanic1/Content/FPCTest/AnimationsFP/FirstPerson_AnimBP.uasset.
[2018.04.05-14.13.58:975][  9]LogLinker:Warning: Can't find file '/Game/FirstPerson/Animations/FirstPerson_JumpEnd'
[2018.04.05-14.13.58:975][  9]LogLinker:Warning: Can't find file for asset '/Game/FirstPerson/Animations/FirstPerson_JumpEnd' while loading ../../../../../../Users/micha/OneDrive/Документы/Unreal Projects/TestMechanic/TestMechanic/Mechanic1/Content/FPCTest/AnimationsFP/FirstPerson_AnimBP.uasset.
[2018.04.05-14.13.58:975][  9]LogLinker:Warning: Can't find file '/Game/FirstPerson/Animations/FirstPerson_JumpLoop'
[2018.04.05-14.13.58:975][  9]LogLinker:Warning: Can't find file for asset '/Game/FirstPerson/Animations/FirstPerson_JumpLoop' while loading ../../../../../../Users/micha/OneDrive/Документы/Unreal Projects/TestMechanic/TestMechanic/Mechanic1/Content/FPCTest/AnimationsFP/FirstPerson_AnimBP.uasset.
[2018.04.05-14.13.58:975][  9]LogLinker:Warning: Can't find file '/Game/FirstPerson/Animations/FirstPerson_JumpStart'
[2018.04.05-14.13.58:975][  9]LogLinker:Warning: Can't find file for asset '/Game/FirstPerson/Animations/FirstPerson_JumpStart' while loading ../../../../../../Users/micha/OneDrive/Документы/Unreal Projects/TestMechanic/TestMechanic/Mechanic1/Content/FPCTest/AnimationsFP/FirstPerson_AnimBP.uasset.
[2018.04.05-14.13.58:975][  9]LogLinker:Warning: Can't find file '/Game/FirstPerson/Animations/FirstPerson_Run'
[2018.04.05-14.13.58:976][  9]LogLinker:Warning: Can't find file for asset '/Game/FirstPerson/Animations/FirstPerson_Run' while loading ../../../../../../Users/micha/OneDrive/Документы/Unreal Projects/TestMechanic/TestMechanic/Mechanic1/Content/FPCTest/AnimationsFP/FirstPerson_AnimBP.uasset.
[2018.04.05-14.13.58:976][  9]LogLinker:Warning: Can't find file '/Game/FirstPerson/Character/Mesh/SK_Mannequin_Arms_Skeleton'
[2018.04.05-14.13.58:976][  9]LogLinker:Warning: Can't find file for asset '/Game/FirstPerson/Character/Mesh/SK_Mannequin_Arms_Skeleton' while loading ../../../../../../Users/micha/OneDrive/Документы/Unreal Projects/TestMechanic/TestMechanic/Mechanic1/Content/FPCTest/AnimationsFP/FirstPerson_AnimBP.uasset.
[2018.04.05-14.13.58:976][  9]LoadErrors:Error: Error /Game/FPCTest/AnimationsFP/FirstPerson_AnimBP : Can't find file for asset. /Game/FirstPerson/Character/Mesh/SK_Mannequin_Arms_Skeleton
[2018.04.05-14.13.58:976][  9]LogLinker:Warning: Can't find file '/Game/FirstPerson/Character/Mesh/SK_Mannequin_Arms_Skeleton'
[2018.04.05-14.13.58:976][  9]LogLinker:Warning: Can't find file for asset '/Game/FirstPerson/Character/Mesh/SK_Mannequin_Arms_Skeleton' while loading ../../../../../../Users/micha/OneDrive/Документы/Unreal Projects/TestMechanic/TestMechanic/Mechanic1/Content/FPCTest/AnimationsFP/FirstPerson_AnimBP.uasset.
[2018.04.05-14.13.58:976][  9]LogLinker:Warning: Can't find file '/Game/FirstPerson/Character/Mesh/SK_Mannequin_Arms_Skeleton'
[2018.04.05-14.13.58:976][  9]LoadErrors: Info Failed to load /Game/FirstPerson/Character/Mesh/SK_Mannequin_Arms_Skeleton.SK_Mannequin_Arms_Skeleton Referenced by FirstPerson_AnimBP_C
[2018.04.05-14.13.58:976][  9]LogLinker:Warning: Can't find file for asset '/Game/FirstPerson/Character/Mesh/SK_Mannequin_Arms_Skeleton' while loading NULL.
[2018.04.05-14.13.58:978][  9]LogLinker:Warning: Can't find file '/Game/FirstPerson/Animations/FirstPerson_Idle'
[2018.04.05-14.13.58:979][  9]LogLinker:Warning: Can't find file for asset '/Game/FirstPerson/Animations/FirstPerson_Idle' while loading NULL.
[2018.04.05-14.13.58:979][  9]LogLinker:Warning: Can't find file '/Game/FirstPerson/Animations/FirstPerson_JumpEnd'
[2018.04.05-14.13.58:979][  9]LogLinker:Warning: Can't find file for asset '/Game/FirstPerson/Animations/FirstPerson_JumpEnd' while loading NULL.
[2018.04.05-14.13.58:979][  9]LogLinker:Warning: Can't find file '/Game/FirstPerson/Animations/FirstPerson_JumpLoop'
[2018.04.05-14.13.58:979][  9]LogLinker:Warning: Can't find file for asset '/Game/FirstPerson/Animations/FirstPerson_JumpLoop' while loading NULL.
[2018.04.05-14.13.58:979][  9]LogLinker:Warning: Can't find file '/Game/FirstPerson/Animations/FirstPerson_JumpStart'
[2018.04.05-14.13.58:979][  9]LogLinker:Warning: Can't find file for asset '/Game/FirstPerson/Animations/FirstPerson_JumpStart' while loading NULL.
[2018.04.05-14.13.58:979][  9]LogLinker:Warning: Can't find file '/Game/FirstPerson/Animations/FirstPerson_Run'
[2018.04.05-14.13.58:979][  9]LogLinker:Warning: Can't find file for asset '/Game/FirstPerson/Animations/FirstPerson_Run' while loading NULL.
[2018.04.05-14.13.58:979][  9]LogLinker:Warning: Can't find file '/Game/FirstPerson/Animations/FirstPerson_Idle'
[2018.04.05-14.13.58:979][  9]LogLinker:Warning: Can't find file for asset '/Game/FirstPerson/Animations/FirstPerson_Idle' while loading NULL.
[2018.04.05-14.13.58:979][  9]LogLinker:Warning: Can't find file '/Game/FirstPerson/Animations/FirstPerson_JumpEnd'
[2018.04.05-14.13.58:979][  9]LogLinker:Warning: Can't find file for asset '/Game/FirstPerson/Animations/FirstPerson_JumpEnd' while loading NULL.
[2018.04.05-14.13.58:979][  9]LogLinker:Warning: Can't find file '/Game/FirstPerson/Animations/FirstPerson_JumpLoop'
[2018.04.05-14.13.58:979][  9]LogLinker:Warning: Can't find file for asset '/Game/FirstPerson/Animations/FirstPerson_JumpLoop' while loading NULL.
[2018.04.05-14.13.58:979][  9]LogLinker:Warning: Can't find file '/Game/FirstPerson/Animations/FirstPerson_JumpStart'
[2018.04.05-14.13.58:979][  9]LogLinker:Warning: Can't find file for asset '/Game/FirstPerson/Animations/FirstPerson_JumpStart' while loading NULL.
[2018.04.05-14.13.58:979][  9]LogLinker:Warning: Can't find file '/Game/FirstPerson/Animations/FirstPerson_Run'
[2018.04.05-14.13.58:979][  9]LogLinker:Warning: Can't find file for asset '/Game/FirstPerson/Animations/FirstPerson_Run' while loading NULL.
[2018.04.05-14.13.58:979][  9]LogLinker:Warning: Can't find file '/Game/FirstPerson/Character/Mesh/SK_Mannequin_Arms_Skeleton'
[2018.04.05-14.13.58:980][  9]LogLinker:Warning: Can't find file for asset '/Game/FirstPerson/Character/Mesh/SK_Mannequin_Arms_Skeleton' while loading NULL.
[2018.04.05-14.13.58:980][  9]LogLinker:Warning: Can't find file '/Game/FirstPerson/Character/Mesh/SK_Mannequin_Arms_Skeleton'
[2018.04.05-14.13.58:980][  9]LogLinker:Warning: Can't find file for asset '/Game/FirstPerson/Character/Mesh/SK_Mannequin_Arms_Skeleton' while loading NULL.
[2018.04.05-14.13.58:980][  9]LogLinker:Warning: Can't find file '/Game/FirstPerson/Animations/FirstPerson_Run'
[2018.04.05-14.13.58:980][  9]LoadErrors: Info Failed to load /Game/FirstPerson/Animations/FirstPerson_Run.FirstPerson_Run Referenced by Default__FirstPerson_AnimBP_C
[2018.04.05-14.13.58:980][  9]LogLinker:Warning: Can't find file for asset '/Game/FirstPerson/Animations/FirstPerson_Run' while loading NULL.
[2018.04.05-14.13.58:980][  9]LogLinker:Warning: Can't find file '/Game/FirstPerson/Animations/FirstPerson_JumpEnd'
[2018.04.05-14.13.58:980][  9]LoadErrors: Info Failed to load /Game/FirstPerson/Animations/FirstPerson_JumpEnd.FirstPerson_JumpEnd Referenced by Default__FirstPerson_AnimBP_C
[2018.04.05-14.13.58:980][  9]LogLinker:Warning: Can't find file for asset '/Game/FirstPerson/Animations/FirstPerson_JumpEnd' while loading NULL.
[2018.04.05-14.13.58:980][  9]LogLinker:Warning: Can't find file '/Game/FirstPerson/Animations/FirstPerson_JumpLoop'
[2018.04.05-14.13.58:980][  9]LoadErrors: Info Failed to load /Game/FirstPerson/Animations/FirstPerson_JumpLoop.FirstPerson_JumpLoop Referenced by Default__FirstPerson_AnimBP_C
[2018.04.05-14.13.58:980][  9]LogLinker:Warning: Can't find file for asset '/Game/FirstPerson/Animations/FirstPerson_JumpLoop' while loading NULL.
[2018.04.05-14.13.58:980][  9]LogLinker:Warning: Can't find file '/Game/FirstPerson/Animations/FirstPerson_JumpStart'
[2018.04.05-14.13.58:980][  9]LoadErrors: Info Failed to load /Game/FirstPerson/Animations/FirstPerson_JumpStart.FirstPerson_JumpStart Referenced by Default__FirstPerson_AnimBP_C
[2018.04.05-14.13.58:980][  9]LogLinker:Warning: Can't find file for asset '/Game/FirstPerson/Animations/FirstPerson_JumpStart' while loading NULL.
[2018.04.05-14.13.58:980][  9]LogLinker:Warning: Can't find file '/Game/FirstPerson/Animations/FirstPerson_Idle'
[2018.04.05-14.13.58:980][  9]LoadErrors: Info Failed to load /Game/FirstPerson/Animations/FirstPerson_Idle.FirstPerson_Idle Referenced by Default__FirstPerson_AnimBP_C
[2018.04.05-14.13.58:980][  9]LogLinker:Warning: Can't find file for asset '/Game/FirstPerson/Animations/FirstPerson_Idle' while loading NULL.
[2018.04.05-14.13.58:981][  9]LogLinker:Warning: Can't find file '/Game/FirstPerson/Character/Mesh/SK_Mannequin_Arms_Skeleton'
[2018.04.05-14.13.58:981][  9]LoadErrors: Info Failed to load /Game/FirstPerson/Character/Mesh/SK_Mannequin_Arms_Skeleton.SK_Mannequin_Arms_Skeleton Referenced by FirstPerson_AnimBP
[2018.04.05-14.13.58:981][  9]LogLinker:Warning: Can't find file for asset '/Game/FirstPerson/Character/Mesh/SK_Mannequin_Arms_Skeleton' while loading NULL.
[2018.04.05-14.13.58:982][  9]LogLinker:Warning: Can't find file '/Game/FirstPerson/Animations/FirstPerson_Idle'
[2018.04.05-14.13.58:982][  9]LoadErrors: Info Failed to load /Game/FirstPerson/Animations/FirstPerson_Idle.FirstPerson_Idle Referenced by AnimGraphNode_SequencePlayer_340
[2018.04.05-14.13.58:982][  9]LogLinker:Warning: Can't find file for asset '/Game/FirstPerson/Animations/FirstPerson_Idle' while loading NULL.
[2018.04.05-14.13.58:983][  9]LogLinker:Warning: Can't find file '/Game/FirstPerson/Animations/FirstPerson_JumpStart'
[2018.04.05-14.13.58:983][  9]LoadErrors: Info Failed to load /Game/FirstPerson/Animations/FirstPerson_JumpStart.FirstPerson_JumpStart Referenced by AnimGraphNode_SequencePlayer_391
[2018.04.05-14.13.58:983][  9]LogLinker:Warning: Can't find file for asset '/Game/FirstPerson/Animations/FirstPerson_JumpStart' while loading NULL.
[2018.04.05-14.13.58:983][  9]LogLinker:Warning: Can't find file '/Game/FirstPerson/Animations/FirstPerson_JumpLoop'
[2018.04.05-14.13.58:983][  9]LoadErrors: Info Failed to load /Game/FirstPerson/Animations/FirstPerson_JumpLoop.FirstPerson_JumpLoop Referenced by AnimGraphNode_SequencePlayer_418
[2018.04.05-14.13.58:983][  9]LogLinker:Warning: Can't find file for asset '/Game/FirstPerson/Animations/FirstPerson_JumpLoop' while loading NULL.
[2018.04.05-14.13.58:983][  9]LogLinker:Warning: Can't find file '/Game/FirstPerson/Animations/FirstPerson_JumpEnd'
[2018.04.05-14.13.58:983][  9]LoadErrors: Info Failed to load /Game/FirstPerson/Animations/FirstPerson_JumpEnd.FirstPerson_JumpEnd Referenced by AnimGraphNode_SequencePlayer_445
[2018.04.05-14.13.58:984][  9]LogLinker:Warning: Can't find file for asset '/Game/FirstPerson/Animations/FirstPerson_JumpEnd' while loading NULL.
[2018.04.05-14.13.58:984][  9]LogLinker:Warning: Can't find file '/Game/FirstPerson/Animations/FirstPerson_Run'
[2018.04.05-14.13.58:984][  9]LoadErrors: Info Failed to load /Game/FirstPerson/Animations/FirstPerson_Run.FirstPerson_Run Referenced by AnimGraphNode_SequencePlayer_113
[2018.04.05-14.13.58:984][  9]LogLinker:Warning: Can't find file for asset '/Game/FirstPerson/Animations/FirstPerson_Run' while loading NULL.
[2018.04.05-14.13.58:989][  9]LogBlueprint:Error: [Compiler FirstPerson_AnimBP] Error  FirstPerson_AnimBP  - The skeleton asset for this animation Blueprint is missing, so it cannot be compiled!
[2018.04.05-14.13.58:992][  9]LogBlueprint:Warning: [Compiler FirstPerson_AnimBP] Warning [0020.49] Compile of FirstPerson_AnimBP failed. 1 Fatal Issue(s) 0 Warning(s) [in 4 ms] (/Game/FPCTest/AnimationsFP/FirstPerson_AnimBP.FirstPerson_AnimBP)
[2018.04.05-14.13.58:992][  9]LogBlueprint:Warning: [Compiler FirstPerson_AnimBP] Warning [0020.49] Compile of FirstPerson_AnimBP failed. 1 Fatal Issue(s) 1 Warning(s) [in 0 ms] (/Game/FPCTest/AnimationsFP/FirstPerson_AnimBP.FirstPerson_AnimBP)
[2018.04.05-14.13.58:992][  9]LogBlueprint:Warning: [Compiler FirstPerson_AnimBP] Warning [0020.49] Compile of FirstPerson_AnimBP failed. 1 Fatal Issue(s) 2 Warning(s) [in 0 ms] (/Game/FPCTest/AnimationsFP/FirstPerson_AnimBP.FirstPerson_AnimBP)
[2018.04.05-14.13.59:001][  9]LogSlate: Took 0.000095 seconds to synchronously load lazily loaded font '../../../Engine/Content/Slate/Fonts/Roboto-Light.ttf' (159K)
[2018.04.05-14.14.11:719][  9]LogSlate: Took 0.000109 seconds to synchronously load lazily loaded font '../../../Engine/Content/Slate/Fonts/Roboto-Regular.ttf' (155K)
[2018.04.05-14.14.11:748][  9]LogContentBrowser:Verbose: The majority of assets in the view are of type: Skeleton
[2018.04.05-14.14.18:642][824]LogLinker:Warning: Can't find file '/Game/FirstPerson/Character/Mesh/SK_Mannequin_Arms'
[2018.04.05-14.14.18:642][824]LogLinker:Warning: Can't find file '/Game/FirstPerson/Character/Mesh/SK_Mannequin_Arms'
[2018.04.05-14.14.18:642][824]LogUObjectGlobals:Warning: Failed to find object 'SkeletalMesh /Game/FirstPerson/Character/Mesh/SK_Mannequin_Arms.SK_Mannequin_Arms'
[2018.04.05-14.14.30:777][276]LogBlueprint:Error: [Compiler FirstPerson_AnimBP] Error  Play (None)  references an unknown sequence
[2018.04.05-14.14.30:777][276]LogBlueprint:Error: [Compiler FirstPerson_AnimBP] Error  Play (None)  references an unknown sequence
[2018.04.05-14.14.30:778][276]LogBlueprint:Error: [Compiler FirstPerson_AnimBP] Error  Play (None)  references an unknown sequence
[2018.04.05-14.14.30:778][276]LogBlueprint:Error: [Compiler FirstPerson_AnimBP] Error  Play (None)  references an unknown sequence
[2018.04.05-14.14.30:778][276]LogBlueprint:Error: [Compiler FirstPerson_AnimBP] Error  Play (None)  references an unknown sequence
[2018.04.05-14.14.30:778][276]LogBlueprint:Error: [Compiler FirstPerson_AnimBP] Error ICE: Player node  Play (None)  was not processed prior to handling a transition getter  Animation Asset  that used it
[2018.04.05-14.14.30:779][276]LogBlueprint:Error: [Compiler FirstPerson_AnimBP] Error ICE: Player node  Play (None)  was not processed prior to handling a transition getter  Animation Asset  that used it
[2018.04.05-14.14.30:779][276]LogBlueprint:Error: [Compiler FirstPerson_AnimBP] Error Missing allocated node for AnimGraphNode_SequencePlayer_340 while searching for node links - likely due to the node having outstanding errors.
[2018.04.05-14.14.30:779][276]LogBlueprint:Error: [Compiler FirstPerson_AnimBP] Error Missing allocated node for AnimGraphNode_SequencePlayer_391 while searching for node links - likely due to the node having outstanding errors.
[2018.04.05-14.14.30:779][276]LogBlueprint:Error: [Compiler FirstPerson_AnimBP] Error Missing allocated node for AnimGraphNode_SequencePlayer_418 while searching for node links - likely due to the node having outstanding errors.
[2018.04.05-14.14.30:779][276]LogBlueprint:Error: [Compiler FirstPerson_AnimBP] Error Missing allocated node for AnimGraphNode_SequencePlayer_445 while searching for node links - likely due to the node having outstanding errors.
[2018.04.05-14.14.30:779][276]LogBlueprint:Error: [Compiler FirstPerson_AnimBP] Error Missing allocated node for AnimGraphNode_SequencePlayer_113 while searching for node links - likely due to the node having outstanding errors.
[2018.04.05-14.14.30:780][276]LogBlueprint:Error: [Compiler FirstPerson_AnimBP] Error Unexpected node type K2Node_TransitionRuleGetter encountered at  Animation Asset
[2018.04.05-14.14.30:780][276]LogBlueprint:Error: [Compiler FirstPerson_AnimBP] Error Unexpected node type K2Node_TransitionRuleGetter encountered at  Animation Asset
[2018.04.05-14.14.30:780][276]LogBlueprint:Error: [Compiler FirstPerson_AnimBP] Error Unexpected node type K2Node_TransitionRuleGetter encountered at  Animation Asset
[2018.04.05-14.14.30:780][276]LogBlueprint:Error: [Compiler FirstPerson_AnimBP] Error Unexpected node type K2Node_TransitionRuleGetter encountered at  Animation Asset
[2018.04.05-14.14.30:839][276]LogBlueprint:Warning: [Compiler FirstPerson_AnimBP] Warning [0052.33] Compile of FirstPerson_AnimBP failed. 16 Fatal Issue(s) 0 Warning(s) [in 68 ms] (/Game/FPCTest/AnimationsFP/FirstPerson_AnimBP.FirstPerson_AnimBP)
[2018.04.05-14.14.30:839][276]LogBlueprint:Warning: [Compiler FirstPerson_AnimBP] Warning [0052.33] Compile of FirstPerson_AnimBP failed. 16 Fatal Issue(s) 1 Warning(s) [in 0 ms] (/Game/FPCTest/AnimationsFP/FirstPerson_AnimBP.FirstPerson_AnimBP)
[2018.04.05-14.14.30:840][276]LogBlueprint:Warning: [Compiler FirstPerson_AnimBP] Warning [0052.33] Compile of FirstPerson_AnimBP failed. 16 Fatal Issue(s) 2 Warning(s) [in 0 ms] (/Game/FPCTest/AnimationsFP/FirstPerson_AnimBP.FirstPerson_AnimBP)
[2018.04.05-14.14.30:840][276]LogBlueprint:Warning: [Compiler FirstPerson_AnimBP] Warning [0052.33] Compile of FirstPerson_AnimBP failed. 16 Fatal Issue(s) 3 Warning(s) [in 0 ms] (/Game/FPCTest/AnimationsFP/FirstPerson_AnimBP.FirstPerson_AnimBP)
[2018.04.05-14.14.30:840][276]LogBlueprint:Warning: [Compiler FirstPerson_AnimBP] Warning [0052.33] Compile of FirstPerson_AnimBP failed. 16 Fatal Issue(s) 4 Warning(s) [in 0 ms] (/Game/FPCTest/AnimationsFP/FirstPerson_AnimBP.FirstPerson_AnimBP)
[2018.04.05-14.14.30:840][276]LogBlueprint:Warning: [Compiler FirstPerson_AnimBP] Warning [0052.33] Compile of FirstPerson_AnimBP failed. 16 Fatal Issue(s) 5 Warning(s) [in 0 ms] (/Game/FPCTest/AnimationsFP/FirstPerson_AnimBP.FirstPerson_AnimBP)
[2018.04.05-14.14.35:029][770]LogLinker:Warning: Can't find file '/Game/FirstPerson/Character/Mesh/SK_Mannequin_Arms_Skeleton'
[2018.04.05-14.14.35:029][770]LogLinker:Warning: Can't find file for asset '/Game/FirstPerson/Character/Mesh/SK_Mannequin_Arms_Skeleton' while loading ../../../../../../Users/micha/OneDrive/Документы/Unreal Projects/TestMechanic/TestMechanic/Mechanic1/Content/FPCTest/AnimationsFP/FirstPerson_Fire.uasset.
[2018.04.05-14.14.35:029][770]LoadErrors:Error: Error /Game/FPCTest/AnimationsFP/FirstPerson_Fire : Can't find file for asset. /Game/FirstPerson/Character/Mesh/SK_Mannequin_Arms_Skeleton
[2018.04.05-14.14.35:029][770]LogLinker:Warning: Can't find file '/Game/FirstPerson/Character/Mesh/SK_Mannequin_Arms_Skeleton'
[2018.04.05-14.14.35:029][770]LogLinker:Warning: Can't find file for asset '/Game/FirstPerson/Character/Mesh/SK_Mannequin_Arms_Skeleton' while loading ../../../../../../Users/micha/OneDrive/Документы/Unreal Projects/TestMechanic/TestMechanic/Mechanic1/Content/FPCTest/AnimationsFP/FirstPerson_Fire.uasset.
[2018.04.05-14.14.35:030][770]LogLinker:Warning: Can't find file '/Game/FirstPerson/Character/Mesh/SK_Mannequin_Arms_Skeleton'
[2018.04.05-14.14.35:030][770]LoadErrors: Info Failed to load /Game/FirstPerson/Character/Mesh/SK_Mannequin_Arms_Skeleton.SK_Mannequin_Arms_Skeleton Referenced by FirstPerson_Fire
[2018.04.05-14.14.35:030][770]LogLinker:Warning: Can't find file for asset '/Game/FirstPerson/Character/Mesh/SK_Mannequin_Arms_Skeleton' while loading NULL.
[2018.04.05-14.14.37:552][870]LogContentBrowser: Native class hierarchy updated for 'SkeletonEditor' in 0.0004 seconds. Added 1 classes and 2 folders.
[2018.04.05-14.14.37:877][870]LogContentBrowser: Native class hierarchy updated for 'BlueprintGraph' in 0.0006 seconds. Added 112 classes and 0 folders.
[2018.04.05-14.14.38:401][870]LogStats: FPlatformStackWalk::StackWalkAndDump -  0.136 s
[2018.04.05-14.14.38:401][870]LogOutputDevice:Error: === Handled ensure: ===
[2018.04.05-14.14.38:401][870]LogOutputDevice:Error: 
[2018.04.05-14.14.38:401][870]LogOutputDevice:Error: Ensure condition failed: NewObject->IsA(this->GeneratedClass) [File:D:\Build\++UE4+Release-4.16+Compile\Sync\Engine\Source\Runtime\Engine\Private\Blueprint.cpp] [Line: 792]
[2018.04.05-14.14.38:401][870]LogOutputDevice:Error: Type mismatch: Expected FirstPerson_AnimBP_C, Found AnimPreviewInstance
[2018.04.05-14.14.38:401][870]LogOutputDevice:Error: Stack: 
[2018.04.05-14.14.38:401][870]LogOutputDevice:Error: UE4Editor-Core.dll!0x000000007A91E2B6
[2018.04.05-14.14.38:401][870]LogOutputDevice:Error: UE4Editor-Core.dll!0x000000007A6CB8C2
[2018.04.05-14.14.38:401][870]LogOutputDevice:Error: UE4Editor-Core.dll!0x000000007A6E1E86
[2018.04.05-14.14.38:401][870]LogOutputDevice:Error: UE4Editor-Engine.dll!0x000000006F168051
[2018.04.05-14.14.38:401][870]LogOutputDevice:Error: UE4Editor-AnimationBlueprintEditor.dll!0x0000000097E2C8A4
[2018.04.05-14.14.38:401][870]LogOutputDevice:Error: UE4Editor-AnimationBlueprintEditor.dll!0x0000000097E1DCFD
[2018.04.05-14.14.38:401][870]LogOutputDevice:Error: UE4Editor-AssetTools.dll!0x0000000061E92FEF
[2018.04.05-14.14.38:401][870]LogOutputDevice:Error: UE4Editor-UnrealEd.dll!0x000000006E146EB3
[2018.04.05-14.14.38:401][870]LogOutputDevice:Error: UE4Editor-AssetTools.dll!0x0000000061E33465
[2018.04.05-14.14.38:401][870]LogOutputDevice:Error: UE4Editor-ContentBrowser.dll!0x00000000609171A8
[2018.04.05-14.14.38:401][870]LogOutputDevice:Error: UE4Editor-ContentBrowser.dll!0x00000000608C4BE7
[2018.04.05-14.14.38:401][870]LogOutputDevice:Error: UE4Editor-ContentBrowser.dll!0x00000000608CCA07
[2018.04.05-14.14.38:401][870]LogOutputDevice:Error: UE4Editor-ContentBrowser.dll!0x00000000609210D9
[2018.04.05-14.14.38:401][870]LogOutputDevice:Error: UE4Editor-ContentBrowser.dll!0x00000000608C31C1
[2018.04.05-14.14.38:401][870]LogOutputDevice:Error: UE4Editor-ContentBrowser.dll!0x00000000608CB89F
[2018.04.05-14.14.38:401][870]LogOutputDevice:Error: UE4Editor-ContentBrowser.dll!0x00000000608C92A8
[2018.04.05-14.14.38:401][870]LogOutputDevice:Error: UE4Editor-ContentBrowser.dll!0x000000006092D900
[2018.04.05-14.14.38:401][870]LogOutputDevice:Error: UE4Editor-ContentBrowser.dll!0x000000006092133A
[2018.04.05-14.14.38:401][870]LogOutputDevice:Error: UE4Editor-Slate.dll!0x000000007A01A8DE
[2018.04.05-14.14.38:401][870]LogOutputDevice:Error: UE4Editor-Slate.dll!0x0000000079FE90EE
[2018.04.05-14.14.38:401][870]LogOutputDevice:Error: UE4Editor-Slate.dll!0x000000007A08CAA4
[2018.04.05-14.14.38:401][870]LogOutputDevice:Error: UE4Editor-Slate.dll!0x000000007A076595
[2018.04.05-14.14.38:401][870]LogOutputDevice:Error: UE4Editor-Slate.dll!0x000000007A067939
[2018.04.05-14.14.38:401][870]LogOutputDevice:Error: UE4Editor-Core.dll!0x000000007A911709
[2018.04.05-14.14.38:401][870]LogOutputDevice:Error: UE4Editor-Core.dll!0x000000007A8FB7D1
[2018.04.05-14.14.38:401][870]LogOutputDevice:Error: UE4Editor-Core.dll!0x000000007A9133DB
[2018.04.05-14.14.38:401][870]LogOutputDevice:Error: UE4Editor-Core.dll!0x000000007A8F7B22
[2018.04.05-14.14.38:401][870]LogOutputDevice:Error: USER32.dll!0x00000000B8B0B85D
[2018.04.05-14.14.38:401][870]LogOutputDevice:Error: USER32.dll!0x00000000B8B0B1EF
[2018.04.05-14.14.38:401][870]LogOutputDevice:Error: UE4Editor-Core.dll!0x000000007A913CE6
[2018.04.05-14.14.38:401][870]LogOutputDevice:Error: UE4Editor.exe!0x00000000AE44DB44
[2018.04.05-14.14.38:401][870]LogOutputDevice:Error: UE4Editor.exe!0x00000000AE43F0B0
[2018.04.05-14.14.38:401][870]LogOutputDevice:Error: UE4Editor.exe!0x00000000AE43F12A
[2018.04.05-14.14.38:401][870]LogOutputDevice:Error: UE4Editor.exe!0x00000000AE450CF9
[2018.04.05-14.14.38:401][870]LogOutputDevice:Error: UE4Editor.exe!0x00000000AE4525F7
[2018.04.05-14.14.38:401][870]LogOutputDevice:Error: KERNEL32.DLL!0x00000000B8A61FE4
[2018.04.05-14.14.38:401][870]LogOutputDevice:Error: ntdll.dll!0x00000000B956EFC1
[2018.04.05-14.14.38:401][870]LogOutputDevice:Error: 
[2018.04.05-14.14.38:405][870]LogStats:                SubmitErrorReport -  0.000 s
[2018.04.05-14.14.38:637][870]LogStats:                    SendNewReport -  0.232 s
[2018.04.05-14.14.38:637][870]LogStats:             FDebug::EnsureFailed -  0.372 s
[2018.04.05-14.14.38:807][870]LogSlate: Took 0.000443 seconds to synchronously load lazily loaded font '../../../Engine/Content/Editor/Slate/Fonts/Roboto-BoldCondensed.ttf' (158K)
[2018.04.05-14.14.51:806][358]LogRenderer: Reallocating scene render targets to support 1224x888 NumSamples 1 (Frame:1).
[2018.04.05-14.14.57:041][954]LogLinker:Warning: Can't find file '/Game/FirstPerson/Character/Mesh/SK_Mannequin_Arms_Skeleton'
[2018.04.05-14.14.57:041][954]LogLinker:Warning: Can't find file for asset '/Game/FirstPerson/Character/Mesh/SK_Mannequin_Arms_Skeleton' while loading ../../../../../../Users/micha/OneDrive/Документы/Unreal Projects/TestMechanic/TestMechanic/Mechanic1/Content/FPCTest/AnimationsFP/FirstPerson_Idle.uasset.
[2018.04.05-14.14.57:041][954]LoadErrors:Error: Error /Game/FPCTest/AnimationsFP/FirstPerson_Idle : Can't find file for asset. /Game/FirstPerson/Character/Mesh/SK_Mannequin_Arms_Skeleton
[2018.04.05-14.14.57:041][954]LogLinker:Warning: Can't find file '/Game/FirstPerson/Character/Mesh/SK_Mannequin_Arms_Skeleton'
[2018.04.05-14.14.57:041][954]LogLinker:Warning: Can't find file for asset '/Game/FirstPerson/Character/Mesh/SK_Mannequin_Arms_Skeleton' while loading ../../../../../../Users/micha/OneDrive/Документы/Unreal Projects/TestMechanic/TestMechanic/Mechanic1/Content/FPCTest/AnimationsFP/FirstPerson_Idle.uasset.
[2018.04.05-14.14.57:042][954]LogLinker:Warning: Can't find file '/Game/FirstPerson/Character/Mesh/SK_Mannequin_Arms_Skeleton'
[2018.04.05-14.14.57:042][954]LoadErrors: Info Failed to load /Game/FirstPerson/Character/Mesh/SK_Mannequin_Arms_Skeleton.SK_Mannequin_Arms_Skeleton Referenced by FirstPerson_Idle
[2018.04.05-14.14.57:042][954]LogLinker:Warning: Can't find file for asset '/Game/FirstPerson/Character/Mesh/SK_Mannequin_Arms_Skeleton' while loading NULL.
[2018.04.05-14.14.58:266][954]LogContentBrowser:Verbose: The majority of assets in the view are of type: Skeleton
[2018.04.05-14.15.06:866][933]LogContentBrowser:Verbose: The majority of assets in the view are of type: AnimSequence
[2018.04.05-14.15.29:519][535]LogSavePackage: Save=1.79ms
[2018.04.05-14.15.29:519][535]LogSavePackage: Moving '../../../../../../Users/micha/OneDrive/Документы/Unreal Projects/TestMechanic/TestMechanic/Mechanic1/Saved/SK_Mannequin_Arms_SkeletonF5F3C7B748412B117A6318A462FD2A79.tmp' to '../../../../../../Users/micha/OneDrive/Документы/Unreal Projects/TestMechanic/TestMechanic/Mechanic1/Content/FPCTest/AnimationsFP/SK_Mannequin_Arms_Skeleton.uasset'
[2018.04.05-14.15.29:520][535]LogSavePackage:Display: Finished SavePackage ../../../../../../Users/micha/OneDrive/Документы/Unreal Projects/TestMechanic/TestMechanic/Mechanic1/Content/FPCTest/AnimationsFP/SK_Mannequin_Arms_Skeleton.uasset
[2018.04.05-14.15.32:557][855]LogContentBrowser:Verbose: The majority of assets in the view are of type: AnimSequence
[2018.04.05-14.15.40:690][710]LogSlate: Took 0.000116 seconds to synchronously load lazily loaded font '../../../Engine/Content/Slate/Fonts/Roboto-Light.ttf' (159K)
[2018.04.05-14.15.54:245][147]LogLinker:Warning: Can't find file '/Game/FirstPerson/Character/Mesh/SK_Mannequin_Arms_Skeleton'
[2018.04.05-14.15.54:245][147]LogLinker:Warning: Can't find file for asset '/Game/FirstPerson/Character/Mesh/SK_Mannequin_Arms_Skeleton' while loading ../../../../../../Users/micha/OneDrive/Документы/Unreal Projects/TestMechanic/TestMechanic/Mechanic1/Content/FPCTest/AnimationsFP/FirstPerson_Run.uasset.
[2018.04.05-14.15.54:245][147]LoadErrors:Error: Error /Game/FPCTest/AnimationsFP/FirstPerson_Run : Can't find file for asset. /Game/FirstPerson/Character/Mesh/SK_Mannequin_Arms_Skeleton
[2018.04.05-14.15.54:245][147]LogLinker:Warning: Can't find file '/Game/FirstPerson/Character/Mesh/SK_Mannequin_Arms_Skeleton'
[2018.04.05-14.15.54:245][147]LogLinker:Warning: Can't find file for asset '/Game/FirstPerson/Character/Mesh/SK_Mannequin_Arms_Skeleton' while loading ../../../../../../Users/micha/OneDrive/Документы/Unreal Projects/TestMechanic/TestMechanic/Mechanic1/Content/FPCTest/AnimationsFP/FirstPerson_Run.uasset.
[2018.04.05-14.15.54:245][147]LogLinker:Warning: Can't find file '/Game/FirstPerson/Character/Mesh/SK_Mannequin_Arms_Skeleton'
[2018.04.05-14.15.54:245][147]LoadErrors: Info Failed to load /Game/FirstPerson/Character/Mesh/SK_Mannequin_Arms_Skeleton.SK_Mannequin_Arms_Skeleton Referenced by FirstPerson_Run
[2018.04.05-14.15.54:245][147]LogLinker:Warning: Can't find file for asset '/Game/FirstPerson/Character/Mesh/SK_Mannequin_Arms_Skeleton' while loading NULL.
[2018.04.05-14.15.58:844][341]LogContentBrowser:Verbose: The majority of assets in the view are of type: Skeleton
[2018.04.05-14.16.01:135][567]LogContentBrowser:Verbose: The majority of assets in the view are of type: AnimSequence
[2018.04.05-14.16.05:202][977]LogSavePackage: Save=3.78ms
[2018.04.05-14.16.05:202][977]LogSavePackage: Moving '../../../../../../Users/micha/OneDrive/Документы/Unreal Projects/TestMechanic/TestMechanic/Mechanic1/Saved/FirstPerson_Run5F1D289D499A8ADE18EC6BAFF247B76F.tmp' to '../../../../../../Users/micha/OneDrive/Документы/Unreal Projects/TestMechanic/TestMechanic/Mechanic1/Content/FPCTest/AnimationsFP/FirstPerson_Run.uasset'
[2018.04.05-14.16.05:203][977]LogSavePackage:Display: Finished SavePackage ../../../../../../Users/micha/OneDrive/Документы/Unreal Projects/TestMechanic/TestMechanic/Mechanic1/Content/FPCTest/AnimationsFP/FirstPerson_Run.uasset
[2018.04.05-14.16.18:837][411]LogWindowsTextInputMethodSystem:Display: IME system now deactivated.
[2018.04.05-14.16.18:982][412]Cmd: QUIT_EDITOR
[2018.04.05-14.16.18:999][412]LogExit: Preparing to exit.
[2018.04.05-14.16.19:304][412]LogDirectoryWatcher: A directory notification for 'C:/Users/micha/OneDrive/Документы/Unreal Projects/TestMechanic/TestMechanic/Mechanic1/Content/' was aborted.
[2018.04.05-14.16.19:326][412]LogExit: Editor shut down
[2018.04.05-14.16.19:327][412]LogExit: Transaction tracking system shut down
[2018.04.05-14.16.19:386][412]LogObj: Freed 0b from 0 cluster array pools.
[2018.04.05-14.16.19:386][412]LogExit: Object subsystem successfully closed.
[2018.04.05-14.16.19:400][412]LogD3D11RHI: Shutdown
[2018.04.05-14.16.19:400][412]LogD3D11RHI: CleanupD3DDevice
[2018.04.05-14.16.19:466][412]LogD3D11RHI: ~FD3D11DynamicRHI
[2018.04.05-14.16.19:476][412]LogModuleManager: Shutting down and abandoning module AnimationEditor (534)
[2018.04.05-14.16.19:476][412]LogModuleManager: Shutting down and abandoning module BlueprintGraph (532)
[2018.04.05-14.16.19:476][412]LogModuleManager: Shutting down and abandoning module BlueprintProfiler (530)
[2018.04.05-14.16.19:476][412]LogModuleManager: Shutting down and abandoning module SkeletonEditor (528)
[2018.04.05-14.16.19:476][412]LogModuleManager: Shutting down and abandoning module AnimationBlueprintEditor (526)
[2018.04.05-14.16.19:476][412]LogModuleManager: Shutting down and abandoning module HierarchicalLODOutliner (524)
[2018.04.05-14.16.19:476][412]LogModuleManager: Shutting down and abandoning module CrashTracker (522)
[2018.04.05-14.16.19:476][412]LogModuleManager: Shutting down and abandoning module SceneOutliner (520)
[2018.04.05-14.16.19:476][412]LogModuleManager: Shutting down and abandoning module AddContentDialog (518)
[2018.04.05-14.16.19:476][412]LogDirectoryWatcher: A directory notification for 'C:/Program Files/Epic Games/UE_4.16/FeaturePacks/' was aborted.
[2018.04.05-14.16.19:477][412]LogModuleManager: Shutting down and abandoning module WidgetCarousel (517)
[2018.04.05-14.16.19:477][412]LogModuleManager: Shutting down and abandoning module EditorWidgets (514)
[2018.04.05-14.16.19:477][412]LogModuleManager: Shutting down and abandoning module CollectionManager (512)
[2018.04.05-14.16.19:477][412]LogDirectoryWatcher: A directory notification for 'C:/Users/micha/OneDrive/Документы/Unreal Projects/TestMechanic/TestMechanic/Mechanic1/Content/Collections/' was aborted.
[2018.04.05-14.16.19:477][412]LogDirectoryWatcher: A directory notification for 'C:/Users/micha/OneDrive/Документы/Unreal Projects/TestMechanic/TestMechanic/Mechanic1/Content/Developers/micha/Collections/' was aborted.
[2018.04.05-14.16.19:477][412]LogDirectoryWatcher: A directory notification for 'C:/Users/micha/OneDrive/Документы/Unreal Projects/TestMechanic/TestMechanic/Mechanic1/Saved/Collections/' was aborted.
[2018.04.05-14.16.19:477][412]LogModuleManager: Shutting down and abandoning module StatsViewer (510)
[2018.04.05-14.16.19:477][412]LogModuleManager: Shutting down and abandoning module FoliageEdit (508)
[2018.04.05-14.16.19:477][412]LogModuleManager: Shutting down and abandoning module LandscapeEditor (506)
[2018.04.05-14.16.19:477][412]LogModuleManager: Shutting down and abandoning module MeshPaintMode (504)
[2018.04.05-14.16.19:477][412]LogModuleManager: Shutting down and abandoning module SceneDepthPickerMode (502)
[2018.04.05-14.16.19:477][412]LogModuleManager: Shutting down and abandoning module ActorPickerMode (500)
[2018.04.05-14.16.19:477][412]LogModuleManager: Shutting down and abandoning module GeometryMode (498)
[2018.04.05-14.16.19:477][412]LogModuleManager: Shutting down and abandoning module TextureAlignMode (496)
[2018.04.05-14.16.19:477][412]LogModuleManager: Shutting down and abandoning module BspMode (494)
[2018.04.05-14.16.19:477][412]LogModuleManager: Shutting down and abandoning module HardwareSurvey (492)
[2018.04.05-14.16.19:477][412]LogModuleManager: Shutting down and abandoning module SequenceRecorderSections (490)
[2018.04.05-14.16.19:477][412]LogModuleManager: Shutting down and abandoning module AutomationWorker (488)
[2018.04.05-14.16.19:477][412]LogModuleManager: Shutting down and abandoning module MatineeToLevelSequence (486)
[2018.04.05-14.16.19:477][412]LogModuleManager: Shutting down and abandoning module LevelSequenceEditor (484)
[2018.04.05-14.16.19:477][412]LogModuleManager: Shutting down and abandoning module PlacementMode (483)
[2018.04.05-14.16.19:477][412]LogModuleManager: Shutting down and abandoning module WmfMediaFactory (480)
[2018.04.05-14.16.19:477][412]LogModuleManager: Shutting down and abandoning module WmfMediaEditor (478)
[2018.04.05-14.16.19:477][412]LogModuleManager: Shutting down and abandoning module AvfMediaFactory (476)
[2018.04.05-14.16.19:477][412]LogModuleManager: Shutting down and abandoning module AvfMediaEditor (474)
[2018.04.05-14.16.19:477][412]LogModuleManager: Shutting down and abandoning module AndroidMediaFactory (472)
[2018.04.05-14.16.19:477][412]LogModuleManager: Shutting down and abandoning module Media (471)
[2018.04.05-14.16.19:477][412]LogModuleManager: Shutting down and abandoning module AndroidMediaEditor (468)
[2018.04.05-14.16.19:477][412]LogModuleManager: Shutting down and abandoning module CharacterAI (466)
[2018.04.05-14.16.19:477][412]LogModuleManager: Shutting down and abandoning module AudioCapture (464)
[2018.04.05-14.16.19:477][412]LogModuleManager: Shutting down and abandoning module SequenceRecorder (463)
[2018.04.05-14.16.19:477][412]LogModuleManager: Shutting down and abandoning module SmartSnapping (460)
[2018.04.05-14.16.19:477][412]LogModuleManager: Shutting down and abandoning module SessionServices (458)
[2018.04.05-14.16.19:477][412]LogModuleManager: Shutting down and abandoning module ViewportSnapping (456)
[2018.04.05-14.16.19:477][412]LogModuleManager: Shutting down and abandoning module ViewportInteraction (454)
[2018.04.05-14.16.19:477][412]LogModuleManager: Shutting down and abandoning module ClothPainter (452)
[2018.04.05-14.16.19:477][412]LogModuleManager: Shutting down and abandoning module LogVisualizer (450)
[2018.04.05-14.16.19:477][412]LogModuleManager: Shutting down and abandoning module IntroTutorials (448)
[2018.04.05-14.16.19:477][412]LogModuleManager: Shutting down and abandoning module GameProjectGeneration (447)
[2018.04.05-14.16.19:477][412]LogModuleManager: Shutting down and abandoning module EditorLiveStreaming (444)
[2018.04.05-14.16.19:477][412]LogModuleManager: Shutting down and abandoning module IOSPlatformEditor (442)
[2018.04.05-14.16.19:477][412]LogModuleManager: Shutting down and abandoning module HTML5PlatformEditor (440)
[2018.04.05-14.16.19:477][412]LogModuleManager: Shutting down and abandoning module AndroidPlatformEditor (438)
[2018.04.05-14.16.19:477][412]LogModuleManager: Shutting down and abandoning module AndroidDeviceDetection (437)
[2018.04.05-14.16.20:429][412]LogModuleManager: Shutting down and abandoning module IOSRuntimeSettings (434)
[2018.04.05-14.16.20:429][412]LogModuleManager: Shutting down and abandoning module AndroidRuntimeSettings (432)
[2018.04.05-14.16.20:429][412]LogModuleManager: Shutting down and abandoning module InputBindingEditor (430)
[2018.04.05-14.16.20:429][412]LogModuleManager: Shutting down and abandoning module MergeActors (428)
[2018.04.05-14.16.20:429][412]LogModuleManager: Shutting down and abandoning module SizeMap (426)
[2018.04.05-14.16.20:429][412]LogModuleManager: Shutting down and abandoning module TreeMap (424)
[2018.04.05-14.16.20:429][412]LogModuleManager: Shutting down and abandoning module ReferenceViewer (422)
[2018.04.05-14.16.20:429][412]LogModuleManager: Shutting down and abandoning module LocalizationDashboard (420)
[2018.04.05-14.16.20:429][412]LogModuleManager: Shutting down and abandoning module LocalizationService (419)
[2018.04.05-14.16.20:429][412]LogModuleManager: Shutting down and abandoning module HardwareTargeting (416)
[2018.04.05-14.16.20:429][412]LogModuleManager: Shutting down and abandoning module DeviceProfileEditor (414)
[2018.04.05-14.16.20:429][412]LogModuleManager: Shutting down and abandoning module UndoHistory (412)
[2018.04.05-14.16.20:429][412]LogModuleManager: Shutting down and abandoning module UserFeedback (410)
[2018.04.05-14.16.20:429][412]LogModuleManager: Shutting down and abandoning module XmlParser (408)
[2018.04.05-14.16.20:429][412]LogModuleManager: Shutting down and abandoning module Blutility (406)
[2018.04.05-14.16.20:429][412]LogModuleManager: Shutting down and abandoning module ProjectSettingsViewer (404)
[2018.04.05-14.16.20:429][412]LogModuleManager: Shutting down and abandoning module ProjectTargetPlatformEditor (403)
[2018.04.05-14.16.20:429][412]LogModuleManager: Shutting down and abandoning module EditorSettingsViewer (400)
[2018.04.05-14.16.20:429][412]LogModuleManager: Shutting down and abandoning module SettingsEditor (398)
[2018.04.05-14.16.20:429][412]LogModuleManager: Shutting down and abandoning module ProjectLauncher (396)
[2018.04.05-14.16.20:429][412]LogModuleManager: Shutting down and abandoning module SessionFrontend (394)
[2018.04.05-14.16.20:429][412]LogModuleManager: Shutting down and abandoning module ProfilerClient (392)
[2018.04.05-14.16.20:429][412]LogModuleManager: Shutting down and abandoning module DeviceManager (390)
[2018.04.05-14.16.20:429][412]LogModuleManager: Shutting down and abandoning module TargetDeviceServices (389)
[2018.04.05-14.16.20:482][412]LogModuleManager: Shutting down and abandoning module AutomationController (386)
[2018.04.05-14.16.20:482][412]LogModuleManager: Shutting down and abandoning module AutomationWindow (384)
[2018.04.05-14.16.20:482][412]LogModuleManager: Shutting down and abandoning module Layers (382)
[2018.04.05-14.16.20:482][412]LogModuleManager: Shutting down and abandoning module ComponentVisualizers (380)
[2018.04.05-14.16.20:482][412]LogModuleManager: Shutting down and abandoning module DetailCustomizations (378)
[2018.04.05-14.16.20:482][412]LogModuleManager: Shutting down and abandoning module PackagesDialog (376)
[2018.04.05-14.16.20:482][412]LogModuleManager: Shutting down and abandoning module Persona (374)
[2018.04.05-14.16.20:482][412]LogModuleManager: Shutting down and abandoning module AdvancedPreviewScene (373)
[2018.04.05-14.16.20:482][412]LogModuleManager: Shutting down and abandoning module AnimGraph (371)
[2018.04.05-14.16.20:482][412]LogModuleManager: Shutting down and abandoning module Kismet (368)
[2018.04.05-14.16.20:486][412]LogModuleManager: Shutting down and abandoning module ClassViewer (366)
[2018.04.05-14.16.20:486][412]LogModuleManager: Shutting down and abandoning module Toolbox (364)
[2018.04.05-14.16.20:486][412]LogModuleManager: Shutting down and abandoning module ModuleUI (362)
[2018.04.05-14.16.20:486][412]LogModuleManager: Shutting down and abandoning module MovieSceneTools (360)
[2018.04.05-14.16.20:486][412]LogModuleManager: Shutting down and abandoning module OutputLog (358)
[2018.04.05-14.16.20:486][412]LogModuleManager: Shutting down and abandoning module GammaUI (356)
[2018.04.05-14.16.20:486][412]LogModuleManager: Shutting down and abandoning module Documentation (354)
[2018.04.05-14.16.20:486][412]LogModuleManager: Shutting down and abandoning module MovieSceneTracks (352)
[2018.04.05-14.16.20:486][412]LogModuleManager: Shutting down and abandoning module MovieScene (350)
[2018.04.05-14.16.20:487][412]LogModuleManager: Shutting down and abandoning module Niagara (348)
[2018.04.05-14.16.20:487][412]LogModuleManager: Shutting down and abandoning module NiagaraEditor (347)
[2018.04.05-14.16.20:487][412]LogModuleManager: Shutting down and abandoning module StreamingPauseRendering (344)
[2018.04.05-14.16.20:487][412]LogModuleManager: Shutting down and abandoning module AnalyticsET (342)
[2018.04.05-14.16.20:487][412]LogModuleManager: Shutting down and abandoning module PortalServices (340)
[2018.04.05-14.16.20:487][412]LogModuleManager: Shutting down and abandoning module PortalRpc (338)
[2018.04.05-14.16.20:487][412]LogModuleManager: Shutting down and abandoning module MessagingRpc (336)
[2018.04.05-14.16.20:487][412]LogModuleManager: Shutting down and abandoning module AIModule (334)
[2018.04.05-14.16.20:487][412]LogModuleManager: Shutting down and abandoning module GameplayDebugger (333)
[2018.04.05-14.16.20:487][412]LogModuleManager: Shutting down and abandoning module AITestSuite (331)
[2018.04.05-14.16.20:487][412]LogModuleManager: Shutting down and abandoning module ProfilerService (328)
[2018.04.05-14.16.20:682][412]LogModuleManager: Shutting down and abandoning module TaskGraph (326)
[2018.04.05-14.16.20:682][412]LogModuleManager: Shutting down and abandoning module SteamVRController (324)
[2018.04.05-14.16.20:682][412]LogModuleManager: Shutting down and abandoning module SteamVR (322)
[2018.04.05-14.16.20:682][412]LogModuleManager: Shutting down and abandoning module ProceduralMeshComponentEditor (320)
[2018.04.05-14.16.20:682][412]LogModuleManager: Shutting down and abandoning module ProceduralMeshComponent (318)
[2018.04.05-14.16.20:682][412]LogModuleManager: Shutting down and abandoning module OculusLibrary (316)
[2018.04.05-14.16.20:682][412]LogModuleManager: Shutting down and abandoning module OculusInput (314)
[2018.04.05-14.16.20:682][412]LogModuleManager: Shutting down and abandoning module MobilePatchingUtils (312)
[2018.04.05-14.16.20:682][412]LogModuleManager: Shutting down and abandoning module CustomMeshComponent (310)
[2018.04.05-14.16.20:682][412]LogModuleManager: Shutting down and abandoning module CableComponent (308)
[2018.04.05-14.16.20:682][412]LogModuleManager: Shutting down and abandoning module ArchVisCharacter (306)
[2018.04.05-14.16.20:682][412]LogModuleManager: Shutting down and abandoning module AndroidPermission (304)
[2018.04.05-14.16.20:682][412]LogModuleManager: Shutting down and abandoning module MediaPlayerEditor (300)
[2018.04.05-14.16.20:682][412]LogModuleManager: Shutting down and abandoning module HTML5Networking (298)
[2018.04.05-14.16.20:682][412]LogModuleManager: Shutting down and abandoning module AlembicImporter (296)
[2018.04.05-14.16.20:682][412]LogModuleManager: Shutting down and abandoning module AlembicLibrary (295)
[2018.04.05-14.16.20:682][412]LogModuleManager: Shutting down and abandoning module GeometryCache (294)
[2018.04.05-14.16.20:682][412]LogModuleManager: Shutting down and abandoning module GeometryCacheEd (293)
[2018.04.05-14.16.20:682][412]LogModuleManager: Shutting down and abandoning module SuperSearchEditor (288)
[2018.04.05-14.16.20:682][412]LogModuleManager: Shutting down and abandoning module SuperSearch (287)
[2018.04.05-14.16.20:682][412]LogModuleManager: Shutting down and abandoning module SpeedTreeImporter (284)
[2018.04.05-14.16.20:682][412]LogModuleManager: Shutting down and abandoning module PluginBrowser (282)
[2018.04.05-14.16.20:682][412]LogModuleManager: Shutting down and abandoning module MobileLauncherProfileWizard (280)
[2018.04.05-14.16.20:682][412]LogModuleManager: Shutting down and abandoning module VisualStudioSourceCodeAccess (278)
[2018.04.05-14.16.20:682][412]LogModuleManager: Shutting down and abandoning module DesktopPlatform (277)
[2018.04.05-14.16.20:682][412]LogModuleManager: Shutting down and abandoning module UObjectPlugin (274)
[2018.04.05-14.16.20:682][412]LogModuleManager: Shutting down and abandoning module SubversionSourceControl (272)
[2018.04.05-14.16.20:682][412]LogModuleManager: Shutting down and abandoning module PerforceSourceControl (270)
[2018.04.05-14.16.20:683][412]LogModuleManager: Shutting down and abandoning module GitSourceControl (268)
[2018.04.05-14.16.20:683][412]LogModuleManager: Shutting down and abandoning module SourceControl (267)
[2018.04.05-14.16.20:683][412]LogModuleManager: Shutting down and abandoning module LightPropagationVolumeEditor (264)
[2018.04.05-14.16.20:683][412]LogModuleManager: Shutting down and abandoning module PaperTiledImporter (262)
[2018.04.05-14.16.20:683][412]LogModuleManager: Shutting down and abandoning module PaperSpriteSheetImporter (260)
[2018.04.05-14.16.20:683][412]LogModuleManager: Shutting down and abandoning module Paper2DEditor (258)
[2018.04.05-14.16.20:683][412]LogModuleManager: Shutting down and abandoning module MeshPaint (257)
[2018.04.05-14.16.20:683][412]LogModuleManager: Shutting down and abandoning module LevelEditor (255)
[2018.04.05-14.16.20:684][412]LogModuleManager: Shutting down and abandoning module PixelInspectorModule (254)
[2018.04.05-14.16.20:685][412]LogModuleManager: Shutting down and abandoning module MainFrame (252)
[2018.04.05-14.16.20:685][412]LogModuleManager: Shutting down and abandoning module HotReload (251)
[2018.04.05-14.16.20:686][412]LogModuleManager: Shutting down and abandoning module PhysXVehiclesEditor (246)
[2018.04.05-14.16.20:686][412]LogModuleManager: Shutting down and abandoning module PhysXVehicles (244)
[2018.04.05-14.16.20:686][412]LogModuleManager: Shutting down and abandoning module LocationServicesBPLibrary (242)
[2018.04.05-14.16.20:686][412]LogModuleManager: Shutting down and abandoning module ImmediatePhysicsEditor (240)
[2018.04.05-14.16.20:686][412]LogModuleManager: Shutting down and abandoning module ImmediatePhysics (238)
[2018.04.05-14.16.20:686][412]LogModuleManager: Shutting down and abandoning module UdpMessaging (236)
[2018.04.05-14.16.20:786][412]LogModuleManager: Shutting down and abandoning module TcpMessaging (234)
[2018.04.05-14.16.20:887][412]LogModuleManager: Shutting down and abandoning module GameplayTagsEditor (232)
[2018.04.05-14.16.20:887][412]LogModuleManager: Shutting down and abandoning module FacialAnimationEditor (230)
[2018.04.05-14.16.20:887][412]LogModuleManager: Shutting down and abandoning module FacialAnimation (228)
[2018.04.05-14.16.20:887][412]LogModuleManager: Shutting down and abandoning module AssetManagerEditor (226)
[2018.04.05-14.16.20:887][412]LogModuleManager: Shutting down and abandoning module GraphEditor (225)
[2018.04.05-14.16.20:887][412]LogModuleManager: Shutting down and abandoning module ContentBrowser (223)
[2018.04.05-14.16.20:887][412]LogModuleManager: Shutting down and abandoning module LightPropagationVolumeRuntime (220)
[2018.04.05-14.16.20:887][412]LogModuleManager: Shutting down and abandoning module Paper2D (218)
[2018.04.05-14.16.20:887][412]LogModuleManager: Shutting down and abandoning module WindowsMoviePlayer (216)
[2018.04.05-14.16.20:887][412]LogModuleManager: Shutting down and abandoning module WmfMedia (214)
[2018.04.05-14.16.20:889][412]LogModuleManager: Shutting down and abandoning module ClothingSystemEditor (212)
[2018.04.05-14.16.20:889][412]LogModuleManager: Shutting down and abandoning module ClothingSystemRuntime (210)
[2018.04.05-14.16.20:889][412]LogModuleManager: Shutting down and abandoning module MediaAssets (208)
[2018.04.05-14.16.20:889][412]LogModuleManager: Shutting down and abandoning module GameLiveStreaming (206)
[2018.04.05-14.16.20:889][412]LogModuleManager: Shutting down and abandoning module VREditor (204)
[2018.04.05-14.16.20:889][412]LogModuleManager: Shutting down and abandoning module StringTableEditor (202)
[2018.04.05-14.16.20:889][412]LogModuleManager: Shutting down and abandoning module GameplayTasksEditor (200)
[2018.04.05-14.16.20:889][412]LogModuleManager: Shutting down and abandoning module BehaviorTreeEditor (198)
[2018.04.05-14.16.20:889][412]LogModuleManager: Shutting down and abandoning module FunctionalTesting (196)
[2018.04.05-14.16.20:889][412]LogModuleManager: Shutting down and abandoning module CollisionAnalyzer (194)
[2018.04.05-14.16.20:889][412]LogModuleManager: Shutting down and abandoning module UMG (192)
[2018.04.05-14.16.20:889][412]LogModuleManager: Shutting down and abandoning module UMGEditor (191)
[2018.04.05-14.16.20:889][412]LogModuleManager: Shutting down and abandoning module Sequencer (190)
[2018.04.05-14.16.20:889][412]LogModuleManager: Shutting down and abandoning module AssetTools (188)
[2018.04.05-14.16.20:889][412]LogModuleManager: Shutting down and abandoning module MessageLog (187)
[2018.04.05-14.16.20:889][412]LogModuleManager: Shutting down and abandoning module WorkspaceMenuStructure (186)
[2018.04.05-14.16.20:889][412]LogModuleManager: Shutting down and abandoning module SlateReflector (180)
[2018.04.05-14.16.20:889][412]LogModuleManager: Shutting down and abandoning module Slate (178)
[2018.04.05-14.16.20:889][412]LogModuleManager: Shutting down and abandoning module EditorStyle (176)
[2018.04.05-14.16.20:891][412]LogModuleManager: Shutting down and abandoning module SourceCodeAccess (174)
[2018.04.05-14.16.20:891][412]LogModuleManager: Shutting down and abandoning module HeadMountedDisplay (172)
[2018.04.05-14.16.20:891][412]LogModuleManager: Shutting down and abandoning module XAudio2 (170)
[2018.04.05-14.16.20:891][412]LogModuleManager: Shutting down and abandoning module Networking (168)
[2018.04.05-14.16.20:891][412]LogModuleManager: Shutting down and abandoning module Core (164)
[2018.04.05-14.16.20:891][412]LogModuleManager: Shutting down and abandoning module AssetRegistry (162)
[2018.04.05-14.16.21:107][412]LogDirectoryWatcher: A directory notification for '../../../Engine/Content/' was aborted.
[2018.04.05-14.16.21:107][412]LogDirectoryWatcher: A directory notification for '../../../../../../Users/micha/OneDrive/Документы/Unreal Projects/TestMechanic/TestMechanic/Mechanic1/Content/' was aborted.
[2018.04.05-14.16.21:107][412]LogDirectoryWatcher: A directory notification for '../../../Engine/Plugins/2D/Paper2D/Content/' was aborted.
[2018.04.05-14.16.21:107][412]LogDirectoryWatcher: A directory notification for '../../../Engine/Plugins/Runtime/GearVR/Content/' was aborted.
[2018.04.05-14.16.21:109][412]LogModuleManager: Shutting down and abandoning module DirectoryWatcher (161)
[2018.04.05-14.16.21:109][412]LogModuleManager: Shutting down and abandoning module KismetCompiler (158)
[2018.04.05-14.16.21:109][412]LogModuleManager: Shutting down and abandoning module LevelSequence (156)
[2018.04.05-14.16.21:109][412]LogModuleManager: Shutting down and abandoning module PhysXFormats (154)
[2018.04.05-14.16.21:109][412]LogModuleManager: Shutting down and abandoning module MeshUtilities (152)
[2018.04.05-14.16.21:109][412]LogModuleManager: Shutting down and abandoning module SimplygonSwarm (151)
[2018.04.05-14.16.21:109][412]LogModuleManager: Shutting down and abandoning module SimplygonMeshReduction (149)
[2018.04.05-14.16.21:109][412]LogModuleManager: Shutting down and abandoning module QuadricMeshReduction (147)
[2018.04.05-14.16.21:109][412]LogModuleManager: Shutting down and abandoning module DerivedDataCache (144)
[2018.04.05-14.16.21:155][412]LogDerivedDataCache: Shutdown
[2018.04.05-14.16.21:155][412]LogModuleManager: Shutting down and abandoning module TargetPlatform (142)
[2018.04.05-14.16.21:155][412]LogModuleManager: Shutting down and abandoning module VulkanShaderFormat (141)
[2018.04.05-14.16.21:155][412]LogModuleManager: Shutting down and abandoning module ShaderFormatVectorVM (139)
[2018.04.05-14.16.21:155][412]LogModuleManager: Shutting down and abandoning module ShaderFormatOpenGL (137)
[2018.04.05-14.16.21:155][412]LogModuleManager: Shutting down and abandoning module ShaderFormatD3D (135)
[2018.04.05-14.16.21:155][412]LogModuleManager: Shutting down and abandoning module MetalShaderFormat (133)
[2018.04.05-14.16.21:155][412]LogModuleManager: Shutting down and abandoning module TextureFormatUncompressed (131)
[2018.04.05-14.16.21:155][412]LogModuleManager: Shutting down and abandoning module TextureFormatPVR (129)
[2018.04.05-14.16.21:155][412]LogModuleManager: Shutting down and abandoning module TextureFormatDXT (127)
[2018.04.05-14.16.21:155][412]LogModuleManager: Shutting down and abandoning module TextureFormatIntelISPCTexComp (125)
[2018.04.05-14.16.21:155][412]LogModuleManager: Shutting down and abandoning module TextureFormatASTC (123)
[2018.04.05-14.16.21:155][412]LogModuleManager: Shutting down and abandoning module ImageWrapper (122)
[2018.04.05-14.16.21:155][412]LogModuleManager: Shutting down and abandoning module TextureFormatAndroid (119)
[2018.04.05-14.16.21:155][412]LogModuleManager: Shutting down and abandoning module AudioFormatOpus (117)
[2018.04.05-14.16.21:155][412]LogModuleManager: Shutting down and abandoning module AudioFormatOgg (115)
[2018.04.05-14.16.21:155][412]LogModuleManager: Shutting down and abandoning module AudioFormatADPCM (113)
[2018.04.05-14.16.21:155][412]LogModuleManager: Shutting down and abandoning module LinuxTargetPlatform (111)
[2018.04.05-14.16.21:155][412]LogModuleManager: Shutting down and abandoning module LinuxServerTargetPlatform (109)
[2018.04.05-14.16.21:155][412]LogModuleManager: Shutting down and abandoning module LinuxNoEditorTargetPlatform (107)
[2018.04.05-14.16.21:155][412]LogModuleManager: Shutting down and abandoning module LinuxClientTargetPlatform (105)
[2018.04.05-14.16.21:155][412]LogModuleManager: Shutting down and abandoning module TVOSTargetPlatform (103)
[2018.04.05-14.16.21:155][412]LogModuleManager: Shutting down and abandoning module Messaging (101)
[2018.04.05-14.16.21:155][412]LogModuleManager: Shutting down and abandoning module IOSTargetPlatform (99)
[2018.04.05-14.16.21:155][412]LogModuleManager: Shutting down and abandoning module HTML5TargetPlatform (97)
[2018.04.05-14.16.21:155][412]LogModuleManager: Shutting down and abandoning module Android_PVRTCTargetPlatform (95)
[2018.04.05-14.16.21:155][412]LogModuleManager: Shutting down and abandoning module Android_MultiTargetPlatform (93)
[2018.04.05-14.16.21:155][412]LogModuleManager: Shutting down and abandoning module Android_ETC2TargetPlatform (91)
[2018.04.05-14.16.21:155][412]LogModuleManager: Shutting down and abandoning module Android_ETC1TargetPlatform (89)
[2018.04.05-14.16.21:155][412]LogModuleManager: Shutting down and abandoning module Android_DXTTargetPlatform (87)
[2018.04.05-14.16.21:155][412]LogModuleManager: Shutting down and abandoning module Android_ATCTargetPlatform (85)
[2018.04.05-14.16.21:155][412]LogModuleManager: Shutting down and abandoning module Android_ASTCTargetPlatform (83)
[2018.04.05-14.16.21:155][412]LogModuleManager: Shutting down and abandoning module AndroidTargetPlatform (81)
[2018.04.05-14.16.21:155][412]LogModuleManager: Shutting down and abandoning module WindowsTargetPlatform (79)
[2018.04.05-14.16.21:155][412]LogModuleManager: Shutting down and abandoning module WindowsServerTargetPlatform (77)
[2018.04.05-14.16.21:155][412]LogModuleManager: Shutting down and abandoning module WindowsNoEditorTargetPlatform (75)
[2018.04.05-14.16.21:155][412]LogModuleManager: Shutting down and abandoning module WindowsClientTargetPlatform (73)
[2018.04.05-14.16.21:155][412]LogModuleManager: Shutting down and abandoning module MacTargetPlatform (71)
[2018.04.05-14.16.21:155][412]LogModuleManager: Shutting down and abandoning module MacServerTargetPlatform (69)
[2018.04.05-14.16.21:155][412]LogModuleManager: Shutting down and abandoning module MacNoEditorTargetPlatform (67)
[2018.04.05-14.16.21:155][412]LogModuleManager: Shutting down and abandoning module MacClientTargetPlatform (65)
[2018.04.05-14.16.21:155][412]LogModuleManager: Shutting down and abandoning module AllDesktopTargetPlatform (63)
[2018.04.05-14.16.21:155][412]LogModuleManager: Shutting down and abandoning module InputCore (60)
[2018.04.05-14.16.21:155][412]LogModuleManager: Shutting down and abandoning module Settings (58)
[2018.04.05-14.16.21:155][412]LogModuleManager: Shutting down and abandoning module OculusRift (56)
[2018.04.05-14.16.21:155][412]LogModuleManager: Shutting down and abandoning module GearVRController (54)
[2018.04.05-14.16.21:155][412]LogModuleManager: Shutting down and abandoning module GearVR (52)
[2018.04.05-14.16.21:155][412]LogModuleManager: Shutting down and abandoning module ExampleDeviceProfileSelector (50)
[2018.04.05-14.16.21:155][412]LogModuleManager: Shutting down and abandoning module OnlineBlueprintSupport (48)
[2018.04.05-14.16.21:155][412]LogModuleManager: Shutting down and abandoning module OnlineSubsystem (44)
[2018.04.05-14.16.21:155][412]LogOnline:Display: Unloading online subsystem: NULL
[2018.04.05-14.16.21:155][412]LogModuleManager: Shutting down and abandoning module XMPP (43)
[2018.04.05-14.16.21:155][412]LogModuleManager: Shutting down and abandoning module HTTP (41)
[2018.04.05-14.16.21:155][412]LogHttp:Display: Http module shutting down, but needs to wait on 1 outstanding Http requests:
[2018.04.05-14.16.21:155][412]LogHttp:Display: 	verb=[POST] url=[https://datarouter.ol.epicgames.com/datarouter/api/v1/public/data?SessionID=%7B7C7792AD-4CB5-CB14-1BA5-B689566AC1BA%7D&AppID=UEEditor.Rocket.Release&AppVersion=4.16.3-3561208%2B%2B%2BUE4%2BRelease-4.16&UserID=a7532cba4a9af0b7ac1c69ac8e606cf3%7Cf6a1f727b7fd4e02865f71c4c266e34e%7Ce2c0c2f3-cf92-47a7-99bb-8eb0f34f19aa&AppEnvironment=datacollector-binary&UploadType=eteventstream] status=Processing
[2018.04.05-14.16.21:179][412]LogModuleManager: Shutting down and abandoning module SSL (40)
[2018.04.05-14.16.21:180][412]LogModuleManager: Shutting down and abandoning module HTTPChunkInstaller (36)
[2018.04.05-14.16.21:180][412]LogModuleManager: Shutting down and abandoning module AnimationModifiers (34)
[2018.04.05-14.16.21:180][412]LogModuleManager: Shutting down and abandoning module PropertyEditor (33)
[2018.04.05-14.16.21:180][412]LogModuleManager: Shutting down and abandoning module AudioEditor (30)
[2018.04.05-14.16.21:180][412]LogModuleManager: Shutting down and abandoning module TextureCompressor (28)
[2018.04.05-14.16.21:180][412]LogModuleManager: Shutting down and abandoning module ShaderCore (26)
[2018.04.05-14.16.21:180][412]LogModuleManager: Shutting down and abandoning module Landscape (24)
[2018.04.05-14.16.21:180][412]LogModuleManager: Shutting down and abandoning module SlateRHIRenderer (22)
[2018.04.05-14.16.21:181][412]LogModuleManager: Shutting down and abandoning module OpenGLDrv (20)
[2018.04.05-14.16.21:181][412]LogModuleManager: Shutting down and abandoning module D3D11RHI (18)
[2018.04.05-14.16.21:181][412]LogModuleManager: Shutting down and abandoning module AnimGraphRuntime (16)
[2018.04.05-14.16.21:181][412]LogModuleManager: Shutting down and abandoning module Renderer (14)
[2018.04.05-14.16.21:181][412]LogModuleManager: Shutting down and abandoning module Engine (12)
[2018.04.05-14.16.21:181][412]LogModuleManager: Shutting down and abandoning module CoreUObject (10)
[2018.04.05-14.16.21:181][412]LogModuleManager: Shutting down and abandoning module NetworkFile (8)
[2018.04.05-14.16.21:181][412]LogModuleManager: Shutting down and abandoning module StreamingFile (6)
[2018.04.05-14.16.21:181][412]LogModuleManager: Shutting down and abandoning module SandboxFile (4)
[2018.04.05-14.16.21:181][412]LogModuleManager: Shutting down and abandoning module PakFile (2)
[2018.04.05-14.16.21:182][412]LogExit: Exiting.
[2018.04.05-14.16.21:193][412]Log file closed, 04/05/18 16:16:21
