Log file open, 04/11/18 21:31:59
LogInit:Display: Running engine for game: Mechanic1
LogPlatformFile: Not using cached read wrapper
LogInit:Display: RandInit(-1643030346) SRandInit(-1643030346).
LogTaskGraph: Started task graph with 5 named threads and 8 total threads with 1 sets of task threads.
LogStats: Stats thread started at 0.077687
LogInit: Using libcurl 7.47.1
LogInit:  - built for x86_64-pc-win32
LogInit:  - supports SSL with OpenSSL/1.0.2g
LogInit:  - supports HTTP deflate (compression) using libz 1.2.8
LogInit:  - other features:
LogInit:      CURL_VERSION_SSL
LogInit:      CURL_VERSION_LIBZ
LogInit:      CURL_VERSION_IPV6
LogInit:      CURL_VERSION_ASYNCHDNS
LogInit:      CURL_VERSION_LARGEFILE
LogInit:      CURL_VERSION_IDN
LogInit:  CurlRequestOptions (configurable via config and command line):
LogInit:  - bVerifyPeer = false  - Libcurl will NOT verify peer certificate
LogInit:  - bUseHttpProxy = false  - Libcurl will NOT use HTTP proxy
LogInit:  - bDontReuseConnections = false  - Libcurl will reuse connections
LogInit:  - CertBundlePath = nullptr  - Libcurl will use whatever was configured at build time.
LogInit: Build: ++UE4+Release-4.16-CL-3561208
LogInit: Engine Version: 4.16.3-3561208+++UE4+Release-4.16
LogInit: Compatible Engine Version: 4.16.0-3452394+++UE4+Release-4.16
LogInit: Net CL: 3452394
LogDevObjectVersion: Number of dev versions registered: 16
LogDevObjectVersion:   Dev-Blueprints (B0D832E4-1F89-4F0D-ACCF-7EB736FD4AA2): 9
LogDevObjectVersion:   Dev-Build (E1C64328-A22C-4D53-A36C-8E866417BD8C): 0
LogDevObjectVersion:   Dev-Core (375EC13C-06E4-48FB-B500-84F0262A717E): 2
LogDevObjectVersion:   Dev-Editor (E4B068ED-F494-42E9-A231-DA0B2E46BB41): 17
LogDevObjectVersion:   Dev-Framework (CFFC743F-43B0-4480-9391-14DF171D2073): 23
LogDevObjectVersion:   Dev-Mobile (B02B49B5-BB20-44E9-A304-32B752E40360): 0
LogDevObjectVersion:   Dev-Networking (A4E4105C-59A1-49B5-A7C5-40C4547EDFEE): 0
LogDevObjectVersion:   Dev-Online (39C831C9-5AE6-47DC-9A44-9C173E1C8E7C): 0
LogDevObjectVersion:   Dev-Physics (78F01B33-EBEA-4F98-B9B4-84EACCB95AA2): 0
LogDevObjectVersion:   Dev-Platform (6631380F-2D4D-43E0-8009-CF276956A95A): 0
LogDevObjectVersion:   Dev-Rendering (12F88B9F-8875-4AFC-A67C-D90C383ABD29): 15
LogDevObjectVersion:   Dev-Sequencer (7B5AE74C-D270-4C10-A958-57980B212A5A): 4
LogDevObjectVersion:   Dev-VR (D7296918-1DD6-4BDD-9DE2-64A83CC13884): 0
LogDevObjectVersion:   Dev-LoadTimes (C2A15278-BFE7-4AFE-6C17-90FF531DF755): 1
LogDevObjectVersion:   Private-Geometry (6EACA3D4-40EC-4CC1-B786-8BED09428FC5): 1
LogDevObjectVersion:   Dev-AnimPhys (29E575DD-E0A3-4627-9D10-D276232CDCEA): 3
LogInit: Compiled (64-bit): Jul 28 2017 11:49:47
LogInit: Compiled with Visual C++: 19.00.24215.01
LogInit: Build Configuration: Development
LogInit: Branch Name: ++UE4+Release-4.16
LogInit: Command line:  
LogInit: Base directory: C:/Program Files/Epic Games/UE_4.16/Engine/Binaries/Win64/
LogInit: Installed Engine Build: 1
LogInit: Presizing for max 8388607 objects, including 0 objects not considered by GC, pre-allocating 0 bytes for permanent pool.
LogInit: Object subsystem initialized
[2018.04.11-19.32.00:223][  0]LogInit: Selected Device Profile: [Windows]
[2018.04.11-19.32.00:223][  0]LogInit: Applying CVar settings loaded from the selected device profile: [Windows]
[2018.04.11-19.32.00:229][  0]LogInit: Computer: DESKTOP-CUV1LHF
[2018.04.11-19.32.00:229][  0]LogInit: User: micha
[2018.04.11-19.32.00:229][  0]LogInit: CPU Page size=4096, Cores=4
[2018.04.11-19.32.00:229][  0]LogInit: High frequency timer resolution =4.101563 MHz
[2018.04.11-19.32.00:229][  0]LogMemory: Memory total: Physical=15.9GB (16GB approx)
[2018.04.11-19.32.00:229][  0]LogMemory: Platform Memory Stats for Windows
[2018.04.11-19.32.00:229][  0]LogMemory: Process Physical Memory: 275.54 MB used, 275.54 MB peak
[2018.04.11-19.32.00:229][  0]LogMemory: Process Virtual Memory: 262.97 MB used, 262.97 MB peak
[2018.04.11-19.32.00:229][  0]LogMemory: Physical Memory: 6312.42 MB used,  10002.08 MB free, 16314.50 MB total
[2018.04.11-19.32.00:229][  0]LogMemory: Virtual Memory: 678.97 MB used,  10002.08 MB free, 134217728.00 MB total
[2018.04.11-19.32.00:524][  0]LogInit: Using OS detected language (ru-RU).
[2018.04.11-19.32.00:524][  0]LogInit: Using OS detected locale (ru-RU).
[2018.04.11-19.32.00:526][  0]LogTextLocalizationManager: No localization for 'ru-RU' exists, so 'en' will be used for the language.
[2018.04.11-19.32.00:526][  0]LogTextLocalizationManager: No localization for 'ru-RU' exists, so 'en' will be used for the locale.
[2018.04.11-19.32.01:135][  0]LogD3D11RHI: D3D11 adapters:
[2018.04.11-19.32.01:166][  0]LogD3D11RHI:    0. 'NVIDIA GeForce GTX 1080 Ti' (Feature Level 11_0)
[2018.04.11-19.32.01:166][  0]LogD3D11RHI:       11127/0/8157 MB DedicatedVideo/DedicatedSystem/SharedSystem, Outputs:1, VendorId:0x10de
[2018.04.11-19.32.01:169][  0]LogD3D11RHI:    1. 'Microsoft Basic Render Driver' (Feature Level 11_0)
[2018.04.11-19.32.01:169][  0]LogD3D11RHI:       0/0/8157 MB DedicatedVideo/DedicatedSystem/SharedSystem, Outputs:0, VendorId:0x1414
[2018.04.11-19.32.01:169][  0]LogD3D11RHI: Chosen D3D11 Adapter: 0
[2018.04.11-19.32.01:173][  0]LogD3D11RHI: Creating new Direct3DDevice
[2018.04.11-19.32.01:173][  0]LogD3D11RHI:     GPU DeviceId: 0x1b06 (for the marketing name, search the web for "GPU Device Id")
[2018.04.11-19.32.01:173][  0]LogWindows: EnumDisplayDevices:
[2018.04.11-19.32.01:173][  0]LogWindows:    0. 'NVIDIA GeForce GTX 1080 Ti' (P:1 D:1)
[2018.04.11-19.32.01:173][  0]LogWindows:    1. 'NVIDIA GeForce GTX 1080 Ti' (P:0 D:0)
[2018.04.11-19.32.01:173][  0]LogWindows:    2. 'NVIDIA GeForce GTX 1080 Ti' (P:0 D:0)
[2018.04.11-19.32.01:173][  0]LogWindows:    3. 'NVIDIA GeForce GTX 1080 Ti' (P:0 D:0)
[2018.04.11-19.32.01:174][  0]LogWindows: DebugString: GetVideoDriverDetailsInvalid PrimaryIsNotTheChoosenAdapter GetVideoDriverDetailsInvalid PrimaryIsNotTheChoosenAdapter GetVideoDriverDetailsInvalid PrimaryIsNotTheChoosenAdapter GetVideoDriverDetailsInvalid PrimaryIsNotTheChoosenAdapter FoundDriverCount:0 
[2018.04.11-19.32.01:174][  0]LogD3D11RHI:     Adapter Name: NVIDIA GeForce GTX 1080 Ti
[2018.04.11-19.32.01:174][  0]LogD3D11RHI:   Driver Version: Unknown (internal:Unknown, unified:Unknown)
[2018.04.11-19.32.01:174][  0]LogD3D11RHI:      Driver Date: Unknown
[2018.04.11-19.32.01:174][  0]LogRHI: Texture pool is 1361 MB (70% of 1945 MB)
[2018.04.11-19.32.01:192][  0]LogD3D11RHI: Async texture creation enabled
[2018.04.11-19.32.01:211][  0]LogD3D11RHI: GPU Timing Frequency: 1000.000000 (Debug: 2 2)
[2018.04.11-19.32.01:253][  0]LogShaderCompilers: Guid format shader working directory is -55 characters bigger than the processId version (../../../../../../Users/micha/OneDrive/Документы/Unreal Projects/TestMechanic/TestMechanic/Mechanic1/Intermediate/Shaders/WorkingDirectory/14948/).
[2018.04.11-19.32.01:253][  0]LogShaderCompilers: Cleaned the shader compiler working directory 'C:/Users/micha/AppData/Local/Temp/UnrealShaderWorkingDir/E588E83F41B81021AAA91890EA03C7F3/'.
[2018.04.11-19.32.01:253][  0]LogShaderCompilers:Display: Using Local Shader Compiler.
[2018.04.11-19.32.01:979][  0]LogTemp:Display: Loaded TP AllDesktopTargetPlatform
[2018.04.11-19.32.02:017][  0]LogTemp:Display: Loaded TP MacClientTargetPlatform
[2018.04.11-19.32.02:054][  0]LogTemp:Display: Loaded TP MacNoEditorTargetPlatform
[2018.04.11-19.32.02:092][  0]LogTemp:Display: Loaded TP MacServerTargetPlatform
[2018.04.11-19.32.02:130][  0]LogTemp:Display: Loaded TP MacTargetPlatform
[2018.04.11-19.32.02:168][  0]LogTemp:Display: Loaded TP WindowsClientTargetPlatform
[2018.04.11-19.32.02:206][  0]LogTemp:Display: Loaded TP WindowsNoEditorTargetPlatform
[2018.04.11-19.32.02:244][  0]LogTemp:Display: Loaded TP WindowsServerTargetPlatform
[2018.04.11-19.32.02:277][  0]LogTemp:Display: Loaded TP WindowsTargetPlatform
[2018.04.11-19.32.02:314][  0]LogTemp:Display: Loaded TP AndroidTargetPlatform
[2018.04.11-19.32.02:351][  0]LogTemp:Display: Loaded TP Android_ASTCTargetPlatform
[2018.04.11-19.32.02:388][  0]LogTemp:Display: Loaded TP Android_ATCTargetPlatform
[2018.04.11-19.32.02:425][  0]LogTemp:Display: Loaded TP Android_DXTTargetPlatform
[2018.04.11-19.32.02:461][  0]LogTemp:Display: Loaded TP Android_ETC1TargetPlatform
[2018.04.11-19.32.02:498][  0]LogTemp:Display: Loaded TP Android_ETC2TargetPlatform
[2018.04.11-19.32.02:572][  0]LogTemp:Display: Loaded TP Android_MultiTargetPlatform
[2018.04.11-19.32.02:572][  0]LogTemp:Display: Loaded TP Android_PVRTCTargetPlatform
[2018.04.11-19.32.02:601][  0]LogTemp:Display: Loaded TP HTML5TargetPlatform
[2018.04.11-19.32.02:675][  0]LogTemp:Display: Loaded TP IOSTargetPlatform
[2018.04.11-19.32.02:698][  0]LogTemp:Display: Loaded TP TVOSTargetPlatform
[2018.04.11-19.32.02:735][  0]LogTemp:Display: Loaded TP LinuxClientTargetPlatform
[2018.04.11-19.32.02:773][  0]LogTemp:Display: Loaded TP LinuxNoEditorTargetPlatform
[2018.04.11-19.32.02:810][  0]LogTemp:Display: Loaded TP LinuxServerTargetPlatform
[2018.04.11-19.32.02:847][  0]LogTemp:Display: Loaded TP LinuxTargetPlatform
[2018.04.11-19.32.02:847][  0]LogTargetPlatformManager:Display: Building Assets For Windows
[2018.04.11-19.32.03:211][  0]LogDerivedDataCache:Display: Max Cache Size: 512 MB
[2018.04.11-19.32.03:265][  0]LogDerivedDataCache: Loaded boot cache 0.05s 90MB C:/Users/micha/AppData/Local/UnrealEngine/4.16/DerivedDataCache/Boot.ddc.
[2018.04.11-19.32.03:266][  0]LogDerivedDataCache:Display: Loaded Boot cache: C:/Users/micha/AppData/Local/UnrealEngine/4.16/DerivedDataCache/Boot.ddc
[2018.04.11-19.32.03:266][  0]LogDerivedDataCache: FDerivedDataBackendGraph:  Pak pak cache file ../../../../../../Users/micha/OneDrive/Документы/Unreal Projects/TestMechanic/TestMechanic/Mechanic1/DerivedDataCache/DDC.ddp not found, will not use a pak cache.
[2018.04.11-19.32.03:266][  0]LogDerivedDataCache: Unable to find inner node Pak for hierarchical cache Hierarchy.
[2018.04.11-19.32.03:266][  0]LogDerivedDataCache: FDerivedDataBackendGraph:  CompressedPak pak cache file ../../../../../../Users/micha/OneDrive/Документы/Unreal Projects/TestMechanic/TestMechanic/Mechanic1/DerivedDataCache/Compressed.ddp not found, will not use a pak cache.
[2018.04.11-19.32.03:266][  0]LogDerivedDataCache: Unable to find inner node CompressedPak for hierarchical cache Hierarchy.
[2018.04.11-19.32.03:276][  0]LogDerivedDataCache:Display: Pak cache opened for reading ../../../Engine/DerivedDataCache/Compressed.ddp.
[2018.04.11-19.32.03:288][  0]LogDerivedDataCache: Using Local data cache path C:/Users/micha/AppData/Local/UnrealEngine/Common/DerivedDataCache: Writable
[2018.04.11-19.32.03:295][  0]LogMaterial: Verifying Global Shaders for PCD3D_SM5
[2018.04.11-19.32.03:295][  0]LogSlate: Using Freetype 2.6.0
[2018.04.11-19.32.03:295][  0]LogSlate: SlateFontCache - WITH_FREETYPE: 1, WITH_HARFBUZZ: 1
[2018.04.11-19.32.03:295][  0]LogSlate: SlateFontCache - WITH_FREETYPE: 1, WITH_HARFBUZZ: 1
[2018.04.11-19.32.03:510][  0]LogInit: Selected Device Profile: [Windows]
[2018.04.11-19.32.03:552][  0]LogContentStreaming: Texture pool size is 0.00 MB
[2018.04.11-19.32.03:661][  0]LogMeshUtilities: Using QuadricMeshReduction for automatic static mesh reduction
[2018.04.11-19.32.03:695][  0]LogSimplygon: Simplygon DLL not present - disabling.
[2018.04.11-19.32.03:731][  0]LogMeshUtilities: Using SimplygonSwarm for distributed automatic mesh merging
[2018.04.11-19.32.03:731][  0]LogMeshUtilities: No automatic skeletal mesh reduction module available
[2018.04.11-19.32.03:731][  0]LogMeshUtilities: No automatic mesh merging module available
[2018.04.11-19.32.04:116][  0]LogNetVersion: Mechanic1 , NetCL: 3452394, EngineNetVer: 2, GameNetVer: 0 (Checksum: 1296780927)
[2018.04.11-19.32.04:167][  0]LogAssetRegistry: FAssetRegistry took 0.0238 seconds to start up
[2018.04.11-19.32.04:196][  0]LogPackageLocalizationCache: Processed 4 localized package path(s) for 1 prioritized culture(s) in 0.010921 seconds
[2018.04.11-19.32.04:200][  0]LogUObjectArray: 34194 objects as part of root set at end of initial load.
[2018.04.11-19.32.04:200][  0]LogUObjectAllocator: 7260424 out of 0 bytes used by permanent object pool.
[2018.04.11-19.32.04:200][  0]LogUObjectArray: CloseDisregardForGC: 0/0 objects in disregard for GC pool
[2018.04.11-19.32.04:249][  0]LogInit: WinSock: version 1.1 (2.2), MaxSocks=32767, MaxUdp=65467
[2018.04.11-19.32.05:929][  0]LogTcpMessaging: Initializing TcpMessaging bridge
[2018.04.11-19.32.05:960][  0]LogUdpMessaging: Initializing bridge on interface 0.0.0.0:0 to multicast group 230.0.0.1:6666.
[2018.04.11-19.32.06:353][  0]LogMaterial: Uniform references updated for custom material expression Custom.
[2018.04.11-19.32.06:638][  0]SourceControl: Info Source control is disabled
[2018.04.11-19.32.06:679][  0]SourceControl: Info Source control is disabled
[2018.04.11-19.32.06:713][  0]SourceControl: Info Source control is disabled
[2018.04.11-19.32.06:746][  0]SourceControl: Info Source control is disabled
[2018.04.11-19.32.07:271][  0]LogAndroidPermission: UAndroidPermissionCallbackProxy::GetInstance
[2018.04.11-19.32.07:698][  0]LogEngine: Initializing Engine...
[2018.04.11-19.32.07:698][  0]LogHMD: Failed to initialize OpenVR with code 110
[2018.04.11-19.32.07:825][  0]LogStats: UGameplayTagsManager::ConstructGameplayTagTree: Construct from data asset -  0.000 s
[2018.04.11-19.32.07:825][  0]LogStats: UGameplayTagsManager::ConstructGameplayTagTree: GameplayTagTreeChangedEvent.Broadcast -  0.000 s
[2018.04.11-19.32.07:919][  0]LogAIModule: Creating AISystem for world Untitled
[2018.04.11-19.32.07:929][  0]LogInit: XAudio2 using 'Наушники гарнитуры (Razer ManO'War 7.1)' : 2 channels at 48 kHz using 16 bits per sample (channel mask 0x3)
[2018.04.11-19.32.07:953][  0]LogInit: FAudioDevice initialized.
[2018.04.11-19.32.07:983][  0]LogDerivedDataCache: Saved boot cache 0.03s 90MB C:/Users/micha/AppData/Local/UnrealEngine/4.16/DerivedDataCache/Boot.ddc.
[2018.04.11-19.32.07:989][  0]LogInit: Texture streaming: Enabled
[2018.04.11-19.32.08:061][  0]LogEngineSessionManager: EngineSessionManager initialized
[2018.04.11-19.32.08:220][  0]LogInit: Transaction tracking system initialized
[2018.04.11-19.32.08:450][  0]BlueprintLog: New page: Editor Load
[2018.04.11-19.32.09:156][  0]LocalizationService: Info Localization service is disabled
[2018.04.11-19.32.09:655][  0]LogConsoleResponse:Display: 
[2018.04.11-19.32.09:756][  0]LogCook:Display: Max memory allowance for cook 16384mb min free memory 0mb
[2018.04.11-19.32.09:756][  0]LogCook:Display: Mobile HDR setting 1
[2018.04.11-19.32.10:243][  0]LogFileCache: Scanning file cache for directory 'C:/Users/micha/OneDrive/Документы/Unreal Projects/TestMechanic/TestMechanic/Mechanic1/Content/' took 0.01s
[2018.04.11-19.32.10:496][  0]SourceControl: Info Source control is disabled
[2018.04.11-19.32.10:496][  0]LightingResults: New page: Lighting Build
[2018.04.11-19.32.10:527][  0]MapCheck: New page: Map Check
[2018.04.11-19.32.10:527][  0]LightingResults: New page: Lighting Build
[2018.04.11-19.32.10:957][  0]LogAIModule: Creating AISystem for world Minimal_Default
[2018.04.11-19.32.10:965][  0]LogEditorServer: Finished looking for orphan Actors (0.000 secs)
[2018.04.11-19.32.10:975][  0]Cmd: MAP CHECKDEP NOCLEARLOG
[2018.04.11-19.32.11:012][  0]MapCheck: Info Map check complete: 0 Error(s), 0 Warning(s), took 36.855ms to complete.
[2018.04.11-19.32.11:012][  0]LogFileHelpers: Loading map 'Minimal_Default' took 0.516
[2018.04.11-19.32.11:064][  0]LogWindowsTextInputMethodSystem:Display: IME system now deactivated.
[2018.04.11-19.32.11:119][  0]LogCollectionManager: Loaded 0 collections in 0.000991 seconds
[2018.04.11-19.32.11:185][  0]LogFileCache: Scanning file cache for directory 'C:/Users/micha/OneDrive/Документы/Unreal Projects/TestMechanic/TestMechanic/Mechanic1/Saved/Collections/' took 0.01s
[2018.04.11-19.32.11:185][  0]LogFileCache: Scanning file cache for directory 'C:/Users/micha/OneDrive/Документы/Unreal Projects/TestMechanic/TestMechanic/Mechanic1/Content/Developers/micha/Collections/' took 0.01s
[2018.04.11-19.32.11:185][  0]LogFileCache: Scanning file cache for directory 'C:/Users/micha/OneDrive/Документы/Unreal Projects/TestMechanic/TestMechanic/Mechanic1/Content/Collections/' took 0.01s
[2018.04.11-19.32.11:185][  0]LogCollectionManager: Rebuilt the GUID cache for 0 collections in 0.000001 seconds
[2018.04.11-19.32.11:192][  0]LogContentBrowser: Native class hierarchy populated in 0.0061 seconds. Added 2329 classes and 491 folders.
[2018.04.11-19.32.11:240][  0]LogContentBrowser: Native class hierarchy updated for 'WidgetCarousel' in 0.0004 seconds. Added 0 classes and 0 folders.
[2018.04.11-19.32.11:263][  0]LogContentBrowser: Native class hierarchy updated for 'AddContentDialog' in 0.0004 seconds. Added 0 classes and 0 folders.
[2018.04.11-19.32.11:295][  0]LogContentBrowser: Native class hierarchy updated for 'SceneOutliner' in 0.0004 seconds. Added 1 classes and 2 folders.
[2018.04.11-19.32.11:354][  0]LogCrashTracker: Crashtracker disabled due to settings.
[2018.04.11-19.32.11:358][  0]LogSlate: Took 0.000128 seconds to synchronously load lazily loaded font '../../../Engine/Content/Slate/Fonts/Roboto-Regular.ttf' (155K)
[2018.04.11-19.32.11:359][  0]LogSlate: Took 0.000109 seconds to synchronously load lazily loaded font '../../../Engine/Content/Slate/Fonts/Roboto-Bold.ttf' (160K)
[2018.04.11-19.32.11:362][  0]LogSlate: Took 0.000150 seconds to synchronously load lazily loaded font '../../../Engine/Content/Editor/Slate/Fonts/FontAwesome.ttf' (139K)
[2018.04.11-19.32.11:423][  0]LogRenderer: Reallocating scene render targets to support 1224x600 NumSamples 1 (Frame:1).
[2018.04.11-19.32.11:498][  0]LogUObjectGlobals:Warning: Failed to find object 'Class None.'
[2018.04.11-19.32.11:556][  0]LogContentBrowser: Native class hierarchy updated for 'HierarchicalLODOutliner' in 0.0004 seconds. Added 1 classes and 2 folders.
[2018.04.11-19.32.11:556][  0]LogLoad: (Engine Initialization) Total time: 12.43 seconds
[2018.04.11-19.32.11:556][  0]LogLoad: (Engine Initialization) Total Blueprint compile time: 0.14 seconds
[2018.04.11-19.32.11:556][  0]LogExternalProfiler: No external profilers were discovered.  External profiling features will not be available.
[2018.04.11-19.32.11:567][  0]LogOcInput: OculusInput pre-init called
[2018.04.11-19.32.11:567][  0]LogHMD: Starting GearVRController plugin
[2018.04.11-19.32.11:579][  0]LogAssetRegistry: Asset discovery search completed in 7.4327 seconds
[2018.04.11-19.32.11:580][  0]LogCollectionManager: Rebuilt the object cache for 0 collections in 0.000000 seconds (found 0 objects)
[2018.04.11-19.32.11:580][  0]LogCollectionManager: Fixed up redirectors for 0 collections in 0.000019 seconds (updated 0 objects)
[2018.04.11-19.32.11:582][  0]LogContentStreaming: Texture pool size now 3000 MB
[2018.04.11-19.32.11:616][  0]LogSlate: Took 0.000144 seconds to synchronously load lazily loaded font '../../../Engine/Content/Slate/Fonts/Roboto-Light.ttf' (159K)
[2018.04.11-19.32.12:575][106]LogSlate: Took 0.000146 seconds to synchronously load lazily loaded font '../../../Engine/Content/Slate/Fonts/Roboto-Light.ttf' (159K)
[2018.04.11-19.32.24:662][556]LogTemp: Repeting last play command: Selected Viewport
[2018.04.11-19.32.24:688][556]LogBlueprintUserMessages: Early PlayInEditor Detection: Level '/Game/StarterContent/Maps/Minimal_Default.Minimal_Default:PersistentLevel' has LevelScriptBlueprint '/Game/StarterContent/Maps/Minimal_Default.Minimal_Default:PersistentLevel.Minimal_Default' with GeneratedClass '/Game/StarterContent/Maps/Minimal_Default.Minimal_Default_C' with ClassGeneratedBy '/Game/StarterContent/Maps/Minimal_Default.Minimal_Default:PersistentLevel.Minimal_Default'
[2018.04.11-19.32.24:688][556]LogPlayLevel: PlayLevel: No blueprints needed recompiling
[2018.04.11-19.32.24:689][556]PIE: New page: PIE session: Minimal_Default (Apr 11, 2018, 11:32:24 PM)
[2018.04.11-19.32.24:689][556]LogPlayLevel: Creating play world package: /Game/StarterContent/Maps/UEDPIE_0_Minimal_Default
[2018.04.11-19.32.24:695][556]LogPlayLevel: PIE: StaticDuplicateObject took: (0.005811s)
[2018.04.11-19.32.24:695][556]LogAIModule: Creating AISystem for world Minimal_Default
[2018.04.11-19.32.24:695][556]LogPlayLevel: PIE: World Init took: (0.000484s)
[2018.04.11-19.32.24:695][556]LogPlayLevel: PIE: Created PIE world by copying editor world from /Game/StarterContent/Maps/Minimal_Default.Minimal_Default to /Game/StarterContent/Maps/UEDPIE_0_Minimal_Default.Minimal_Default (0.006467s)
[2018.04.11-19.32.24:711][556]LogInit: XAudio2 using 'Наушники гарнитуры (Razer ManO'War 7.1)' : 2 channels at 48 kHz using 16 bits per sample (channel mask 0x3)
[2018.04.11-19.32.24:731][556]LogInit: FAudioDevice initialized.
[2018.04.11-19.32.24:772][556]LogLoad: Game class is 'NewCharacter_C'
[2018.04.11-19.32.24:775][556]LogWorld: Bringing World /Game/StarterContent/Maps/UEDPIE_0_Minimal_Default.Minimal_Default up for play (max tick rate 0) at 2018.04.11-21.32.24
[2018.04.11-19.32.24:775][556]LogWorld: Bringing up level for play took: 0.001410
[2018.04.11-19.32.24:806][556]LogContentBrowser: Native class hierarchy updated for 'MovieSceneCapture' in 0.0004 seconds. Added 11 classes and 0 folders.
[2018.04.11-19.32.24:808][556]PIE: Info Play in editor start time for /Game/StarterContent/Maps/UEDPIE_0_Minimal_Default 0.827
[2018.04.11-19.32.24:808][556]LogBlueprintUserMessages: Late PlayInEditor Detection: Level '/Game/StarterContent/Maps/Minimal_Default.Minimal_Default:PersistentLevel' has LevelScriptBlueprint '/Game/StarterContent/Maps/Minimal_Default.Minimal_Default:PersistentLevel.Minimal_Default' with GeneratedClass '/Game/StarterContent/Maps/Minimal_Default.Minimal_Default_C' with ClassGeneratedBy '/Game/StarterContent/Maps/Minimal_Default.Minimal_Default:PersistentLevel.Minimal_Default'
[2018.04.11-19.33.32:865][716]LogBlueprintUserMessages: Early EndPlayMap Detection: Level '/Game/StarterContent/Maps/Minimal_Default.Minimal_Default:PersistentLevel' has LevelScriptBlueprint '/Game/StarterContent/Maps/Minimal_Default.Minimal_Default:PersistentLevel.Minimal_Default' with GeneratedClass '/Game/StarterContent/Maps/Minimal_Default.Minimal_Default_C' with ClassGeneratedBy '/Game/StarterContent/Maps/Minimal_Default.Minimal_Default:PersistentLevel.Minimal_Default'
[2018.04.11-19.33.32:895][716]LogBlueprintUserMessages: Late EndPlayMap Detection: Level '/Game/StarterContent/Maps/Minimal_Default.Minimal_Default:PersistentLevel' has LevelScriptBlueprint '/Game/StarterContent/Maps/Minimal_Default.Minimal_Default:PersistentLevel.Minimal_Default' with GeneratedClass '/Game/StarterContent/Maps/Minimal_Default.Minimal_Default_C' with ClassGeneratedBy '/Game/StarterContent/Maps/Minimal_Default.Minimal_Default:PersistentLevel.Minimal_Default'
[2018.04.11-19.44.33:569][932]LogSlate: Took 0.000133 seconds to synchronously load lazily loaded font '../../../Engine/Content/Slate/Fonts/Roboto-Light.ttf' (159K)
[2018.04.11-19.44.33:818][932]LogContentBrowser: Native class hierarchy updated for 'BlueprintGraph' in 0.0006 seconds. Added 112 classes and 0 folders.
[2018.04.11-19.44.34:196][932]LogSlate: Took 0.000112 seconds to synchronously load lazily loaded font '../../../Engine/Content/Slate/Fonts/Roboto-Regular.ttf' (155K)
[2018.04.11-19.44.34:245][932]LogSlate: Took 0.000162 seconds to synchronously load lazily loaded font '../../../Engine/Content/Editor/Slate/Fonts/Roboto-BoldCondensed.ttf' (158K)
[2018.04.11-19.44.34:326][933]LogSlate: Took 0.000154 seconds to synchronously load lazily loaded font '../../../Engine/Content/Editor/Slate/Fonts/Roboto-Italic.ttf' (157K)
[2018.04.11-19.44.38:618][352]LogTemp: Repeting last play command: Selected Viewport
[2018.04.11-19.44.38:631][352]LogBlueprintUserMessages: Early PlayInEditor Detection: Level '/Game/StarterContent/Maps/Minimal_Default.Minimal_Default:PersistentLevel' has LevelScriptBlueprint '/Game/StarterContent/Maps/Minimal_Default.Minimal_Default:PersistentLevel.Minimal_Default' with GeneratedClass '/Game/StarterContent/Maps/Minimal_Default.Minimal_Default_C' with ClassGeneratedBy '/Game/StarterContent/Maps/Minimal_Default.Minimal_Default:PersistentLevel.Minimal_Default'
[2018.04.11-19.44.38:631][352]LogPlayLevel: PlayLevel: No blueprints needed recompiling
[2018.04.11-19.44.38:631][352]PIE: New page: PIE session: Minimal_Default (Apr 11, 2018, 11:44:38 PM)
[2018.04.11-19.44.38:631][352]LogPlayLevel: Creating play world package: /Game/StarterContent/Maps/UEDPIE_0_Minimal_Default
[2018.04.11-19.44.38:637][352]LogPlayLevel: PIE: StaticDuplicateObject took: (0.005947s)
[2018.04.11-19.44.38:638][352]LogAIModule: Creating AISystem for world Minimal_Default
[2018.04.11-19.44.38:638][352]LogPlayLevel: PIE: World Init took: (0.000658s)
[2018.04.11-19.44.38:638][352]LogPlayLevel: PIE: Created PIE world by copying editor world from /Game/StarterContent/Maps/Minimal_Default.Minimal_Default to /Game/StarterContent/Maps/UEDPIE_0_Minimal_Default.Minimal_Default (0.006771s)
[2018.04.11-19.44.38:660][352]LogInit: XAudio2 using 'Наушники гарнитуры (Razer ManO'War 7.1)' : 2 channels at 48 kHz using 16 bits per sample (channel mask 0x3)
[2018.04.11-19.44.38:681][352]LogInit: FAudioDevice initialized.
[2018.04.11-19.44.38:709][352]LogLoad: Game class is 'NewCharacter_C'
[2018.04.11-19.44.38:711][352]LogWorld: Bringing World /Game/StarterContent/Maps/UEDPIE_0_Minimal_Default.Minimal_Default up for play (max tick rate 0) at 2018.04.11-21.44.38
[2018.04.11-19.44.38:711][352]LogWorld: Bringing up level for play took: 0.001368
[2018.04.11-19.44.38:713][352]PIE: Info Play in editor start time for /Game/StarterContent/Maps/UEDPIE_0_Minimal_Default 0.732
[2018.04.11-19.44.38:713][352]LogBlueprintUserMessages: Late PlayInEditor Detection: Level '/Game/StarterContent/Maps/Minimal_Default.Minimal_Default:PersistentLevel' has LevelScriptBlueprint '/Game/StarterContent/Maps/Minimal_Default.Minimal_Default:PersistentLevel.Minimal_Default' with GeneratedClass '/Game/StarterContent/Maps/Minimal_Default.Minimal_Default_C' with ClassGeneratedBy '/Game/StarterContent/Maps/Minimal_Default.Minimal_Default:PersistentLevel.Minimal_Default'
[2018.04.11-19.47.34:875][483]LogBlueprintUserMessages: Early EndPlayMap Detection: Level '/Game/StarterContent/Maps/Minimal_Default.Minimal_Default:PersistentLevel' has LevelScriptBlueprint '/Game/StarterContent/Maps/Minimal_Default.Minimal_Default:PersistentLevel.Minimal_Default' with GeneratedClass '/Game/StarterContent/Maps/Minimal_Default.Minimal_Default_C' with ClassGeneratedBy '/Game/StarterContent/Maps/Minimal_Default.Minimal_Default:PersistentLevel.Minimal_Default'
[2018.04.11-19.47.34:906][483]LogBlueprintUserMessages: Late EndPlayMap Detection: Level '/Game/StarterContent/Maps/Minimal_Default.Minimal_Default:PersistentLevel' has LevelScriptBlueprint '/Game/StarterContent/Maps/Minimal_Default.Minimal_Default:PersistentLevel.Minimal_Default' with GeneratedClass '/Game/StarterContent/Maps/Minimal_Default.Minimal_Default_C' with ClassGeneratedBy '/Game/StarterContent/Maps/Minimal_Default.Minimal_Default:PersistentLevel.Minimal_Default'
[2018.04.11-19.49.25:827][971]LogFileHelpers: Editor autosave (incl. sublevels) for '/Game/StarterContent/Maps/Minimal_Default' took 0.012
[2018.04.11-19.49.25:828][971]OBJ SavePackage: Generating thumbnails for [1] asset(s) in package [/Game/Character/TestCharacterBP1] ([1] browsable assets)...
[2018.04.11-19.49.25:838][971]OBJ SavePackage:     Rendered thumbnail for [Blueprint /Game/Character/TestCharacterBP1.TestCharacterBP1]
[2018.04.11-19.49.25:838][971]OBJ SavePackage: Finished generating thumbnails for package [/Game/Character/TestCharacterBP1]
[2018.04.11-19.49.25:940][971]LogSavePackage: Save=92.94ms
[2018.04.11-19.49.25:941][971]LogSavePackage: Moving '../../../../../../Users/micha/OneDrive/Документы/Unreal Projects/TestMechanic/TestMechanic/Mechanic1/Saved/TestCharacterBP1_Auto1D30B3D1940B1A1364E1D17BCF08140F3.tmp' to '../../../../../../Users/micha/OneDrive/Документы/Unreal Projects/TestMechanic/TestMechanic/Mechanic1/Saved/Autosaves/Game/Character/TestCharacterBP1_Auto1.uasset'
[2018.04.11-19.49.25:943][971]LogSavePackage:Display: Finished SavePackage ../../../../../../Users/micha/OneDrive/Документы/Unreal Projects/TestMechanic/TestMechanic/Mechanic1/Saved/Autosaves/Game/Character/TestCharacterBP1_Auto1.uasset
[2018.04.11-19.49.25:943][971]LogFileHelpers: Auto-saving content packages took 0.115
[2018.04.11-19.50.27:848][733]BlueprintLog: New page: Compile TestCharacterBP1
[2018.04.11-19.50.28:563][775]LogSavePackage: Save=93.15ms
[2018.04.11-19.50.28:563][775]LogSavePackage: Moving '../../../../../../Users/micha/OneDrive/Документы/Unreal Projects/TestMechanic/TestMechanic/Mechanic1/Saved/TestCharacterBP11CE6A4EE49D6AFE2DDC1BF86E980242B.tmp' to '../../../../../../Users/micha/OneDrive/Документы/Unreal Projects/TestMechanic/TestMechanic/Mechanic1/Content/Character/TestCharacterBP1.uasset'
[2018.04.11-19.50.28:565][775]LogSavePackage:Display: Finished SavePackage ../../../../../../Users/micha/OneDrive/Документы/Unreal Projects/TestMechanic/TestMechanic/Mechanic1/Content/Character/TestCharacterBP1.uasset
[2018.04.11-19.50.35:587][561]LogSavePackage: Save=87.18ms
[2018.04.11-19.50.35:587][561]LogSavePackage: Moving '../../../../../../Users/micha/OneDrive/Документы/Unreal Projects/TestMechanic/TestMechanic/Mechanic1/Saved/TestCharacterBP15CBC57E84B9F27CE7B6705B92DFA3BE4.tmp' to '../../../../../../Users/micha/OneDrive/Документы/Unreal Projects/TestMechanic/TestMechanic/Mechanic1/Content/Character/TestCharacterBP1.uasset'
[2018.04.11-19.50.35:588][561]LogSavePackage:Display: Finished SavePackage ../../../../../../Users/micha/OneDrive/Документы/Unreal Projects/TestMechanic/TestMechanic/Mechanic1/Content/Character/TestCharacterBP1.uasset
[2018.04.11-19.50.44:967][673]LogContentBrowser: Native class hierarchy updated for 'SkeletonEditor' in 0.0004 seconds. Added 1 classes and 2 folders.
[2018.04.11-19.50.45:304][674]LogRenderer: Reallocating scene render targets to support 1224x888 NumSamples 1 (Frame:1).
[2018.04.11-19.50.53:897][548]LogActorComponent: RegisterComponentWithWorld: (/Engine/Transient.World_8:PersistentLevel.Actor_1.DebugSkelMeshComponent_1) Already registered. Aborting.
[2018.04.11-19.50.53:917][548]LogSkeletalMesh: USkeletalMeshComponent::InitArticulated : Bodies already created (/Engine/Transient.World_8:PersistentLevel.Actor_1.DebugSkelMeshComponent_1) - call TermArticulated first.
[2018.04.11-19.50.54:093][548]LogContentBrowser: Native class hierarchy updated for 'ClothingSystemEditorInterface' in 0.0004 seconds. Added 1 classes and 0 folders.
[2018.04.11-19.51.08:517][384]LogActorComponent: RegisterComponentWithWorld: (/Engine/Transient.World_10:PersistentLevel.Actor_2.DebugSkelMeshComponent_2) Already registered. Aborting.
[2018.04.11-19.51.08:536][384]LogSkeletalMesh: USkeletalMeshComponent::InitArticulated : Bodies already created (/Engine/Transient.World_10:PersistentLevel.Actor_2.DebugSkelMeshComponent_2) - call TermArticulated first.
[2018.04.11-19.57.39:107][543]LogSavePackage: Save=1.89ms
[2018.04.11-19.57.39:107][543]LogSavePackage: Moving '../../../../../../Users/micha/OneDrive/Документы/Unreal Projects/TestMechanic/TestMechanic/Mechanic1/Saved/UE4_Mannequin_Skeleton26F5F3DA42194309DC96B1A2B41AF2B4.tmp' to '../../../../../../Users/micha/OneDrive/Документы/Unreal Projects/TestMechanic/TestMechanic/Mechanic1/Content/AnimStarterPack/UE4_Mannequin/Mesh/UE4_Mannequin_Skeleton.uasset'
[2018.04.11-19.57.39:108][543]LogSavePackage:Display: Finished SavePackage ../../../../../../Users/micha/OneDrive/Документы/Unreal Projects/TestMechanic/TestMechanic/Mechanic1/Content/AnimStarterPack/UE4_Mannequin/Mesh/UE4_Mannequin_Skeleton.uasset
[2018.04.11-20.06.41:509][949]LogTemp: Repeting last play command: Selected Viewport
[2018.04.11-20.06.41:521][949]LogBlueprintUserMessages: Early PlayInEditor Detection: Level '/Game/StarterContent/Maps/Minimal_Default.Minimal_Default:PersistentLevel' has LevelScriptBlueprint '/Game/StarterContent/Maps/Minimal_Default.Minimal_Default:PersistentLevel.Minimal_Default' with GeneratedClass '/Game/StarterContent/Maps/Minimal_Default.Minimal_Default_C' with ClassGeneratedBy '/Game/StarterContent/Maps/Minimal_Default.Minimal_Default:PersistentLevel.Minimal_Default'
[2018.04.11-20.06.41:521][949]LogPlayLevel: PlayLevel: No blueprints needed recompiling
[2018.04.11-20.06.41:522][949]PIE: New page: PIE session: Minimal_Default (Apr 12, 2018, 12:06:41 AM)
[2018.04.11-20.06.41:522][949]LogPlayLevel: Creating play world package: /Game/StarterContent/Maps/UEDPIE_0_Minimal_Default
[2018.04.11-20.06.41:528][949]LogPlayLevel: PIE: StaticDuplicateObject took: (0.006161s)
[2018.04.11-20.06.41:528][949]LogAIModule: Creating AISystem for world Minimal_Default
[2018.04.11-20.06.41:529][949]LogPlayLevel: PIE: World Init took: (0.000704s)
[2018.04.11-20.06.41:529][949]LogPlayLevel: PIE: Created PIE world by copying editor world from /Game/StarterContent/Maps/Minimal_Default.Minimal_Default to /Game/StarterContent/Maps/UEDPIE_0_Minimal_Default.Minimal_Default (0.007147s)
[2018.04.11-20.06.41:550][949]LogInit: XAudio2 using 'Наушники гарнитуры (Razer ManO'War 7.1)' : 2 channels at 48 kHz using 16 bits per sample (channel mask 0x3)
[2018.04.11-20.06.41:571][949]LogInit: FAudioDevice initialized.
[2018.04.11-20.06.41:599][949]LogLoad: Game class is 'NewCharacter_C'
[2018.04.11-20.06.41:601][949]LogWorld: Bringing World /Game/StarterContent/Maps/UEDPIE_0_Minimal_Default.Minimal_Default up for play (max tick rate 0) at 2018.04.11-22.06.41
[2018.04.11-20.06.41:601][949]LogWorld: Bringing up level for play took: 0.001521
[2018.04.11-20.06.41:603][949]PIE: Info Play in editor start time for /Game/StarterContent/Maps/UEDPIE_0_Minimal_Default -0.378
[2018.04.11-20.06.41:603][949]LogBlueprintUserMessages: Late PlayInEditor Detection: Level '/Game/StarterContent/Maps/Minimal_Default.Minimal_Default:PersistentLevel' has LevelScriptBlueprint '/Game/StarterContent/Maps/Minimal_Default.Minimal_Default:PersistentLevel.Minimal_Default' with GeneratedClass '/Game/StarterContent/Maps/Minimal_Default.Minimal_Default_C' with ClassGeneratedBy '/Game/StarterContent/Maps/Minimal_Default.Minimal_Default:PersistentLevel.Minimal_Default'
[2018.04.11-20.07.31:602][945]LogBlueprintUserMessages: Early EndPlayMap Detection: Level '/Game/StarterContent/Maps/Minimal_Default.Minimal_Default:PersistentLevel' has LevelScriptBlueprint '/Game/StarterContent/Maps/Minimal_Default.Minimal_Default:PersistentLevel.Minimal_Default' with GeneratedClass '/Game/StarterContent/Maps/Minimal_Default.Minimal_Default_C' with ClassGeneratedBy '/Game/StarterContent/Maps/Minimal_Default.Minimal_Default:PersistentLevel.Minimal_Default'
[2018.04.11-20.07.31:633][945]LogBlueprintUserMessages: Late EndPlayMap Detection: Level '/Game/StarterContent/Maps/Minimal_Default.Minimal_Default:PersistentLevel' has LevelScriptBlueprint '/Game/StarterContent/Maps/Minimal_Default.Minimal_Default:PersistentLevel.Minimal_Default' with GeneratedClass '/Game/StarterContent/Maps/Minimal_Default.Minimal_Default_C' with ClassGeneratedBy '/Game/StarterContent/Maps/Minimal_Default.Minimal_Default:PersistentLevel.Minimal_Default'
[2018.04.11-21.04.36:792][132]LogActorComponent: RegisterComponentWithWorld: (/Engine/Transient.World_11:PersistentLevel.Actor_3.DebugSkelMeshComponent_3) Already registered. Aborting.
[2018.04.11-21.04.36:818][132]LogSkeletalMesh: USkeletalMeshComponent::InitArticulated : Bodies already created (/Engine/Transient.World_11:PersistentLevel.Actor_3.DebugSkelMeshComponent_3) - call TermArticulated first.
[2018.04.11-21.04.38:772][321]LogActorComponent: RegisterComponentWithWorld: (/Engine/Transient.World_12:PersistentLevel.Actor_4.DebugSkelMeshComponent_4) Already registered. Aborting.
[2018.04.11-21.04.38:790][321]LogSkeletalMesh: USkeletalMeshComponent::InitArticulated : Bodies already created (/Engine/Transient.World_12:PersistentLevel.Actor_4.DebugSkelMeshComponent_4) - call TermArticulated first.
[2018.04.11-21.04.48:714][421]LogSavePackage: Save=2.00ms
[2018.04.11-21.04.48:714][421]LogSavePackage: Moving '../../../../../../Users/micha/OneDrive/Документы/Unreal Projects/TestMechanic/TestMechanic/Mechanic1/Saved/UE4_Mannequin_SkeletonDD3937474D45EC016A58B2AA7FC9FD73.tmp' to '../../../../../../Users/micha/OneDrive/Документы/Unreal Projects/TestMechanic/TestMechanic/Mechanic1/Content/AnimStarterPack/UE4_Mannequin/Mesh/UE4_Mannequin_Skeleton.uasset'
[2018.04.11-21.04.48:716][421]LogSavePackage:Display: Finished SavePackage ../../../../../../Users/micha/OneDrive/Документы/Unreal Projects/TestMechanic/TestMechanic/Mechanic1/Content/AnimStarterPack/UE4_Mannequin/Mesh/UE4_Mannequin_Skeleton.uasset
[2018.04.11-21.04.51:842][757]LogSavePackage: Save=126.54ms
[2018.04.11-21.04.51:842][757]LogSavePackage: Moving '../../../../../../Users/micha/OneDrive/Документы/Unreal Projects/TestMechanic/TestMechanic/Mechanic1/Saved/Minimal_DefaultB5EFA5764588AE3A157515BD5A4E9CF8.tmp' to '../../../../../../Users/micha/OneDrive/Документы/Unreal Projects/TestMechanic/TestMechanic/Mechanic1/Content/StarterContent/Maps/Minimal_Default.umap'
[2018.04.11-21.04.51:844][757]LogSavePackage:Display: Finished SavePackage ../../../../../../Users/micha/OneDrive/Документы/Unreal Projects/TestMechanic/TestMechanic/Mechanic1/Content/StarterContent/Maps/Minimal_Default.umap
[2018.04.11-21.04.51:906][757]LogSavePackage: Save=39.72ms
[2018.04.11-21.04.51:906][757]LogSavePackage: Moving '../../../../../../Users/micha/OneDrive/Документы/Unreal Projects/TestMechanic/TestMechanic/Mechanic1/Saved/Minimal_Default_BuiltDataFE6B9EDA49C8B6F424558BAD79DA5A13.tmp' to '../../../../../../Users/micha/OneDrive/Документы/Unreal Projects/TestMechanic/TestMechanic/Mechanic1/Content/StarterContent/Maps/Minimal_Default_BuiltData.uasset'
[2018.04.11-21.04.51:907][757]LogSavePackage:Display: Finished SavePackage ../../../../../../Users/micha/OneDrive/Документы/Unreal Projects/TestMechanic/TestMechanic/Mechanic1/Content/StarterContent/Maps/Minimal_Default_BuiltData.uasset
[2018.04.11-21.04.54:013][  3]LogWindowsTextInputMethodSystem:Display: IME system now deactivated.
[2018.04.11-21.04.54:159][  4]Cmd: QUIT_EDITOR
[2018.04.11-21.04.54:994][  4]LogExit: Preparing to exit.
[2018.04.11-21.04.55:214][  4]LogDirectoryWatcher: A directory notification for 'C:/Users/micha/OneDrive/Документы/Unreal Projects/TestMechanic/TestMechanic/Mechanic1/Content/' was aborted.
[2018.04.11-21.04.55:241][  4]LogExit: Editor shut down
[2018.04.11-21.04.55:248][  4]LogExit: Transaction tracking system shut down
[2018.04.11-21.04.55:314][  4]LogObj: Freed 0b from 0 cluster array pools.
[2018.04.11-21.04.55:314][  4]LogExit: Object subsystem successfully closed.
[2018.04.11-21.04.55:333][  4]LogD3D11RHI: Shutdown
[2018.04.11-21.04.55:333][  4]LogD3D11RHI: CleanupD3DDevice
[2018.04.11-21.04.55:412][  4]LogD3D11RHI: ~FD3D11DynamicRHI
[2018.04.11-21.04.55:423][  4]LogModuleManager: Shutting down and abandoning module ClothingSystemEditorInterface (536)
[2018.04.11-21.04.55:423][  4]LogModuleManager: Shutting down and abandoning module SkeletalMeshEditor (534)
[2018.04.11-21.04.55:423][  4]LogModuleManager: Shutting down and abandoning module SkeletonEditor (532)
[2018.04.11-21.04.55:423][  4]LogModuleManager: Shutting down and abandoning module BlueprintGraph (530)
[2018.04.11-21.04.55:423][  4]LogModuleManager: Shutting down and abandoning module BlueprintProfiler (528)
[2018.04.11-21.04.55:423][  4]LogModuleManager: Shutting down and abandoning module MovieSceneCapture (526)
[2018.04.11-21.04.55:423][  4]LogModuleManager: Shutting down and abandoning module HierarchicalLODOutliner (524)
[2018.04.11-21.04.55:423][  4]LogModuleManager: Shutting down and abandoning module CrashTracker (522)
[2018.04.11-21.04.55:423][  4]LogModuleManager: Shutting down and abandoning module SceneOutliner (520)
[2018.04.11-21.04.55:423][  4]LogModuleManager: Shutting down and abandoning module AddContentDialog (518)
[2018.04.11-21.04.55:423][  4]LogDirectoryWatcher: A directory notification for 'C:/Program Files/Epic Games/UE_4.16/FeaturePacks/' was aborted.
[2018.04.11-21.04.55:424][  4]LogModuleManager: Shutting down and abandoning module WidgetCarousel (517)
[2018.04.11-21.04.55:424][  4]LogModuleManager: Shutting down and abandoning module EditorWidgets (514)
[2018.04.11-21.04.55:424][  4]LogModuleManager: Shutting down and abandoning module CollectionManager (512)
[2018.04.11-21.04.55:424][  4]LogDirectoryWatcher: A directory notification for 'C:/Users/micha/OneDrive/Документы/Unreal Projects/TestMechanic/TestMechanic/Mechanic1/Content/Collections/' was aborted.
[2018.04.11-21.04.55:424][  4]LogDirectoryWatcher: A directory notification for 'C:/Users/micha/OneDrive/Документы/Unreal Projects/TestMechanic/TestMechanic/Mechanic1/Content/Developers/micha/Collections/' was aborted.
[2018.04.11-21.04.55:424][  4]LogDirectoryWatcher: A directory notification for 'C:/Users/micha/OneDrive/Документы/Unreal Projects/TestMechanic/TestMechanic/Mechanic1/Saved/Collections/' was aborted.
[2018.04.11-21.04.55:424][  4]LogModuleManager: Shutting down and abandoning module StatsViewer (510)
[2018.04.11-21.04.55:424][  4]LogModuleManager: Shutting down and abandoning module FoliageEdit (508)
[2018.04.11-21.04.55:424][  4]LogModuleManager: Shutting down and abandoning module LandscapeEditor (506)
[2018.04.11-21.04.55:424][  4]LogModuleManager: Shutting down and abandoning module MeshPaintMode (504)
[2018.04.11-21.04.55:424][  4]LogModuleManager: Shutting down and abandoning module SceneDepthPickerMode (502)
[2018.04.11-21.04.55:424][  4]LogModuleManager: Shutting down and abandoning module ActorPickerMode (500)
[2018.04.11-21.04.55:424][  4]LogModuleManager: Shutting down and abandoning module GeometryMode (498)
[2018.04.11-21.04.55:424][  4]LogModuleManager: Shutting down and abandoning module TextureAlignMode (496)
[2018.04.11-21.04.55:424][  4]LogModuleManager: Shutting down and abandoning module BspMode (494)
[2018.04.11-21.04.55:424][  4]LogModuleManager: Shutting down and abandoning module HardwareSurvey (492)
[2018.04.11-21.04.55:424][  4]LogModuleManager: Shutting down and abandoning module SequenceRecorderSections (490)
[2018.04.11-21.04.55:424][  4]LogModuleManager: Shutting down and abandoning module AutomationWorker (488)
[2018.04.11-21.04.55:424][  4]LogModuleManager: Shutting down and abandoning module MatineeToLevelSequence (486)
[2018.04.11-21.04.55:424][  4]LogModuleManager: Shutting down and abandoning module LevelSequenceEditor (484)
[2018.04.11-21.04.55:424][  4]LogModuleManager: Shutting down and abandoning module PlacementMode (483)
[2018.04.11-21.04.55:424][  4]LogModuleManager: Shutting down and abandoning module WmfMediaFactory (480)
[2018.04.11-21.04.55:424][  4]LogModuleManager: Shutting down and abandoning module WmfMediaEditor (478)
[2018.04.11-21.04.55:424][  4]LogModuleManager: Shutting down and abandoning module AvfMediaFactory (476)
[2018.04.11-21.04.55:424][  4]LogModuleManager: Shutting down and abandoning module AvfMediaEditor (474)
[2018.04.11-21.04.55:424][  4]LogModuleManager: Shutting down and abandoning module AndroidMediaFactory (472)
[2018.04.11-21.04.55:424][  4]LogModuleManager: Shutting down and abandoning module Media (471)
[2018.04.11-21.04.55:424][  4]LogModuleManager: Shutting down and abandoning module AndroidMediaEditor (468)
[2018.04.11-21.04.55:424][  4]LogModuleManager: Shutting down and abandoning module CharacterAI (466)
[2018.04.11-21.04.55:424][  4]LogModuleManager: Shutting down and abandoning module AudioCapture (464)
[2018.04.11-21.04.55:424][  4]LogModuleManager: Shutting down and abandoning module SequenceRecorder (463)
[2018.04.11-21.04.55:424][  4]LogModuleManager: Shutting down and abandoning module SmartSnapping (460)
[2018.04.11-21.04.55:424][  4]LogModuleManager: Shutting down and abandoning module SessionServices (458)
[2018.04.11-21.04.55:424][  4]LogModuleManager: Shutting down and abandoning module ViewportSnapping (456)
[2018.04.11-21.04.55:424][  4]LogModuleManager: Shutting down and abandoning module ViewportInteraction (454)
[2018.04.11-21.04.55:424][  4]LogModuleManager: Shutting down and abandoning module ClothPainter (452)
[2018.04.11-21.04.55:424][  4]LogModuleManager: Shutting down and abandoning module LogVisualizer (450)
[2018.04.11-21.04.55:424][  4]LogModuleManager: Shutting down and abandoning module IntroTutorials (448)
[2018.04.11-21.04.55:424][  4]LogModuleManager: Shutting down and abandoning module GameProjectGeneration (447)
[2018.04.11-21.04.55:424][  4]LogModuleManager: Shutting down and abandoning module EditorLiveStreaming (444)
[2018.04.11-21.04.55:424][  4]LogModuleManager: Shutting down and abandoning module IOSPlatformEditor (442)
[2018.04.11-21.04.55:424][  4]LogModuleManager: Shutting down and abandoning module HTML5PlatformEditor (440)
[2018.04.11-21.04.55:424][  4]LogModuleManager: Shutting down and abandoning module AndroidPlatformEditor (438)
[2018.04.11-21.04.55:424][  4]LogModuleManager: Shutting down and abandoning module AndroidDeviceDetection (437)
[2018.04.11-21.04.56:337][  4]LogModuleManager: Shutting down and abandoning module IOSRuntimeSettings (434)
[2018.04.11-21.04.56:337][  4]LogModuleManager: Shutting down and abandoning module AndroidRuntimeSettings (432)
[2018.04.11-21.04.56:337][  4]LogModuleManager: Shutting down and abandoning module InputBindingEditor (430)
[2018.04.11-21.04.56:337][  4]LogModuleManager: Shutting down and abandoning module MergeActors (428)
[2018.04.11-21.04.56:337][  4]LogModuleManager: Shutting down and abandoning module SizeMap (426)
[2018.04.11-21.04.56:337][  4]LogModuleManager: Shutting down and abandoning module TreeMap (424)
[2018.04.11-21.04.56:337][  4]LogModuleManager: Shutting down and abandoning module ReferenceViewer (422)
[2018.04.11-21.04.56:337][  4]LogModuleManager: Shutting down and abandoning module LocalizationDashboard (420)
[2018.04.11-21.04.56:337][  4]LogModuleManager: Shutting down and abandoning module LocalizationService (419)
[2018.04.11-21.04.56:337][  4]LogModuleManager: Shutting down and abandoning module HardwareTargeting (416)
[2018.04.11-21.04.56:337][  4]LogModuleManager: Shutting down and abandoning module DeviceProfileEditor (414)
[2018.04.11-21.04.56:337][  4]LogModuleManager: Shutting down and abandoning module UndoHistory (412)
[2018.04.11-21.04.56:337][  4]LogModuleManager: Shutting down and abandoning module UserFeedback (410)
[2018.04.11-21.04.56:337][  4]LogModuleManager: Shutting down and abandoning module XmlParser (408)
[2018.04.11-21.04.56:337][  4]LogModuleManager: Shutting down and abandoning module Blutility (406)
[2018.04.11-21.04.56:337][  4]LogModuleManager: Shutting down and abandoning module ProjectSettingsViewer (404)
[2018.04.11-21.04.56:337][  4]LogModuleManager: Shutting down and abandoning module ProjectTargetPlatformEditor (403)
[2018.04.11-21.04.56:338][  4]LogModuleManager: Shutting down and abandoning module EditorSettingsViewer (400)
[2018.04.11-21.04.56:338][  4]LogModuleManager: Shutting down and abandoning module SettingsEditor (398)
[2018.04.11-21.04.56:338][  4]LogModuleManager: Shutting down and abandoning module ProjectLauncher (396)
[2018.04.11-21.04.56:338][  4]LogModuleManager: Shutting down and abandoning module SessionFrontend (394)
[2018.04.11-21.04.56:338][  4]LogModuleManager: Shutting down and abandoning module ProfilerClient (392)
[2018.04.11-21.04.56:338][  4]LogModuleManager: Shutting down and abandoning module DeviceManager (390)
[2018.04.11-21.04.56:338][  4]LogModuleManager: Shutting down and abandoning module TargetDeviceServices (389)
[2018.04.11-21.04.56:393][  4]LogModuleManager: Shutting down and abandoning module AutomationController (386)
[2018.04.11-21.04.56:393][  4]LogModuleManager: Shutting down and abandoning module AutomationWindow (384)
[2018.04.11-21.04.56:393][  4]LogModuleManager: Shutting down and abandoning module Layers (382)
[2018.04.11-21.04.56:393][  4]LogModuleManager: Shutting down and abandoning module ComponentVisualizers (380)
[2018.04.11-21.04.56:393][  4]LogModuleManager: Shutting down and abandoning module DetailCustomizations (378)
[2018.04.11-21.04.56:393][  4]LogModuleManager: Shutting down and abandoning module PackagesDialog (376)
[2018.04.11-21.04.56:393][  4]LogModuleManager: Shutting down and abandoning module Persona (374)
[2018.04.11-21.04.56:393][  4]LogModuleManager: Shutting down and abandoning module AdvancedPreviewScene (373)
[2018.04.11-21.04.56:393][  4]LogModuleManager: Shutting down and abandoning module AnimGraph (371)
[2018.04.11-21.04.56:393][  4]LogModuleManager: Shutting down and abandoning module Kismet (368)
[2018.04.11-21.04.56:398][  4]LogModuleManager: Shutting down and abandoning module ClassViewer (366)
[2018.04.11-21.04.56:398][  4]LogModuleManager: Shutting down and abandoning module Toolbox (364)
[2018.04.11-21.04.56:398][  4]LogModuleManager: Shutting down and abandoning module ModuleUI (362)
[2018.04.11-21.04.56:398][  4]LogModuleManager: Shutting down and abandoning module MovieSceneTools (360)
[2018.04.11-21.04.56:398][  4]LogModuleManager: Shutting down and abandoning module OutputLog (358)
[2018.04.11-21.04.56:398][  4]LogModuleManager: Shutting down and abandoning module GammaUI (356)
[2018.04.11-21.04.56:398][  4]LogModuleManager: Shutting down and abandoning module Documentation (354)
[2018.04.11-21.04.56:398][  4]LogModuleManager: Shutting down and abandoning module MovieSceneTracks (352)
[2018.04.11-21.04.56:398][  4]LogModuleManager: Shutting down and abandoning module MovieScene (350)
[2018.04.11-21.04.56:398][  4]LogModuleManager: Shutting down and abandoning module Niagara (348)
[2018.04.11-21.04.56:398][  4]LogModuleManager: Shutting down and abandoning module NiagaraEditor (347)
[2018.04.11-21.04.56:398][  4]LogModuleManager: Shutting down and abandoning module StreamingPauseRendering (344)
[2018.04.11-21.04.56:398][  4]LogModuleManager: Shutting down and abandoning module AnalyticsET (342)
[2018.04.11-21.04.56:398][  4]LogModuleManager: Shutting down and abandoning module PortalServices (340)
[2018.04.11-21.04.56:398][  4]LogModuleManager: Shutting down and abandoning module PortalRpc (338)
[2018.04.11-21.04.56:398][  4]LogModuleManager: Shutting down and abandoning module MessagingRpc (336)
[2018.04.11-21.04.56:398][  4]LogModuleManager: Shutting down and abandoning module AIModule (334)
[2018.04.11-21.04.56:398][  4]LogModuleManager: Shutting down and abandoning module GameplayDebugger (333)
[2018.04.11-21.04.56:398][  4]LogModuleManager: Shutting down and abandoning module AITestSuite (331)
[2018.04.11-21.04.56:398][  4]LogModuleManager: Shutting down and abandoning module ProfilerService (328)
[2018.04.11-21.04.56:434][  4]LogModuleManager: Shutting down and abandoning module TaskGraph (326)
[2018.04.11-21.04.56:434][  4]LogModuleManager: Shutting down and abandoning module SteamVRController (324)
[2018.04.11-21.04.56:434][  4]LogModuleManager: Shutting down and abandoning module SteamVR (322)
[2018.04.11-21.04.56:434][  4]LogModuleManager: Shutting down and abandoning module ProceduralMeshComponentEditor (320)
[2018.04.11-21.04.56:434][  4]LogModuleManager: Shutting down and abandoning module ProceduralMeshComponent (318)
[2018.04.11-21.04.56:434][  4]LogModuleManager: Shutting down and abandoning module OculusLibrary (316)
[2018.04.11-21.04.56:434][  4]LogModuleManager: Shutting down and abandoning module OculusInput (314)
[2018.04.11-21.04.56:434][  4]LogModuleManager: Shutting down and abandoning module MobilePatchingUtils (312)
[2018.04.11-21.04.56:434][  4]LogModuleManager: Shutting down and abandoning module CustomMeshComponent (310)
[2018.04.11-21.04.56:434][  4]LogModuleManager: Shutting down and abandoning module CableComponent (308)
[2018.04.11-21.04.56:434][  4]LogModuleManager: Shutting down and abandoning module ArchVisCharacter (306)
[2018.04.11-21.04.56:434][  4]LogModuleManager: Shutting down and abandoning module AndroidPermission (304)
[2018.04.11-21.04.56:434][  4]LogModuleManager: Shutting down and abandoning module MediaPlayerEditor (300)
[2018.04.11-21.04.56:434][  4]LogModuleManager: Shutting down and abandoning module HTML5Networking (298)
[2018.04.11-21.04.56:434][  4]LogModuleManager: Shutting down and abandoning module AlembicImporter (296)
[2018.04.11-21.04.56:434][  4]LogModuleManager: Shutting down and abandoning module AlembicLibrary (295)
[2018.04.11-21.04.56:434][  4]LogModuleManager: Shutting down and abandoning module GeometryCache (294)
[2018.04.11-21.04.56:434][  4]LogModuleManager: Shutting down and abandoning module GeometryCacheEd (293)
[2018.04.11-21.04.56:434][  4]LogModuleManager: Shutting down and abandoning module SuperSearchEditor (288)
[2018.04.11-21.04.56:434][  4]LogModuleManager: Shutting down and abandoning module SuperSearch (287)
[2018.04.11-21.04.56:434][  4]LogModuleManager: Shutting down and abandoning module SpeedTreeImporter (284)
[2018.04.11-21.04.56:434][  4]LogModuleManager: Shutting down and abandoning module PluginBrowser (282)
[2018.04.11-21.04.56:434][  4]LogModuleManager: Shutting down and abandoning module MobileLauncherProfileWizard (280)
[2018.04.11-21.04.56:434][  4]LogModuleManager: Shutting down and abandoning module VisualStudioSourceCodeAccess (278)
[2018.04.11-21.04.56:434][  4]LogModuleManager: Shutting down and abandoning module DesktopPlatform (277)
[2018.04.11-21.04.56:434][  4]LogModuleManager: Shutting down and abandoning module UObjectPlugin (274)
[2018.04.11-21.04.56:434][  4]LogModuleManager: Shutting down and abandoning module SubversionSourceControl (272)
[2018.04.11-21.04.56:434][  4]LogModuleManager: Shutting down and abandoning module PerforceSourceControl (270)
[2018.04.11-21.04.56:434][  4]LogModuleManager: Shutting down and abandoning module GitSourceControl (268)
[2018.04.11-21.04.56:434][  4]LogModuleManager: Shutting down and abandoning module SourceControl (267)
[2018.04.11-21.04.56:434][  4]LogModuleManager: Shutting down and abandoning module LightPropagationVolumeEditor (264)
[2018.04.11-21.04.56:434][  4]LogModuleManager: Shutting down and abandoning module PaperTiledImporter (262)
[2018.04.11-21.04.56:434][  4]LogModuleManager: Shutting down and abandoning module PaperSpriteSheetImporter (260)
[2018.04.11-21.04.56:434][  4]LogModuleManager: Shutting down and abandoning module Paper2DEditor (258)
[2018.04.11-21.04.56:434][  4]LogModuleManager: Shutting down and abandoning module MeshPaint (257)
[2018.04.11-21.04.56:434][  4]LogModuleManager: Shutting down and abandoning module LevelEditor (255)
[2018.04.11-21.04.56:435][  4]LogModuleManager: Shutting down and abandoning module PixelInspectorModule (254)
[2018.04.11-21.04.56:435][  4]LogModuleManager: Shutting down and abandoning module MainFrame (252)
[2018.04.11-21.04.56:435][  4]LogModuleManager: Shutting down and abandoning module HotReload (251)
[2018.04.11-21.04.56:435][  4]LogModuleManager: Shutting down and abandoning module PhysXVehiclesEditor (246)
[2018.04.11-21.04.56:435][  4]LogModuleManager: Shutting down and abandoning module PhysXVehicles (244)
[2018.04.11-21.04.56:435][  4]LogModuleManager: Shutting down and abandoning module LocationServicesBPLibrary (242)
[2018.04.11-21.04.56:435][  4]LogModuleManager: Shutting down and abandoning module ImmediatePhysicsEditor (240)
[2018.04.11-21.04.56:435][  4]LogModuleManager: Shutting down and abandoning module ImmediatePhysics (238)
[2018.04.11-21.04.56:435][  4]LogModuleManager: Shutting down and abandoning module UdpMessaging (236)
[2018.04.11-21.04.56:536][  4]LogModuleManager: Shutting down and abandoning module TcpMessaging (234)
[2018.04.11-21.04.56:636][  4]LogModuleManager: Shutting down and abandoning module GameplayTagsEditor (232)
[2018.04.11-21.04.56:636][  4]LogModuleManager: Shutting down and abandoning module FacialAnimationEditor (230)
[2018.04.11-21.04.56:636][  4]LogModuleManager: Shutting down and abandoning module FacialAnimation (228)
[2018.04.11-21.04.56:636][  4]LogModuleManager: Shutting down and abandoning module AssetManagerEditor (226)
[2018.04.11-21.04.56:636][  4]LogModuleManager: Shutting down and abandoning module GraphEditor (225)
[2018.04.11-21.04.56:636][  4]LogModuleManager: Shutting down and abandoning module ContentBrowser (223)
[2018.04.11-21.04.56:636][  4]LogModuleManager: Shutting down and abandoning module LightPropagationVolumeRuntime (220)
[2018.04.11-21.04.56:636][  4]LogModuleManager: Shutting down and abandoning module Paper2D (218)
[2018.04.11-21.04.56:636][  4]LogModuleManager: Shutting down and abandoning module WindowsMoviePlayer (216)
[2018.04.11-21.04.56:636][  4]LogModuleManager: Shutting down and abandoning module WmfMedia (214)
[2018.04.11-21.04.56:637][  4]LogModuleManager: Shutting down and abandoning module ClothingSystemEditor (212)
[2018.04.11-21.04.56:637][  4]LogModuleManager: Shutting down and abandoning module ClothingSystemRuntime (210)
[2018.04.11-21.04.56:637][  4]LogModuleManager: Shutting down and abandoning module MediaAssets (208)
[2018.04.11-21.04.56:637][  4]LogModuleManager: Shutting down and abandoning module GameLiveStreaming (206)
[2018.04.11-21.04.56:637][  4]LogModuleManager: Shutting down and abandoning module VREditor (204)
[2018.04.11-21.04.56:637][  4]LogModuleManager: Shutting down and abandoning module StringTableEditor (202)
[2018.04.11-21.04.56:637][  4]LogModuleManager: Shutting down and abandoning module GameplayTasksEditor (200)
[2018.04.11-21.04.56:637][  4]LogModuleManager: Shutting down and abandoning module BehaviorTreeEditor (198)
[2018.04.11-21.04.56:637][  4]LogModuleManager: Shutting down and abandoning module FunctionalTesting (196)
[2018.04.11-21.04.56:637][  4]LogModuleManager: Shutting down and abandoning module CollisionAnalyzer (194)
[2018.04.11-21.04.56:637][  4]LogModuleManager: Shutting down and abandoning module UMG (192)
[2018.04.11-21.04.56:637][  4]LogModuleManager: Shutting down and abandoning module UMGEditor (191)
[2018.04.11-21.04.56:637][  4]LogModuleManager: Shutting down and abandoning module Sequencer (190)
[2018.04.11-21.04.56:637][  4]LogModuleManager: Shutting down and abandoning module AssetTools (188)
[2018.04.11-21.04.56:637][  4]LogModuleManager: Shutting down and abandoning module MessageLog (187)
[2018.04.11-21.04.56:637][  4]LogModuleManager: Shutting down and abandoning module WorkspaceMenuStructure (186)
[2018.04.11-21.04.56:637][  4]LogModuleManager: Shutting down and abandoning module SlateReflector (180)
[2018.04.11-21.04.56:637][  4]LogModuleManager: Shutting down and abandoning module Slate (178)
[2018.04.11-21.04.56:637][  4]LogModuleManager: Shutting down and abandoning module EditorStyle (176)
[2018.04.11-21.04.56:639][  4]LogModuleManager: Shutting down and abandoning module SourceCodeAccess (174)
[2018.04.11-21.04.56:639][  4]LogModuleManager: Shutting down and abandoning module HeadMountedDisplay (172)
[2018.04.11-21.04.56:639][  4]LogModuleManager: Shutting down and abandoning module XAudio2 (170)
[2018.04.11-21.04.56:639][  4]LogModuleManager: Shutting down and abandoning module Networking (168)
[2018.04.11-21.04.56:639][  4]LogModuleManager: Shutting down and abandoning module Core (164)
[2018.04.11-21.04.56:639][  4]LogModuleManager: Shutting down and abandoning module AssetRegistry (162)
[2018.04.11-21.04.56:758][  4]LogDirectoryWatcher: A directory notification for '../../../Engine/Content/' was aborted.
[2018.04.11-21.04.56:758][  4]LogDirectoryWatcher: A directory notification for '../../../../../../Users/micha/OneDrive/Документы/Unreal Projects/TestMechanic/TestMechanic/Mechanic1/Content/' was aborted.
[2018.04.11-21.04.56:758][  4]LogDirectoryWatcher: A directory notification for '../../../Engine/Plugins/2D/Paper2D/Content/' was aborted.
[2018.04.11-21.04.56:758][  4]LogDirectoryWatcher: A directory notification for '../../../Engine/Plugins/Runtime/GearVR/Content/' was aborted.
[2018.04.11-21.04.56:760][  4]LogModuleManager: Shutting down and abandoning module DirectoryWatcher (161)
[2018.04.11-21.04.56:760][  4]LogModuleManager: Shutting down and abandoning module KismetCompiler (158)
[2018.04.11-21.04.56:760][  4]LogModuleManager: Shutting down and abandoning module LevelSequence (156)
[2018.04.11-21.04.56:760][  4]LogModuleManager: Shutting down and abandoning module PhysXFormats (154)
[2018.04.11-21.04.56:760][  4]LogModuleManager: Shutting down and abandoning module MeshUtilities (152)
[2018.04.11-21.04.56:760][  4]LogModuleManager: Shutting down and abandoning module SimplygonSwarm (151)
[2018.04.11-21.04.56:760][  4]LogModuleManager: Shutting down and abandoning module SimplygonMeshReduction (149)
[2018.04.11-21.04.56:760][  4]LogModuleManager: Shutting down and abandoning module QuadricMeshReduction (147)
[2018.04.11-21.04.56:760][  4]LogModuleManager: Shutting down and abandoning module DerivedDataCache (144)
[2018.04.11-21.04.56:768][  4]LogDerivedDataCache: Shutdown
[2018.04.11-21.04.56:768][  4]LogModuleManager: Shutting down and abandoning module TargetPlatform (142)
[2018.04.11-21.04.56:768][  4]LogModuleManager: Shutting down and abandoning module VulkanShaderFormat (141)
[2018.04.11-21.04.56:768][  4]LogModuleManager: Shutting down and abandoning module ShaderFormatVectorVM (139)
[2018.04.11-21.04.56:768][  4]LogModuleManager: Shutting down and abandoning module ShaderFormatOpenGL (137)
[2018.04.11-21.04.56:768][  4]LogModuleManager: Shutting down and abandoning module ShaderFormatD3D (135)
[2018.04.11-21.04.56:768][  4]LogModuleManager: Shutting down and abandoning module MetalShaderFormat (133)
[2018.04.11-21.04.56:768][  4]LogModuleManager: Shutting down and abandoning module TextureFormatUncompressed (131)
[2018.04.11-21.04.56:768][  4]LogModuleManager: Shutting down and abandoning module TextureFormatPVR (129)
[2018.04.11-21.04.56:768][  4]LogModuleManager: Shutting down and abandoning module TextureFormatDXT (127)
[2018.04.11-21.04.56:768][  4]LogModuleManager: Shutting down and abandoning module TextureFormatIntelISPCTexComp (125)
[2018.04.11-21.04.56:768][  4]LogModuleManager: Shutting down and abandoning module TextureFormatASTC (123)
[2018.04.11-21.04.56:768][  4]LogModuleManager: Shutting down and abandoning module ImageWrapper (122)
[2018.04.11-21.04.56:768][  4]LogModuleManager: Shutting down and abandoning module TextureFormatAndroid (119)
[2018.04.11-21.04.56:768][  4]LogModuleManager: Shutting down and abandoning module AudioFormatOpus (117)
[2018.04.11-21.04.56:768][  4]LogModuleManager: Shutting down and abandoning module AudioFormatOgg (115)
[2018.04.11-21.04.56:768][  4]LogModuleManager: Shutting down and abandoning module AudioFormatADPCM (113)
[2018.04.11-21.04.56:768][  4]LogModuleManager: Shutting down and abandoning module LinuxTargetPlatform (111)
[2018.04.11-21.04.56:768][  4]LogModuleManager: Shutting down and abandoning module LinuxServerTargetPlatform (109)
[2018.04.11-21.04.56:768][  4]LogModuleManager: Shutting down and abandoning module LinuxNoEditorTargetPlatform (107)
[2018.04.11-21.04.56:768][  4]LogModuleManager: Shutting down and abandoning module LinuxClientTargetPlatform (105)
[2018.04.11-21.04.56:768][  4]LogModuleManager: Shutting down and abandoning module TVOSTargetPlatform (103)
[2018.04.11-21.04.56:768][  4]LogModuleManager: Shutting down and abandoning module Messaging (101)
[2018.04.11-21.04.56:768][  4]LogModuleManager: Shutting down and abandoning module IOSTargetPlatform (99)
[2018.04.11-21.04.56:768][  4]LogModuleManager: Shutting down and abandoning module HTML5TargetPlatform (97)
[2018.04.11-21.04.56:768][  4]LogModuleManager: Shutting down and abandoning module Android_PVRTCTargetPlatform (95)
[2018.04.11-21.04.56:768][  4]LogModuleManager: Shutting down and abandoning module Android_MultiTargetPlatform (93)
[2018.04.11-21.04.56:768][  4]LogModuleManager: Shutting down and abandoning module Android_ETC2TargetPlatform (91)
[2018.04.11-21.04.56:768][  4]LogModuleManager: Shutting down and abandoning module Android_ETC1TargetPlatform (89)
[2018.04.11-21.04.56:768][  4]LogModuleManager: Shutting down and abandoning module Android_DXTTargetPlatform (87)
[2018.04.11-21.04.56:768][  4]LogModuleManager: Shutting down and abandoning module Android_ATCTargetPlatform (85)
[2018.04.11-21.04.56:768][  4]LogModuleManager: Shutting down and abandoning module Android_ASTCTargetPlatform (83)
[2018.04.11-21.04.56:768][  4]LogModuleManager: Shutting down and abandoning module AndroidTargetPlatform (81)
[2018.04.11-21.04.56:768][  4]LogModuleManager: Shutting down and abandoning module WindowsTargetPlatform (79)
[2018.04.11-21.04.56:768][  4]LogModuleManager: Shutting down and abandoning module WindowsServerTargetPlatform (77)
[2018.04.11-21.04.56:768][  4]LogModuleManager: Shutting down and abandoning module WindowsNoEditorTargetPlatform (75)
[2018.04.11-21.04.56:768][  4]LogModuleManager: Shutting down and abandoning module WindowsClientTargetPlatform (73)
[2018.04.11-21.04.56:768][  4]LogModuleManager: Shutting down and abandoning module MacTargetPlatform (71)
[2018.04.11-21.04.56:768][  4]LogModuleManager: Shutting down and abandoning module MacServerTargetPlatform (69)
[2018.04.11-21.04.56:768][  4]LogModuleManager: Shutting down and abandoning module MacNoEditorTargetPlatform (67)
[2018.04.11-21.04.56:768][  4]LogModuleManager: Shutting down and abandoning module MacClientTargetPlatform (65)
[2018.04.11-21.04.56:768][  4]LogModuleManager: Shutting down and abandoning module AllDesktopTargetPlatform (63)
[2018.04.11-21.04.56:768][  4]LogModuleManager: Shutting down and abandoning module InputCore (60)
[2018.04.11-21.04.56:768][  4]LogModuleManager: Shutting down and abandoning module Settings (58)
[2018.04.11-21.04.56:768][  4]LogModuleManager: Shutting down and abandoning module OculusRift (56)
[2018.04.11-21.04.56:768][  4]LogModuleManager: Shutting down and abandoning module GearVRController (54)
[2018.04.11-21.04.56:768][  4]LogModuleManager: Shutting down and abandoning module GearVR (52)
[2018.04.11-21.04.56:768][  4]LogModuleManager: Shutting down and abandoning module ExampleDeviceProfileSelector (50)
[2018.04.11-21.04.56:768][  4]LogModuleManager: Shutting down and abandoning module OnlineBlueprintSupport (48)
[2018.04.11-21.04.56:768][  4]LogModuleManager: Shutting down and abandoning module OnlineSubsystem (44)
[2018.04.11-21.04.56:768][  4]LogOnline:Display: Unloading online subsystem: NULL
[2018.04.11-21.04.56:768][  4]LogModuleManager: Shutting down and abandoning module XMPP (43)
[2018.04.11-21.04.56:768][  4]LogModuleManager: Shutting down and abandoning module HTTP (41)
[2018.04.11-21.04.56:768][  4]LogHttp:Display: Http module shutting down, but needs to wait on 1 outstanding Http requests:
[2018.04.11-21.04.56:769][  4]LogHttp:Display: 	verb=[POST] url=[https://datarouter.ol.epicgames.com/datarouter/api/v1/public/data?SessionID=%7BBD7B61F8-4C16-8C9A-0033-51AFE7253107%7D&AppID=UEEditor.Rocket.Release&AppVersion=4.16.3-3561208%2B%2B%2BUE4%2BRelease-4.16&UserID=a7532cba4a9af0b7ac1c69ac8e606cf3%7Cf6a1f727b7fd4e02865f71c4c266e34e%7Ce2c0c2f3-cf92-47a7-99bb-8eb0f34f19aa&AppEnvironment=datacollector-binary&UploadType=eteventstream] status=Processing
[2018.04.11-21.04.56:783][  4]LogModuleManager: Shutting down and abandoning module SSL (40)
[2018.04.11-21.04.56:784][  4]LogModuleManager: Shutting down and abandoning module HTTPChunkInstaller (36)
[2018.04.11-21.04.56:784][  4]LogModuleManager: Shutting down and abandoning module AnimationModifiers (34)
[2018.04.11-21.04.56:784][  4]LogModuleManager: Shutting down and abandoning module PropertyEditor (33)
[2018.04.11-21.04.56:784][  4]LogModuleManager: Shutting down and abandoning module AudioEditor (30)
[2018.04.11-21.04.56:784][  4]LogModuleManager: Shutting down and abandoning module TextureCompressor (28)
[2018.04.11-21.04.56:784][  4]LogModuleManager: Shutting down and abandoning module ShaderCore (26)
[2018.04.11-21.04.56:784][  4]LogModuleManager: Shutting down and abandoning module Landscape (24)
[2018.04.11-21.04.56:784][  4]LogModuleManager: Shutting down and abandoning module SlateRHIRenderer (22)
[2018.04.11-21.04.56:784][  4]LogModuleManager: Shutting down and abandoning module OpenGLDrv (20)
[2018.04.11-21.04.56:784][  4]LogModuleManager: Shutting down and abandoning module D3D11RHI (18)
[2018.04.11-21.04.56:784][  4]LogModuleManager: Shutting down and abandoning module AnimGraphRuntime (16)
[2018.04.11-21.04.56:784][  4]LogModuleManager: Shutting down and abandoning module Renderer (14)
[2018.04.11-21.04.56:784][  4]LogModuleManager: Shutting down and abandoning module Engine (12)
[2018.04.11-21.04.56:784][  4]LogModuleManager: Shutting down and abandoning module CoreUObject (10)
[2018.04.11-21.04.56:784][  4]LogModuleManager: Shutting down and abandoning module NetworkFile (8)
[2018.04.11-21.04.56:784][  4]LogModuleManager: Shutting down and abandoning module StreamingFile (6)
[2018.04.11-21.04.56:784][  4]LogModuleManager: Shutting down and abandoning module SandboxFile (4)
[2018.04.11-21.04.56:784][  4]LogModuleManager: Shutting down and abandoning module PakFile (2)
[2018.04.11-21.04.56:785][  4]LogExit: Exiting.
[2018.04.11-21.04.56:792][  4]Log file closed, 04/11/18 23:04:56
