Log file open, 03/30/18 19:06:46
LogInit:Display: Running engine for game: Mechanic1
LogPlatformFile: Not using cached read wrapper
LogInit:Display: RandInit(-1057881042) SRandInit(-1057881042).
LogTaskGraph: Started task graph with 5 named threads and 8 total threads with 1 sets of task threads.
LogStats: Stats thread started at 0.078420
LogInit: Using libcurl 7.47.1
LogInit:  - built for x86_64-pc-win32
LogInit:  - supports SSL with OpenSSL/1.0.2g
LogInit:  - supports HTTP deflate (compression) using libz 1.2.8
LogInit:  - other features:
LogInit:      CURL_VERSION_SSL
LogInit:      CURL_VERSION_LIBZ
LogInit:      CURL_VERSION_IPV6
LogInit:      CURL_VERSION_ASYNCHDNS
LogInit:      CURL_VERSION_LARGEFILE
LogInit:      CURL_VERSION_IDN
LogInit:  CurlRequestOptions (configurable via config and command line):
LogInit:  - bVerifyPeer = false  - Libcurl will NOT verify peer certificate
LogInit:  - bUseHttpProxy = false  - Libcurl will NOT use HTTP proxy
LogInit:  - bDontReuseConnections = false  - Libcurl will reuse connections
LogInit:  - CertBundlePath = nullptr  - Libcurl will use whatever was configured at build time.
LogInit: Build: ++UE4+Release-4.16-CL-3561208
LogInit: Engine Version: 4.16.3-3561208+++UE4+Release-4.16
LogInit: Compatible Engine Version: 4.16.0-3452394+++UE4+Release-4.16
LogInit: Net CL: 3452394
LogDevObjectVersion: Number of dev versions registered: 16
LogDevObjectVersion:   Dev-Blueprints (B0D832E4-1F89-4F0D-ACCF-7EB736FD4AA2): 9
LogDevObjectVersion:   Dev-Build (E1C64328-A22C-4D53-A36C-8E866417BD8C): 0
LogDevObjectVersion:   Dev-Core (375EC13C-06E4-48FB-B500-84F0262A717E): 2
LogDevObjectVersion:   Dev-Editor (E4B068ED-F494-42E9-A231-DA0B2E46BB41): 17
LogDevObjectVersion:   Dev-Framework (CFFC743F-43B0-4480-9391-14DF171D2073): 23
LogDevObjectVersion:   Dev-Mobile (B02B49B5-BB20-44E9-A304-32B752E40360): 0
LogDevObjectVersion:   Dev-Networking (A4E4105C-59A1-49B5-A7C5-40C4547EDFEE): 0
LogDevObjectVersion:   Dev-Online (39C831C9-5AE6-47DC-9A44-9C173E1C8E7C): 0
LogDevObjectVersion:   Dev-Physics (78F01B33-EBEA-4F98-B9B4-84EACCB95AA2): 0
LogDevObjectVersion:   Dev-Platform (6631380F-2D4D-43E0-8009-CF276956A95A): 0
LogDevObjectVersion:   Dev-Rendering (12F88B9F-8875-4AFC-A67C-D90C383ABD29): 15
LogDevObjectVersion:   Dev-Sequencer (7B5AE74C-D270-4C10-A958-57980B212A5A): 4
LogDevObjectVersion:   Dev-VR (D7296918-1DD6-4BDD-9DE2-64A83CC13884): 0
LogDevObjectVersion:   Dev-LoadTimes (C2A15278-BFE7-4AFE-6C17-90FF531DF755): 1
LogDevObjectVersion:   Private-Geometry (6EACA3D4-40EC-4CC1-B786-8BED09428FC5): 1
LogDevObjectVersion:   Dev-AnimPhys (29E575DD-E0A3-4627-9D10-D276232CDCEA): 3
LogInit: Compiled (64-bit): Jul 28 2017 11:49:47
LogInit: Compiled with Visual C++: 19.00.24215.01
LogInit: Build Configuration: Development
LogInit: Branch Name: ++UE4+Release-4.16
LogInit: Command line:  
LogInit: Base directory: C:/Program Files/Epic Games/UE_4.16/Engine/Binaries/Win64/
LogInit: Installed Engine Build: 1
LogInit: Presizing for max 8388607 objects, including 0 objects not considered by GC, pre-allocating 0 bytes for permanent pool.
LogInit: Object subsystem initialized
[2018.03.30-17.06.46:746][  0]LogInit: Selected Device Profile: [Windows]
[2018.03.30-17.06.46:746][  0]LogInit: Applying CVar settings loaded from the selected device profile: [Windows]
[2018.03.30-17.06.46:751][  0]LogInit: Computer: DESKTOP-CUV1LHF
[2018.03.30-17.06.46:751][  0]LogInit: User: micha
[2018.03.30-17.06.46:751][  0]LogInit: CPU Page size=4096, Cores=4
[2018.03.30-17.06.46:751][  0]LogInit: High frequency timer resolution =4.101570 MHz
[2018.03.30-17.06.46:751][  0]LogMemory: Memory total: Physical=15.9GB (16GB approx)
[2018.03.30-17.06.46:751][  0]LogMemory: Platform Memory Stats for Windows
[2018.03.30-17.06.46:751][  0]LogMemory: Process Physical Memory: 276.13 MB used, 276.13 MB peak
[2018.03.30-17.06.46:751][  0]LogMemory: Process Virtual Memory: 262.98 MB used, 262.98 MB peak
[2018.03.30-17.06.46:751][  0]LogMemory: Physical Memory: 4461.35 MB used,  11853.15 MB free, 16314.50 MB total
[2018.03.30-17.06.46:751][  0]LogMemory: Virtual Memory: 678.98 MB used,  11853.15 MB free, 134217728.00 MB total
[2018.03.30-17.06.47:106][  0]LogInit: Using OS detected language (ru-RU).
[2018.03.30-17.06.47:106][  0]LogInit: Using OS detected locale (ru-RU).
[2018.03.30-17.06.47:108][  0]LogTextLocalizationManager: No localization for 'ru-RU' exists, so 'en' will be used for the language.
[2018.03.30-17.06.47:108][  0]LogTextLocalizationManager: No localization for 'ru-RU' exists, so 'en' will be used for the locale.
[2018.03.30-17.06.47:712][  0]LogD3D11RHI: D3D11 adapters:
[2018.03.30-17.06.47:740][  0]LogD3D11RHI:    0. 'NVIDIA GeForce GTX 1080 Ti' (Feature Level 11_0)
[2018.03.30-17.06.47:740][  0]LogD3D11RHI:       11127/0/8157 MB DedicatedVideo/DedicatedSystem/SharedSystem, Outputs:1, VendorId:0x10de
[2018.03.30-17.06.47:742][  0]LogD3D11RHI:    1. 'Microsoft Basic Render Driver' (Feature Level 11_0)
[2018.03.30-17.06.47:742][  0]LogD3D11RHI:       0/0/8157 MB DedicatedVideo/DedicatedSystem/SharedSystem, Outputs:0, VendorId:0x1414
[2018.03.30-17.06.47:742][  0]LogD3D11RHI: Chosen D3D11 Adapter: 0
[2018.03.30-17.06.47:746][  0]LogD3D11RHI: Creating new Direct3DDevice
[2018.03.30-17.06.47:746][  0]LogD3D11RHI:     GPU DeviceId: 0x1b06 (for the marketing name, search the web for "GPU Device Id")
[2018.03.30-17.06.47:746][  0]LogWindows: EnumDisplayDevices:
[2018.03.30-17.06.47:746][  0]LogWindows:    0. 'NVIDIA GeForce GTX 1080 Ti' (P:1 D:1)
[2018.03.30-17.06.47:746][  0]LogWindows:    1. 'NVIDIA GeForce GTX 1080 Ti' (P:0 D:0)
[2018.03.30-17.06.47:746][  0]LogWindows:    2. 'NVIDIA GeForce GTX 1080 Ti' (P:0 D:0)
[2018.03.30-17.06.47:746][  0]LogWindows:    3. 'NVIDIA GeForce GTX 1080 Ti' (P:0 D:0)
[2018.03.30-17.06.47:747][  0]LogWindows: DebugString: GetVideoDriverDetailsInvalid PrimaryIsNotTheChoosenAdapter GetVideoDriverDetailsInvalid PrimaryIsNotTheChoosenAdapter GetVideoDriverDetailsInvalid PrimaryIsNotTheChoosenAdapter GetVideoDriverDetailsInvalid PrimaryIsNotTheChoosenAdapter FoundDriverCount:0 
[2018.03.30-17.06.47:747][  0]LogD3D11RHI:     Adapter Name: NVIDIA GeForce GTX 1080 Ti
[2018.03.30-17.06.47:747][  0]LogD3D11RHI:   Driver Version: Unknown (internal:Unknown, unified:Unknown)
[2018.03.30-17.06.47:747][  0]LogD3D11RHI:      Driver Date: Unknown
[2018.03.30-17.06.47:747][  0]LogRHI: Texture pool is 1361 MB (70% of 1945 MB)
[2018.03.30-17.06.47:765][  0]LogD3D11RHI: Async texture creation enabled
[2018.03.30-17.06.47:784][  0]LogD3D11RHI: GPU Timing Frequency: 1000.000000 (Debug: 2 2)
[2018.03.30-17.06.47:825][  0]LogShaderCompilers: Guid format shader working directory is -55 characters bigger than the processId version (../../../../../../Users/micha/OneDrive/Документы/Unreal Projects/TestMechanic/TestMechanic/Mechanic1/Intermediate/Shaders/WorkingDirectory/11664/).
[2018.03.30-17.06.47:825][  0]LogShaderCompilers: Cleaned the shader compiler working directory 'C:/Users/micha/AppData/Local/Temp/UnrealShaderWorkingDir/850DD7744E5E47CAB29105B5C31EF043/'.
[2018.03.30-17.06.47:825][  0]LogShaderCompilers:Display: Using Local Shader Compiler.
[2018.03.30-17.06.48:515][  0]LogTemp:Display: Loaded TP AllDesktopTargetPlatform
[2018.03.30-17.06.48:551][  0]LogTemp:Display: Loaded TP MacClientTargetPlatform
[2018.03.30-17.06.48:587][  0]LogTemp:Display: Loaded TP MacNoEditorTargetPlatform
[2018.03.30-17.06.48:622][  0]LogTemp:Display: Loaded TP MacServerTargetPlatform
[2018.03.30-17.06.48:658][  0]LogTemp:Display: Loaded TP MacTargetPlatform
[2018.03.30-17.06.48:694][  0]LogTemp:Display: Loaded TP WindowsClientTargetPlatform
[2018.03.30-17.06.48:729][  0]LogTemp:Display: Loaded TP WindowsNoEditorTargetPlatform
[2018.03.30-17.06.48:765][  0]LogTemp:Display: Loaded TP WindowsServerTargetPlatform
[2018.03.30-17.06.48:796][  0]LogTemp:Display: Loaded TP WindowsTargetPlatform
[2018.03.30-17.06.48:831][  0]LogTemp:Display: Loaded TP AndroidTargetPlatform
[2018.03.30-17.06.48:867][  0]LogTemp:Display: Loaded TP Android_ASTCTargetPlatform
[2018.03.30-17.06.48:902][  0]LogTemp:Display: Loaded TP Android_ATCTargetPlatform
[2018.03.30-17.06.48:938][  0]LogTemp:Display: Loaded TP Android_DXTTargetPlatform
[2018.03.30-17.06.48:972][  0]LogTemp:Display: Loaded TP Android_ETC1TargetPlatform
[2018.03.30-17.06.49:007][  0]LogTemp:Display: Loaded TP Android_ETC2TargetPlatform
[2018.03.30-17.06.49:079][  0]LogTemp:Display: Loaded TP Android_MultiTargetPlatform
[2018.03.30-17.06.49:079][  0]LogTemp:Display: Loaded TP Android_PVRTCTargetPlatform
[2018.03.30-17.06.49:107][  0]LogTemp:Display: Loaded TP HTML5TargetPlatform
[2018.03.30-17.06.49:180][  0]LogTemp:Display: Loaded TP IOSTargetPlatform
[2018.03.30-17.06.49:201][  0]LogTemp:Display: Loaded TP TVOSTargetPlatform
[2018.03.30-17.06.49:235][  0]LogTemp:Display: Loaded TP LinuxClientTargetPlatform
[2018.03.30-17.06.49:271][  0]LogTemp:Display: Loaded TP LinuxNoEditorTargetPlatform
[2018.03.30-17.06.49:305][  0]LogTemp:Display: Loaded TP LinuxServerTargetPlatform
[2018.03.30-17.06.49:340][  0]LogTemp:Display: Loaded TP LinuxTargetPlatform
[2018.03.30-17.06.49:340][  0]LogTargetPlatformManager:Display: Building Assets For Windows
[2018.03.30-17.06.49:690][  0]LogDerivedDataCache:Display: Max Cache Size: 512 MB
[2018.03.30-17.06.49:745][  0]LogDerivedDataCache: Loaded boot cache 0.06s 90MB C:/Users/micha/AppData/Local/UnrealEngine/4.16/DerivedDataCache/Boot.ddc.
[2018.03.30-17.06.49:745][  0]LogDerivedDataCache:Display: Loaded Boot cache: C:/Users/micha/AppData/Local/UnrealEngine/4.16/DerivedDataCache/Boot.ddc
[2018.03.30-17.06.49:745][  0]LogDerivedDataCache: FDerivedDataBackendGraph:  Pak pak cache file ../../../../../../Users/micha/OneDrive/Документы/Unreal Projects/TestMechanic/TestMechanic/Mechanic1/DerivedDataCache/DDC.ddp not found, will not use a pak cache.
[2018.03.30-17.06.49:745][  0]LogDerivedDataCache: Unable to find inner node Pak for hierarchical cache Hierarchy.
[2018.03.30-17.06.49:745][  0]LogDerivedDataCache: FDerivedDataBackendGraph:  CompressedPak pak cache file ../../../../../../Users/micha/OneDrive/Документы/Unreal Projects/TestMechanic/TestMechanic/Mechanic1/DerivedDataCache/Compressed.ddp not found, will not use a pak cache.
[2018.03.30-17.06.49:745][  0]LogDerivedDataCache: Unable to find inner node CompressedPak for hierarchical cache Hierarchy.
[2018.03.30-17.06.49:756][  0]LogDerivedDataCache:Display: Pak cache opened for reading ../../../Engine/DerivedDataCache/Compressed.ddp.
[2018.03.30-17.06.49:768][  0]LogDerivedDataCache: Using Local data cache path C:/Users/micha/AppData/Local/UnrealEngine/Common/DerivedDataCache: Writable
[2018.03.30-17.06.49:774][  0]LogMaterial: Verifying Global Shaders for PCD3D_SM5
[2018.03.30-17.06.49:774][  0]LogSlate: Using Freetype 2.6.0
[2018.03.30-17.06.49:775][  0]LogSlate: SlateFontCache - WITH_FREETYPE: 1, WITH_HARFBUZZ: 1
[2018.03.30-17.06.49:775][  0]LogSlate: SlateFontCache - WITH_FREETYPE: 1, WITH_HARFBUZZ: 1
[2018.03.30-17.06.49:987][  0]LogInit: Selected Device Profile: [Windows]
[2018.03.30-17.06.50:030][  0]LogContentStreaming: Texture pool size is 0.00 MB
[2018.03.30-17.06.50:139][  0]LogMeshUtilities: Using QuadricMeshReduction for automatic static mesh reduction
[2018.03.30-17.06.50:170][  0]LogSimplygon: Simplygon DLL not present - disabling.
[2018.03.30-17.06.50:205][  0]LogMeshUtilities: Using SimplygonSwarm for distributed automatic mesh merging
[2018.03.30-17.06.50:205][  0]LogMeshUtilities: No automatic skeletal mesh reduction module available
[2018.03.30-17.06.50:205][  0]LogMeshUtilities: No automatic mesh merging module available
[2018.03.30-17.06.50:558][  0]LogNetVersion: Mechanic1 , NetCL: 3452394, EngineNetVer: 2, GameNetVer: 0 (Checksum: 1296780927)
[2018.03.30-17.06.50:609][  0]LogAssetRegistry: FAssetRegistry took 0.0246 seconds to start up
[2018.03.30-17.06.50:638][  0]LogPackageLocalizationCache: Processed 4 localized package path(s) for 1 prioritized culture(s) in 0.010744 seconds
[2018.03.30-17.06.50:641][  0]LogUObjectArray: 34194 objects as part of root set at end of initial load.
[2018.03.30-17.06.50:641][  0]LogUObjectAllocator: 7260416 out of 0 bytes used by permanent object pool.
[2018.03.30-17.06.50:641][  0]LogUObjectArray: CloseDisregardForGC: 0/0 objects in disregard for GC pool
[2018.03.30-17.06.50:687][  0]LogInit: WinSock: version 1.1 (2.2), MaxSocks=32767, MaxUdp=65467
[2018.03.30-17.06.52:289][  0]LogTcpMessaging: Initializing TcpMessaging bridge
[2018.03.30-17.06.52:319][  0]LogUdpMessaging: Initializing bridge on interface 0.0.0.0:0 to multicast group 230.0.0.1:6666.
[2018.03.30-17.06.52:704][  0]LogMaterial: Uniform references updated for custom material expression Custom.
[2018.03.30-17.06.52:983][  0]SourceControl: Info Source control is disabled
[2018.03.30-17.06.52:984][  0]SourceControl: Info Source control is disabled
[2018.03.30-17.06.53:017][  0]SourceControl: Info Source control is disabled
[2018.03.30-17.06.53:049][  0]SourceControl: Info Source control is disabled
[2018.03.30-17.06.53:550][  0]LogAndroidPermission: UAndroidPermissionCallbackProxy::GetInstance
[2018.03.30-17.06.53:962][  0]LogEngine: Initializing Engine...
[2018.03.30-17.06.53:962][  0]LogHMD: Failed to initialize OpenVR with code 110
[2018.03.30-17.06.54:082][  0]LogStats: UGameplayTagsManager::ConstructGameplayTagTree: Construct from data asset -  0.000 s
[2018.03.30-17.06.54:082][  0]LogStats: UGameplayTagsManager::ConstructGameplayTagTree: GameplayTagTreeChangedEvent.Broadcast -  0.000 s
[2018.03.30-17.06.54:172][  0]LogAIModule: Creating AISystem for world Untitled
[2018.03.30-17.06.54:180][  0]LogInit: XAudio2 using 'Наушники гарнитуры (Razer ManO'War 7.1)' : 2 channels at 48 kHz using 16 bits per sample (channel mask 0x3)
[2018.03.30-17.06.54:209][  0]LogInit: FAudioDevice initialized.
[2018.03.30-17.06.54:241][  0]LogDerivedDataCache: Saved boot cache 0.03s 90MB C:/Users/micha/AppData/Local/UnrealEngine/4.16/DerivedDataCache/Boot.ddc.
[2018.03.30-17.06.54:247][  0]LogInit: Texture streaming: Enabled
[2018.03.30-17.06.54:314][  0]LogEngineSessionManager: EngineSessionManager initialized
[2018.03.30-17.06.54:468][  0]LogInit: Transaction tracking system initialized
[2018.03.30-17.06.54:685][  0]BlueprintLog: New page: Editor Load
[2018.03.30-17.06.55:376][  0]LocalizationService: Info Localization service is disabled
[2018.03.30-17.06.55:859][  0]LogConsoleResponse:Display: 
[2018.03.30-17.06.55:957][  0]LogCook:Display: Max memory allowance for cook 16384mb min free memory 0mb
[2018.03.30-17.06.55:957][  0]LogCook:Display: Mobile HDR setting 1
[2018.03.30-17.06.56:666][  0]LogFileCache: Scanning file cache for directory 'C:/Users/micha/OneDrive/Документы/Unreal Projects/TestMechanic/TestMechanic/Mechanic1/Content/' took 0.01s
[2018.03.30-17.06.56:666][  0]SourceControl: Info Source control is disabled
[2018.03.30-17.06.56:666][  0]LightingResults: New page: Lighting Build
[2018.03.30-17.06.56:697][  0]MapCheck: New page: Map Check
[2018.03.30-17.06.56:697][  0]LightingResults: New page: Lighting Build
[2018.03.30-17.06.56:988][  0]LogAIModule: Creating AISystem for world Minimal_Default
[2018.03.30-17.06.56:993][  0]LogEditorServer: Finished looking for orphan Actors (0.000 secs)
[2018.03.30-17.06.57:001][  0]Cmd: MAP CHECKDEP NOCLEARLOG
[2018.03.30-17.06.57:039][  0]MapCheck: Info Map check complete: 0 Error(s), 0 Warning(s), took 38.36ms to complete.
[2018.03.30-17.06.57:039][  0]LogFileHelpers: Loading map 'Minimal_Default' took 0.373
[2018.03.30-17.06.57:089][  0]LogWindowsTextInputMethodSystem:Display: IME system now deactivated.
[2018.03.30-17.06.57:143][  0]LogCollectionManager: Loaded 0 collections in 0.000971 seconds
[2018.03.30-17.06.57:206][  0]LogFileCache: Scanning file cache for directory 'C:/Users/micha/OneDrive/Документы/Unreal Projects/TestMechanic/TestMechanic/Mechanic1/Saved/Collections/' took 0.01s
[2018.03.30-17.06.57:206][  0]LogFileCache: Scanning file cache for directory 'C:/Users/micha/OneDrive/Документы/Unreal Projects/TestMechanic/TestMechanic/Mechanic1/Content/Developers/micha/Collections/' took 0.01s
[2018.03.30-17.06.57:206][  0]LogFileCache: Scanning file cache for directory 'C:/Users/micha/OneDrive/Документы/Unreal Projects/TestMechanic/TestMechanic/Mechanic1/Content/Collections/' took 0.01s
[2018.03.30-17.06.57:206][  0]LogCollectionManager: Rebuilt the GUID cache for 0 collections in 0.000002 seconds
[2018.03.30-17.06.57:212][  0]LogContentBrowser: Native class hierarchy populated in 0.0060 seconds. Added 2329 classes and 491 folders.
[2018.03.30-17.06.57:256][  0]LogContentBrowser: Native class hierarchy updated for 'WidgetCarousel' in 0.0004 seconds. Added 0 classes and 0 folders.
[2018.03.30-17.06.57:279][  0]LogContentBrowser: Native class hierarchy updated for 'AddContentDialog' in 0.0004 seconds. Added 0 classes and 0 folders.
[2018.03.30-17.06.57:308][  0]LogContentBrowser: Native class hierarchy updated for 'SceneOutliner' in 0.0004 seconds. Added 1 classes and 2 folders.
[2018.03.30-17.06.57:365][  0]LogCrashTracker: Crashtracker disabled due to settings.
[2018.03.30-17.06.57:368][  0]LogSlate: Took 0.000112 seconds to synchronously load lazily loaded font '../../../Engine/Content/Slate/Fonts/Roboto-Regular.ttf' (155K)
[2018.03.30-17.06.57:369][  0]LogSlate: Took 0.000109 seconds to synchronously load lazily loaded font '../../../Engine/Content/Slate/Fonts/Roboto-Bold.ttf' (160K)
[2018.03.30-17.06.57:372][  0]LogSlate: Took 0.000145 seconds to synchronously load lazily loaded font '../../../Engine/Content/Editor/Slate/Fonts/FontAwesome.ttf' (139K)
[2018.03.30-17.06.57:432][  0]LogRenderer: Reallocating scene render targets to support 1224x592 NumSamples 1 (Frame:1).
[2018.03.30-17.06.57:495][  0]LogUObjectGlobals:Warning: Failed to find object 'Class None.'
[2018.03.30-17.06.57:546][  0]LogContentBrowser: Native class hierarchy updated for 'HierarchicalLODOutliner' in 0.0004 seconds. Added 1 classes and 2 folders.
[2018.03.30-17.06.57:546][  0]LogLoad: (Engine Initialization) Total time: 11.86 seconds
[2018.03.30-17.06.57:546][  0]LogLoad: (Engine Initialization) Total Blueprint compile time: 0.10 seconds
[2018.03.30-17.06.57:546][  0]LogExternalProfiler: No external profilers were discovered.  External profiling features will not be available.
[2018.03.30-17.06.57:556][  0]LogOcInput: OculusInput pre-init called
[2018.03.30-17.06.57:556][  0]LogHMD: Starting GearVRController plugin
[2018.03.30-17.06.57:567][  0]LogAssetRegistry: Asset discovery search completed in 6.9804 seconds
[2018.03.30-17.06.57:568][  0]LogCollectionManager: Rebuilt the object cache for 0 collections in 0.000000 seconds (found 0 objects)
[2018.03.30-17.06.57:568][  0]LogCollectionManager: Fixed up redirectors for 0 collections in 0.000018 seconds (updated 0 objects)
[2018.03.30-17.06.57:571][  0]LogContentStreaming: Texture pool size now 3000 MB
[2018.03.30-17.06.57:605][  0]LogSlate: Took 0.000126 seconds to synchronously load lazily loaded font '../../../Engine/Content/Slate/Fonts/Roboto-Light.ttf' (159K)
[2018.03.30-17.06.59:472][219]LogEditorViewport: Clicking on Actor (LMB): StaticMeshActor (Floor)
[2018.03.30-17.07.57:328][ 68]LogActorFactory: Actor Factory created SM_DoorFrame
[2018.03.30-17.08.00:235][408]LogActorFactory: Actor Factory created SM_DoorFrame
[2018.03.30-17.08.04:684][936]LogActorFactory: Actor Factory created SM_Door
[2018.03.30-17.08.09:131][468]LogActorFactory: Actor Factory created SM_Door
[2018.03.30-17.08.12:096][821]LogEditorViewport: Clicking on Actor (LMB): StaticMeshActor (Floor)
[2018.03.30-17.08.13:486][985]LogEditorViewport: Clicking on Actor (LMB): StaticMeshActor (SM_Door)
[2018.03.30-17.08.25:498][420]LogEditorViewport: Clicking on Actor (LMB): StaticMeshActor (Floor)
[2018.03.30-17.08.29:916][947]LogEditorViewport: Clicking on Actor (LMB): StaticMeshActor (SM_Door)
[2018.03.30-17.09.02:403][837]LogTemp: Repeting last play command: Selected Viewport
[2018.03.30-17.09.02:427][837]LogBlueprintUserMessages: Early PlayInEditor Detection: Level '/Game/StarterContent/Maps/Minimal_Default.Minimal_Default:PersistentLevel' has LevelScriptBlueprint '/Game/StarterContent/Maps/Minimal_Default.Minimal_Default:PersistentLevel.Minimal_Default' with GeneratedClass '/Game/StarterContent/Maps/Minimal_Default.Minimal_Default_C' with ClassGeneratedBy '/Game/StarterContent/Maps/Minimal_Default.Minimal_Default:PersistentLevel.Minimal_Default'
[2018.03.30-17.09.02:427][837]LogPlayLevel: PlayLevel: No blueprints needed recompiling
[2018.03.30-17.09.02:427][837]PIE: New page: PIE session: Minimal_Default (Mar 30, 2018, 9:09:02 PM)
[2018.03.30-17.09.02:427][837]LogPlayLevel: Creating play world package: /Game/StarterContent/Maps/UEDPIE_0_Minimal_Default
[2018.03.30-17.09.02:432][837]LogPlayLevel: PIE: StaticDuplicateObject took: (0.005403s)
[2018.03.30-17.09.02:433][837]LogAIModule: Creating AISystem for world Minimal_Default
[2018.03.30-17.09.02:433][837]LogPlayLevel: PIE: World Init took: (0.000560s)
[2018.03.30-17.09.02:433][837]LogPlayLevel: PIE: Created PIE world by copying editor world from /Game/StarterContent/Maps/Minimal_Default.Minimal_Default to /Game/StarterContent/Maps/UEDPIE_0_Minimal_Default.Minimal_Default (0.006118s)
[2018.03.30-17.09.02:449][837]LogInit: XAudio2 using 'Наушники гарнитуры (Razer ManO'War 7.1)' : 2 channels at 48 kHz using 16 bits per sample (channel mask 0x3)
[2018.03.30-17.09.02:467][837]LogInit: FAudioDevice initialized.
[2018.03.30-17.09.02:505][837]LogLoad: Game class is 'Lol_C'
[2018.03.30-17.09.02:507][837]LogWorld: Bringing World /Game/StarterContent/Maps/UEDPIE_0_Minimal_Default.Minimal_Default up for play (max tick rate 0) at 2018.03.30-19.09.02
[2018.03.30-17.09.02:507][837]LogWorld: Bringing up level for play took: 0.000957
[2018.03.30-17.09.02:537][837]LogContentBrowser: Native class hierarchy updated for 'MovieSceneCapture' in 0.0004 seconds. Added 11 classes and 0 folders.
[2018.03.30-17.09.02:538][837]PIE: Info Play in editor start time for /Game/StarterContent/Maps/UEDPIE_0_Minimal_Default 1.091
[2018.03.30-17.09.02:538][837]LogBlueprintUserMessages: Late PlayInEditor Detection: Level '/Game/StarterContent/Maps/Minimal_Default.Minimal_Default:PersistentLevel' has LevelScriptBlueprint '/Game/StarterContent/Maps/Minimal_Default.Minimal_Default:PersistentLevel.Minimal_Default' with GeneratedClass '/Game/StarterContent/Maps/Minimal_Default.Minimal_Default_C' with ClassGeneratedBy '/Game/StarterContent/Maps/Minimal_Default.Minimal_Default:PersistentLevel.Minimal_Default'
[2018.03.30-17.09.12:712][ 54]LogBlueprintUserMessages: Early EndPlayMap Detection: Level '/Game/StarterContent/Maps/Minimal_Default.Minimal_Default:PersistentLevel' has LevelScriptBlueprint '/Game/StarterContent/Maps/Minimal_Default.Minimal_Default:PersistentLevel.Minimal_Default' with GeneratedClass '/Game/StarterContent/Maps/Minimal_Default.Minimal_Default_C' with ClassGeneratedBy '/Game/StarterContent/Maps/Minimal_Default.Minimal_Default:PersistentLevel.Minimal_Default'
[2018.03.30-17.09.12:751][ 54]LogBlueprintUserMessages: Late EndPlayMap Detection: Level '/Game/StarterContent/Maps/Minimal_Default.Minimal_Default:PersistentLevel' has LevelScriptBlueprint '/Game/StarterContent/Maps/Minimal_Default.Minimal_Default:PersistentLevel.Minimal_Default' with GeneratedClass '/Game/StarterContent/Maps/Minimal_Default.Minimal_Default_C' with ClassGeneratedBy '/Game/StarterContent/Maps/Minimal_Default.Minimal_Default:PersistentLevel.Minimal_Default'
[2018.03.30-17.09.14:912][310]LogEditorViewport: Clicking on Actor (LMB): StaticMeshActor (Cube)
[2018.03.30-17.09.15:322][356]LogSlate: Took 0.002457 seconds to synchronously load lazily loaded font '../../../Engine/Content/Editor/Slate/Fonts/Roboto-Italic.ttf' (157K)
[2018.03.30-17.11.55:289][500]EditorErrors: New page: Actor attachment
[2018.03.30-17.12.00:241][ 93]LogTemp: Repeting last play command: Selected Viewport
[2018.03.30-17.12.00:249][ 93]LogBlueprintUserMessages: Early PlayInEditor Detection: Level '/Game/StarterContent/Maps/Minimal_Default.Minimal_Default:PersistentLevel' has LevelScriptBlueprint '/Game/StarterContent/Maps/Minimal_Default.Minimal_Default:PersistentLevel.Minimal_Default' with GeneratedClass '/Game/StarterContent/Maps/Minimal_Default.Minimal_Default_C' with ClassGeneratedBy '/Game/StarterContent/Maps/Minimal_Default.Minimal_Default:PersistentLevel.Minimal_Default'
[2018.03.30-17.12.00:249][ 93]LogPlayLevel: PlayLevel: No blueprints needed recompiling
[2018.03.30-17.12.00:249][ 93]PIE: New page: PIE session: Minimal_Default (Mar 30, 2018, 9:12:00 PM)
[2018.03.30-17.12.00:249][ 93]LogPlayLevel: Creating play world package: /Game/StarterContent/Maps/UEDPIE_0_Minimal_Default
[2018.03.30-17.12.00:254][ 93]LogPlayLevel: PIE: StaticDuplicateObject took: (0.005208s)
[2018.03.30-17.12.00:255][ 93]LogAIModule: Creating AISystem for world Minimal_Default
[2018.03.30-17.12.00:255][ 93]LogPlayLevel: PIE: World Init took: (0.000511s)
[2018.03.30-17.12.00:255][ 93]LogPlayLevel: PIE: Created PIE world by copying editor world from /Game/StarterContent/Maps/Minimal_Default.Minimal_Default to /Game/StarterContent/Maps/UEDPIE_0_Minimal_Default.Minimal_Default (0.005866s)
[2018.03.30-17.12.00:274][ 93]LogInit: XAudio2 using 'Наушники гарнитуры (Razer ManO'War 7.1)' : 2 channels at 48 kHz using 16 bits per sample (channel mask 0x3)
[2018.03.30-17.12.00:291][ 93]LogInit: FAudioDevice initialized.
[2018.03.30-17.12.00:321][ 93]LogLoad: Game class is 'Lol_C'
[2018.03.30-17.12.00:322][ 93]LogWorld: Bringing World /Game/StarterContent/Maps/UEDPIE_0_Minimal_Default.Minimal_Default up for play (max tick rate 0) at 2018.03.30-19.12.00
[2018.03.30-17.12.00:322][ 93]LogWorld: Bringing up level for play took: 0.000870
[2018.03.30-17.12.00:324][ 93]PIE: Info Play in editor start time for /Game/StarterContent/Maps/UEDPIE_0_Minimal_Default 0.877
[2018.03.30-17.12.00:324][ 93]LogBlueprintUserMessages: Late PlayInEditor Detection: Level '/Game/StarterContent/Maps/Minimal_Default.Minimal_Default:PersistentLevel' has LevelScriptBlueprint '/Game/StarterContent/Maps/Minimal_Default.Minimal_Default:PersistentLevel.Minimal_Default' with GeneratedClass '/Game/StarterContent/Maps/Minimal_Default.Minimal_Default_C' with ClassGeneratedBy '/Game/StarterContent/Maps/Minimal_Default.Minimal_Default:PersistentLevel.Minimal_Default'
[2018.03.30-17.12.10:786][344]LogBlueprintUserMessages: Early EndPlayMap Detection: Level '/Game/StarterContent/Maps/Minimal_Default.Minimal_Default:PersistentLevel' has LevelScriptBlueprint '/Game/StarterContent/Maps/Minimal_Default.Minimal_Default:PersistentLevel.Minimal_Default' with GeneratedClass '/Game/StarterContent/Maps/Minimal_Default.Minimal_Default_C' with ClassGeneratedBy '/Game/StarterContent/Maps/Minimal_Default.Minimal_Default:PersistentLevel.Minimal_Default'
[2018.03.30-17.12.10:829][344]LogBlueprintUserMessages: Late EndPlayMap Detection: Level '/Game/StarterContent/Maps/Minimal_Default.Minimal_Default:PersistentLevel' has LevelScriptBlueprint '/Game/StarterContent/Maps/Minimal_Default.Minimal_Default:PersistentLevel.Minimal_Default' with GeneratedClass '/Game/StarterContent/Maps/Minimal_Default.Minimal_Default_C' with ClassGeneratedBy '/Game/StarterContent/Maps/Minimal_Default.Minimal_Default:PersistentLevel.Minimal_Default'
[2018.03.30-17.12.11:518][423]LogEditorViewport: Clicking on Actor (LMB): StaticMeshActor (SM_Door)
[2018.03.30-17.12.14:433][768]LogEditorViewport: Clicking on Actor (LMB): StaticMeshActor (Floor)
[2018.03.30-17.12.15:535][897]LogEditorViewport: Clicking on Actor (LMB): StaticMeshActor (SM_Door)
[2018.03.30-17.12.19:417][358]LogTemp: Repeting last play command: Selected Viewport
[2018.03.30-17.12.19:424][358]LogBlueprintUserMessages: Early PlayInEditor Detection: Level '/Game/StarterContent/Maps/Minimal_Default.Minimal_Default:PersistentLevel' has LevelScriptBlueprint '/Game/StarterContent/Maps/Minimal_Default.Minimal_Default:PersistentLevel.Minimal_Default' with GeneratedClass '/Game/StarterContent/Maps/Minimal_Default.Minimal_Default_C' with ClassGeneratedBy '/Game/StarterContent/Maps/Minimal_Default.Minimal_Default:PersistentLevel.Minimal_Default'
[2018.03.30-17.12.19:424][358]LogPlayLevel: PlayLevel: No blueprints needed recompiling
[2018.03.30-17.12.19:424][358]PIE: New page: PIE session: Minimal_Default (Mar 30, 2018, 9:12:19 PM)
[2018.03.30-17.12.19:424][358]LogPlayLevel: Creating play world package: /Game/StarterContent/Maps/UEDPIE_0_Minimal_Default
[2018.03.30-17.12.19:429][358]LogPlayLevel: PIE: StaticDuplicateObject took: (0.004832s)
[2018.03.30-17.12.19:429][358]LogAIModule: Creating AISystem for world Minimal_Default
[2018.03.30-17.12.19:429][358]LogPlayLevel: PIE: World Init took: (0.000527s)
[2018.03.30-17.12.19:429][358]LogPlayLevel: PIE: Created PIE world by copying editor world from /Game/StarterContent/Maps/Minimal_Default.Minimal_Default to /Game/StarterContent/Maps/UEDPIE_0_Minimal_Default.Minimal_Default (0.005521s)
[2018.03.30-17.12.19:443][358]LogInit: XAudio2 using 'Наушники гарнитуры (Razer ManO'War 7.1)' : 2 channels at 48 kHz using 16 bits per sample (channel mask 0x3)
[2018.03.30-17.12.19:459][358]LogInit: FAudioDevice initialized.
[2018.03.30-17.12.19:487][358]LogLoad: Game class is 'Lol_C'
[2018.03.30-17.12.19:488][358]LogWorld: Bringing World /Game/StarterContent/Maps/UEDPIE_0_Minimal_Default.Minimal_Default up for play (max tick rate 0) at 2018.03.30-19.12.19
[2018.03.30-17.12.19:488][358]LogWorld: Bringing up level for play took: 0.000883
[2018.03.30-17.12.19:490][358]PIE: Info Play in editor start time for /Game/StarterContent/Maps/UEDPIE_0_Minimal_Default 0.043
[2018.03.30-17.12.19:490][358]LogBlueprintUserMessages: Late PlayInEditor Detection: Level '/Game/StarterContent/Maps/Minimal_Default.Minimal_Default:PersistentLevel' has LevelScriptBlueprint '/Game/StarterContent/Maps/Minimal_Default.Minimal_Default:PersistentLevel.Minimal_Default' with GeneratedClass '/Game/StarterContent/Maps/Minimal_Default.Minimal_Default_C' with ClassGeneratedBy '/Game/StarterContent/Maps/Minimal_Default.Minimal_Default:PersistentLevel.Minimal_Default'
[2018.03.30-17.12.37:043][460]LogBlueprintUserMessages: Early EndPlayMap Detection: Level '/Game/StarterContent/Maps/Minimal_Default.Minimal_Default:PersistentLevel' has LevelScriptBlueprint '/Game/StarterContent/Maps/Minimal_Default.Minimal_Default:PersistentLevel.Minimal_Default' with GeneratedClass '/Game/StarterContent/Maps/Minimal_Default.Minimal_Default_C' with ClassGeneratedBy '/Game/StarterContent/Maps/Minimal_Default.Minimal_Default:PersistentLevel.Minimal_Default'
[2018.03.30-17.12.37:084][460]LogBlueprintUserMessages: Late EndPlayMap Detection: Level '/Game/StarterContent/Maps/Minimal_Default.Minimal_Default:PersistentLevel' has LevelScriptBlueprint '/Game/StarterContent/Maps/Minimal_Default.Minimal_Default:PersistentLevel.Minimal_Default' with GeneratedClass '/Game/StarterContent/Maps/Minimal_Default.Minimal_Default_C' with ClassGeneratedBy '/Game/StarterContent/Maps/Minimal_Default.Minimal_Default:PersistentLevel.Minimal_Default'
[2018.03.30-17.12.39:996][805]LogEditorViewport: Clicking on Actor (LMB): StaticMeshActor (SM_Door)
[2018.03.30-17.13.29:349][702]LogTemp: Repeting last play command: Selected Viewport
[2018.03.30-17.13.29:356][702]LogBlueprintUserMessages: Early PlayInEditor Detection: Level '/Game/StarterContent/Maps/Minimal_Default.Minimal_Default:PersistentLevel' has LevelScriptBlueprint '/Game/StarterContent/Maps/Minimal_Default.Minimal_Default:PersistentLevel.Minimal_Default' with GeneratedClass '/Game/StarterContent/Maps/Minimal_Default.Minimal_Default_C' with ClassGeneratedBy '/Game/StarterContent/Maps/Minimal_Default.Minimal_Default:PersistentLevel.Minimal_Default'
[2018.03.30-17.13.29:356][702]LogPlayLevel: PlayLevel: No blueprints needed recompiling
[2018.03.30-17.13.29:356][702]PIE: New page: PIE session: Minimal_Default (Mar 30, 2018, 9:13:29 PM)
[2018.03.30-17.13.29:356][702]LogPlayLevel: Creating play world package: /Game/StarterContent/Maps/UEDPIE_0_Minimal_Default
[2018.03.30-17.13.29:361][702]LogPlayLevel: PIE: StaticDuplicateObject took: (0.005032s)
[2018.03.30-17.13.29:361][702]LogAIModule: Creating AISystem for world Minimal_Default
[2018.03.30-17.13.29:362][702]LogPlayLevel: PIE: World Init took: (0.000501s)
[2018.03.30-17.13.29:362][702]LogPlayLevel: PIE: Created PIE world by copying editor world from /Game/StarterContent/Maps/Minimal_Default.Minimal_Default to /Game/StarterContent/Maps/UEDPIE_0_Minimal_Default.Minimal_Default (0.005696s)
[2018.03.30-17.13.29:379][702]LogInit: XAudio2 using 'Наушники гарнитуры (Razer ManO'War 7.1)' : 2 channels at 48 kHz using 16 bits per sample (channel mask 0x3)
[2018.03.30-17.13.29:396][702]LogInit: FAudioDevice initialized.
[2018.03.30-17.13.29:426][702]LogLoad: Game class is 'Lol_C'
[2018.03.30-17.13.29:427][702]LogWorld: Bringing World /Game/StarterContent/Maps/UEDPIE_0_Minimal_Default.Minimal_Default up for play (max tick rate 0) at 2018.03.30-19.13.29
[2018.03.30-17.13.29:427][702]LogWorld: Bringing up level for play took: 0.000810
[2018.03.30-17.13.29:428][702]PIE: Info Play in editor start time for /Game/StarterContent/Maps/UEDPIE_0_Minimal_Default -0.018
[2018.03.30-17.13.29:428][702]LogBlueprintUserMessages: Late PlayInEditor Detection: Level '/Game/StarterContent/Maps/Minimal_Default.Minimal_Default:PersistentLevel' has LevelScriptBlueprint '/Game/StarterContent/Maps/Minimal_Default.Minimal_Default:PersistentLevel.Minimal_Default' with GeneratedClass '/Game/StarterContent/Maps/Minimal_Default.Minimal_Default_C' with ClassGeneratedBy '/Game/StarterContent/Maps/Minimal_Default.Minimal_Default:PersistentLevel.Minimal_Default'
[2018.03.30-17.13.46:552][753]LogBlueprintUserMessages: Early EndPlayMap Detection: Level '/Game/StarterContent/Maps/Minimal_Default.Minimal_Default:PersistentLevel' has LevelScriptBlueprint '/Game/StarterContent/Maps/Minimal_Default.Minimal_Default:PersistentLevel.Minimal_Default' with GeneratedClass '/Game/StarterContent/Maps/Minimal_Default.Minimal_Default_C' with ClassGeneratedBy '/Game/StarterContent/Maps/Minimal_Default.Minimal_Default:PersistentLevel.Minimal_Default'
[2018.03.30-17.13.46:590][753]LogBlueprintUserMessages: Late EndPlayMap Detection: Level '/Game/StarterContent/Maps/Minimal_Default.Minimal_Default:PersistentLevel' has LevelScriptBlueprint '/Game/StarterContent/Maps/Minimal_Default.Minimal_Default:PersistentLevel.Minimal_Default' with GeneratedClass '/Game/StarterContent/Maps/Minimal_Default.Minimal_Default_C' with ClassGeneratedBy '/Game/StarterContent/Maps/Minimal_Default.Minimal_Default:PersistentLevel.Minimal_Default'
[2018.03.30-17.13.49:245][ 67]LogEditorViewport: Clicking on Actor (LMB): StaticMeshActor (SM_Door)
[2018.03.30-17.14.00:698][432]LogContentBrowser: Native class hierarchy updated for 'Matinee' in 0.0005 seconds. Added 15 classes and 2 folders.
[2018.03.30-17.14.00:704][432]LogInit: Transaction tracking system initialized
[2018.03.30-17.14.00:704][432]EditorErrors: New page: Matinee Initialization
[2018.03.30-17.14.20:377][ 24]LogEditorViewport: Clicking on Actor (LMB): StaticMeshActor (SM_Door)
[2018.03.30-17.15.38:108][703]LogSlate: Took 0.000090 seconds to synchronously load lazily loaded font '../../../Engine/Content/Slate/Fonts/Roboto-Light.ttf' (159K)
[2018.03.30-17.15.38:770][777]LogSlate: Took 0.000099 seconds to synchronously load lazily loaded font '../../../Engine/Content/Slate/Fonts/Roboto-Light.ttf' (159K)
[2018.03.30-17.15.39:029][777]LogContentBrowser: Native class hierarchy updated for 'BlueprintGraph' in 0.0007 seconds. Added 112 classes and 0 folders.
[2018.03.30-17.15.39:427][777]LogSlate: Took 0.001073 seconds to synchronously load lazily loaded font '../../../Engine/Content/Editor/Slate/Fonts/Roboto-BoldCondensed.ttf' (158K)
[2018.03.30-17.19.39:635][509]LogExit: Transaction tracking system shut down
[2018.03.30-17.19.39:740][509]LogSavePackage: Save=98.99ms
[2018.03.30-17.19.39:740][509]LogSavePackage: Moving '../../../../../../Users/micha/OneDrive/Документы/Unreal Projects/TestMechanic/TestMechanic/Mechanic1/Saved/Minimal_Default_Auto1A16ADFE840BB9285BF8E9AB60BDA5946.tmp' to '../../../../../../Users/micha/OneDrive/Документы/Unreal Projects/TestMechanic/TestMechanic/Mechanic1/Saved/Autosaves/Game/StarterContent/Maps/Minimal_Default_Auto1.umap'
[2018.03.30-17.19.39:740][509]LogSavePackage:Display: Finished SavePackage ../../../../../../Users/micha/OneDrive/Документы/Unreal Projects/TestMechanic/TestMechanic/Mechanic1/Saved/Autosaves/Game/StarterContent/Maps/Minimal_Default_Auto1.umap
[2018.03.30-17.19.39:742][509]LogFileHelpers: Editor autosave (incl. sublevels) for '/Game/StarterContent/Maps/Minimal_Default' took 0.125
[2018.03.30-17.19.39:742][509]LogFileHelpers: Editor autosave (incl. sublevels) for all levels took 0.125
[2018.03.30-17.20.32:379][437]LogEditorViewport: Clicking on Actor (LMB): MatineeActor (MatineeActor)
[2018.03.30-17.21.26:424][647]BlueprintLog: New page: Compile Minimal_Default
[2018.03.30-17.21.53:702][878]BlueprintLog: New page: Compile Minimal_Default
[2018.03.30-17.21.54:609][957]LogSavePackage: Save=102.15ms
[2018.03.30-17.21.54:609][957]LogSavePackage: Moving '../../../../../../Users/micha/OneDrive/Документы/Unreal Projects/TestMechanic/TestMechanic/Mechanic1/Saved/Minimal_DefaultB877CF484E18DA35E502B2B9C9DF9C61.tmp' to '../../../../../../Users/micha/OneDrive/Документы/Unreal Projects/TestMechanic/TestMechanic/Mechanic1/Content/StarterContent/Maps/Minimal_Default.umap'
[2018.03.30-17.21.54:611][957]LogSavePackage:Display: Finished SavePackage ../../../../../../Users/micha/OneDrive/Документы/Unreal Projects/TestMechanic/TestMechanic/Mechanic1/Content/StarterContent/Maps/Minimal_Default.umap
[2018.03.30-17.21.54:622][957]LogFileHelpers: Saving map 'Minimal_Default' took 0.169
[2018.03.30-17.21.57:818][333]LogTemp: Repeting last play command: Selected Viewport
[2018.03.30-17.21.57:826][333]LogBlueprintUserMessages: Early PlayInEditor Detection: Level '/Game/StarterContent/Maps/Minimal_Default.Minimal_Default:PersistentLevel' has LevelScriptBlueprint '/Game/StarterContent/Maps/Minimal_Default.Minimal_Default:PersistentLevel.Minimal_Default' with GeneratedClass '/Game/StarterContent/Maps/Minimal_Default.Minimal_Default_C' with ClassGeneratedBy '/Game/StarterContent/Maps/Minimal_Default.Minimal_Default:PersistentLevel.Minimal_Default'
[2018.03.30-17.21.57:826][333]LogPlayLevel: PlayLevel: No blueprints needed recompiling
[2018.03.30-17.21.57:826][333]PIE: New page: PIE session: Minimal_Default (Mar 30, 2018, 9:21:57 PM)
[2018.03.30-17.21.57:826][333]LogPlayLevel: Creating play world package: /Game/StarterContent/Maps/UEDPIE_0_Minimal_Default
[2018.03.30-17.21.57:832][333]LogPlayLevel: PIE: StaticDuplicateObject took: (0.005821s)
[2018.03.30-17.21.57:832][333]LogAIModule: Creating AISystem for world Minimal_Default
[2018.03.30-17.21.57:832][333]LogPlayLevel: PIE: World Init took: (0.000621s)
[2018.03.30-17.21.57:832][333]LogPlayLevel: PIE: Created PIE world by copying editor world from /Game/StarterContent/Maps/Minimal_Default.Minimal_Default to /Game/StarterContent/Maps/UEDPIE_0_Minimal_Default.Minimal_Default (0.006595s)
[2018.03.30-17.21.57:850][333]LogInit: XAudio2 using 'Наушники гарнитуры (Razer ManO'War 7.1)' : 2 channels at 48 kHz using 16 bits per sample (channel mask 0x3)
[2018.03.30-17.21.57:867][333]LogInit: FAudioDevice initialized.
[2018.03.30-17.21.57:898][333]LogLoad: Game class is 'Lol_C'
[2018.03.30-17.21.57:899][333]LogWorld: Bringing World /Game/StarterContent/Maps/UEDPIE_0_Minimal_Default.Minimal_Default up for play (max tick rate 0) at 2018.03.30-19.21.57
[2018.03.30-17.21.57:899][333]LogWorld: Bringing up level for play took: 0.000933
[2018.03.30-17.21.57:901][333]PIE: Info Play in editor start time for /Game/StarterContent/Maps/UEDPIE_0_Minimal_Default 0.454
[2018.03.30-17.21.57:901][333]LogBlueprintUserMessages: Late PlayInEditor Detection: Level '/Game/StarterContent/Maps/Minimal_Default.Minimal_Default:PersistentLevel' has LevelScriptBlueprint '/Game/StarterContent/Maps/Minimal_Default.Minimal_Default:PersistentLevel.Minimal_Default' with GeneratedClass '/Game/StarterContent/Maps/Minimal_Default.Minimal_Default_C' with ClassGeneratedBy '/Game/StarterContent/Maps/Minimal_Default.Minimal_Default:PersistentLevel.Minimal_Default'
[2018.03.30-17.22.05:699][265]LogBlueprintUserMessages: Early EndPlayMap Detection: Level '/Game/StarterContent/Maps/Minimal_Default.Minimal_Default:PersistentLevel' has LevelScriptBlueprint '/Game/StarterContent/Maps/Minimal_Default.Minimal_Default:PersistentLevel.Minimal_Default' with GeneratedClass '/Game/StarterContent/Maps/Minimal_Default.Minimal_Default_C' with ClassGeneratedBy '/Game/StarterContent/Maps/Minimal_Default.Minimal_Default:PersistentLevel.Minimal_Default'
[2018.03.30-17.22.05:734][265]LogBlueprintUserMessages: Late EndPlayMap Detection: Level '/Game/StarterContent/Maps/Minimal_Default.Minimal_Default:PersistentLevel' has LevelScriptBlueprint '/Game/StarterContent/Maps/Minimal_Default.Minimal_Default:PersistentLevel.Minimal_Default' with GeneratedClass '/Game/StarterContent/Maps/Minimal_Default.Minimal_Default_C' with ClassGeneratedBy '/Game/StarterContent/Maps/Minimal_Default.Minimal_Default:PersistentLevel.Minimal_Default'
[2018.03.30-17.22.07:392][459]LogTemp: Repeting last play command: Selected Viewport
[2018.03.30-17.22.07:400][459]LogBlueprintUserMessages: Early PlayInEditor Detection: Level '/Game/StarterContent/Maps/Minimal_Default.Minimal_Default:PersistentLevel' has LevelScriptBlueprint '/Game/StarterContent/Maps/Minimal_Default.Minimal_Default:PersistentLevel.Minimal_Default' with GeneratedClass '/Game/StarterContent/Maps/Minimal_Default.Minimal_Default_C' with ClassGeneratedBy '/Game/StarterContent/Maps/Minimal_Default.Minimal_Default:PersistentLevel.Minimal_Default'
[2018.03.30-17.22.07:400][459]LogPlayLevel: PlayLevel: No blueprints needed recompiling
[2018.03.30-17.22.07:400][459]PIE: New page: PIE session: Minimal_Default (Mar 30, 2018, 9:22:07 PM)
[2018.03.30-17.22.07:400][459]LogPlayLevel: Creating play world package: /Game/StarterContent/Maps/UEDPIE_0_Minimal_Default
[2018.03.30-17.22.07:405][459]LogPlayLevel: PIE: StaticDuplicateObject took: (0.005435s)
[2018.03.30-17.22.07:406][459]LogAIModule: Creating AISystem for world Minimal_Default
[2018.03.30-17.22.07:406][459]LogPlayLevel: PIE: World Init took: (0.000603s)
[2018.03.30-17.22.07:406][459]LogPlayLevel: PIE: Created PIE world by copying editor world from /Game/StarterContent/Maps/Minimal_Default.Minimal_Default to /Game/StarterContent/Maps/UEDPIE_0_Minimal_Default.Minimal_Default (0.006211s)
[2018.03.30-17.22.07:426][459]LogInit: XAudio2 using 'Наушники гарнитуры (Razer ManO'War 7.1)' : 2 channels at 48 kHz using 16 bits per sample (channel mask 0x3)
[2018.03.30-17.22.07:442][459]LogInit: FAudioDevice initialized.
[2018.03.30-17.22.07:469][459]LogLoad: Game class is 'Lol_C'
[2018.03.30-17.22.07:471][459]LogWorld: Bringing World /Game/StarterContent/Maps/UEDPIE_0_Minimal_Default.Minimal_Default up for play (max tick rate 0) at 2018.03.30-19.22.07
[2018.03.30-17.22.07:471][459]LogWorld: Bringing up level for play took: 0.000950
[2018.03.30-17.22.07:472][459]PIE: Info Play in editor start time for /Game/StarterContent/Maps/UEDPIE_0_Minimal_Default 0.025
[2018.03.30-17.22.07:472][459]LogBlueprintUserMessages: Late PlayInEditor Detection: Level '/Game/StarterContent/Maps/Minimal_Default.Minimal_Default:PersistentLevel' has LevelScriptBlueprint '/Game/StarterContent/Maps/Minimal_Default.Minimal_Default:PersistentLevel.Minimal_Default' with GeneratedClass '/Game/StarterContent/Maps/Minimal_Default.Minimal_Default_C' with ClassGeneratedBy '/Game/StarterContent/Maps/Minimal_Default.Minimal_Default:PersistentLevel.Minimal_Default'
[2018.03.30-17.22.25:871][663]LogBlueprintUserMessages: Early EndPlayMap Detection: Level '/Game/StarterContent/Maps/Minimal_Default.Minimal_Default:PersistentLevel' has LevelScriptBlueprint '/Game/StarterContent/Maps/Minimal_Default.Minimal_Default:PersistentLevel.Minimal_Default' with GeneratedClass '/Game/StarterContent/Maps/Minimal_Default.Minimal_Default_C' with ClassGeneratedBy '/Game/StarterContent/Maps/Minimal_Default.Minimal_Default:PersistentLevel.Minimal_Default'
[2018.03.30-17.22.25:905][663]LogBlueprintUserMessages: Late EndPlayMap Detection: Level '/Game/StarterContent/Maps/Minimal_Default.Minimal_Default:PersistentLevel' has LevelScriptBlueprint '/Game/StarterContent/Maps/Minimal_Default.Minimal_Default:PersistentLevel.Minimal_Default' with GeneratedClass '/Game/StarterContent/Maps/Minimal_Default.Minimal_Default_C' with ClassGeneratedBy '/Game/StarterContent/Maps/Minimal_Default.Minimal_Default:PersistentLevel.Minimal_Default'
[2018.03.30-17.22.44:419][852]LogSlate:Warning: Prevented a slow task dialog from being summoned while a context menu was open
[2018.03.30-17.22.50:915][545]LogSlate: Only BGRA pngs, bmps or icos are supported in by External Image Picker
[2018.03.30-17.22.50:998][552]LogTemp: Executing iPhonePackager certificates Engine -bundlename com.YourCompany.Mechanic1
[2018.03.30-17.22.50:998][552]LogTemp: CWD: C:\Program Files\Epic Games\UE_4.16\Engine\Binaries\DotNET\IOS
[2018.03.30-17.22.50:998][552]LogTemp: Initial Dir: C:\Program Files\Epic Games\UE_4.16
[2018.03.30-17.22.50:998][552]LogTemp: Env CWD: C:\Program Files\Epic Games\UE_4.16\Engine\Binaries\DotNET\IOS
[2018.03.30-17.22.50:998][552]LogTemp: BranchPath = DESKTOP-CUV1LHF/C/Program Files/Epic Games/UE_4.16/Engine/Binaries --- GameBranchPath = DESKTOP-CUV1LHF/C/Program Files/Epic Games/UE_4.16/Engine/Binaries
[2018.03.30-17.22.51:005][553]LogTemp: IPP ERROR: Could not find provision directory 'C:\Users\micha\AppData\Local/Apple Computer/MobileDevice/Provisioning Profiles/'.
[2018.03.30-17.22.53:241][819]LogSlate:Warning: Prevented a slow task dialog from being summoned while a context menu was open
[2018.03.30-17.22.56:209][169]LogTemp: Repeting last play command: Selected Viewport
[2018.03.30-17.22.56:216][169]LogBlueprintUserMessages: Early PlayInEditor Detection: Level '/Game/StarterContent/Maps/Minimal_Default.Minimal_Default:PersistentLevel' has LevelScriptBlueprint '/Game/StarterContent/Maps/Minimal_Default.Minimal_Default:PersistentLevel.Minimal_Default' with GeneratedClass '/Game/StarterContent/Maps/Minimal_Default.Minimal_Default_C' with ClassGeneratedBy '/Game/StarterContent/Maps/Minimal_Default.Minimal_Default:PersistentLevel.Minimal_Default'
[2018.03.30-17.22.56:216][169]LogPlayLevel: PlayLevel: No blueprints needed recompiling
[2018.03.30-17.22.56:216][169]PIE: New page: PIE session: Minimal_Default (Mar 30, 2018, 9:22:56 PM)
[2018.03.30-17.22.56:216][169]LogPlayLevel: Creating play world package: /Game/StarterContent/Maps/UEDPIE_0_Minimal_Default
[2018.03.30-17.22.56:222][169]LogPlayLevel: PIE: StaticDuplicateObject took: (0.005316s)
[2018.03.30-17.22.56:222][169]LogAIModule: Creating AISystem for world Minimal_Default
[2018.03.30-17.22.56:222][169]LogPlayLevel: PIE: World Init took: (0.000577s)
[2018.03.30-17.22.56:222][169]LogPlayLevel: PIE: Created PIE world by copying editor world from /Game/StarterContent/Maps/Minimal_Default.Minimal_Default to /Game/StarterContent/Maps/UEDPIE_0_Minimal_Default.Minimal_Default (0.006034s)
[2018.03.30-17.22.56:243][169]LogInit: XAudio2 using 'Наушники гарнитуры (Razer ManO'War 7.1)' : 2 channels at 48 kHz using 16 bits per sample (channel mask 0x3)
[2018.03.30-17.22.56:260][169]LogInit: FAudioDevice initialized.
[2018.03.30-17.22.56:287][169]LogLoad: Game class is 'Kek_C'
[2018.03.30-17.22.56:289][169]LogWorld: Bringing World /Game/StarterContent/Maps/UEDPIE_0_Minimal_Default.Minimal_Default up for play (max tick rate 0) at 2018.03.30-19.22.56
[2018.03.30-17.22.56:289][169]LogWorld: Bringing up level for play took: 0.001000
[2018.03.30-17.22.56:290][169]PIE: Info Play in editor start time for /Game/StarterContent/Maps/UEDPIE_0_Minimal_Default 0.844
[2018.03.30-17.22.56:290][169]LogBlueprintUserMessages: Late PlayInEditor Detection: Level '/Game/StarterContent/Maps/Minimal_Default.Minimal_Default:PersistentLevel' has LevelScriptBlueprint '/Game/StarterContent/Maps/Minimal_Default.Minimal_Default:PersistentLevel.Minimal_Default' with GeneratedClass '/Game/StarterContent/Maps/Minimal_Default.Minimal_Default_C' with ClassGeneratedBy '/Game/StarterContent/Maps/Minimal_Default.Minimal_Default:PersistentLevel.Minimal_Default'
[2018.03.30-17.23.11:021][934]LogBlueprintUserMessages: Early EndPlayMap Detection: Level '/Game/StarterContent/Maps/Minimal_Default.Minimal_Default:PersistentLevel' has LevelScriptBlueprint '/Game/StarterContent/Maps/Minimal_Default.Minimal_Default:PersistentLevel.Minimal_Default' with GeneratedClass '/Game/StarterContent/Maps/Minimal_Default.Minimal_Default_C' with ClassGeneratedBy '/Game/StarterContent/Maps/Minimal_Default.Minimal_Default:PersistentLevel.Minimal_Default'
[2018.03.30-17.23.11:056][934]LogBlueprintUserMessages: Late EndPlayMap Detection: Level '/Game/StarterContent/Maps/Minimal_Default.Minimal_Default:PersistentLevel' has LevelScriptBlueprint '/Game/StarterContent/Maps/Minimal_Default.Minimal_Default:PersistentLevel.Minimal_Default' with GeneratedClass '/Game/StarterContent/Maps/Minimal_Default.Minimal_Default_C' with ClassGeneratedBy '/Game/StarterContent/Maps/Minimal_Default.Minimal_Default:PersistentLevel.Minimal_Default'
[2018.03.30-17.23.12:171][ 64]LogTemp: Repeting last play command: Selected Viewport
[2018.03.30-17.23.12:179][ 64]LogBlueprintUserMessages: Early PlayInEditor Detection: Level '/Game/StarterContent/Maps/Minimal_Default.Minimal_Default:PersistentLevel' has LevelScriptBlueprint '/Game/StarterContent/Maps/Minimal_Default.Minimal_Default:PersistentLevel.Minimal_Default' with GeneratedClass '/Game/StarterContent/Maps/Minimal_Default.Minimal_Default_C' with ClassGeneratedBy '/Game/StarterContent/Maps/Minimal_Default.Minimal_Default:PersistentLevel.Minimal_Default'
[2018.03.30-17.23.12:179][ 64]LogPlayLevel: PlayLevel: No blueprints needed recompiling
[2018.03.30-17.23.12:179][ 64]PIE: New page: PIE session: Minimal_Default (Mar 30, 2018, 9:23:12 PM)
[2018.03.30-17.23.12:179][ 64]LogPlayLevel: Creating play world package: /Game/StarterContent/Maps/UEDPIE_0_Minimal_Default
[2018.03.30-17.23.12:184][ 64]LogPlayLevel: PIE: StaticDuplicateObject took: (0.005197s)
[2018.03.30-17.23.12:185][ 64]LogAIModule: Creating AISystem for world Minimal_Default
[2018.03.30-17.23.12:185][ 64]LogPlayLevel: PIE: World Init took: (0.000580s)
[2018.03.30-17.23.12:185][ 64]LogPlayLevel: PIE: Created PIE world by copying editor world from /Game/StarterContent/Maps/Minimal_Default.Minimal_Default to /Game/StarterContent/Maps/UEDPIE_0_Minimal_Default.Minimal_Default (0.005953s)
[2018.03.30-17.23.12:202][ 64]LogInit: XAudio2 using 'Наушники гарнитуры (Razer ManO'War 7.1)' : 2 channels at 48 kHz using 16 bits per sample (channel mask 0x3)
[2018.03.30-17.23.12:218][ 64]LogInit: FAudioDevice initialized.
[2018.03.30-17.23.12:248][ 64]LogLoad: Game class is 'Kek_C'
[2018.03.30-17.23.12:250][ 64]LogWorld: Bringing World /Game/StarterContent/Maps/UEDPIE_0_Minimal_Default.Minimal_Default up for play (max tick rate 0) at 2018.03.30-19.23.12
[2018.03.30-17.23.12:250][ 64]LogWorld: Bringing up level for play took: 0.000911
[2018.03.30-17.23.12:251][ 64]PIE: Info Play in editor start time for /Game/StarterContent/Maps/UEDPIE_0_Minimal_Default 0.805
[2018.03.30-17.23.12:251][ 64]LogBlueprintUserMessages: Late PlayInEditor Detection: Level '/Game/StarterContent/Maps/Minimal_Default.Minimal_Default:PersistentLevel' has LevelScriptBlueprint '/Game/StarterContent/Maps/Minimal_Default.Minimal_Default:PersistentLevel.Minimal_Default' with GeneratedClass '/Game/StarterContent/Maps/Minimal_Default.Minimal_Default_C' with ClassGeneratedBy '/Game/StarterContent/Maps/Minimal_Default.Minimal_Default:PersistentLevel.Minimal_Default'
[2018.03.30-17.23.31:482][369]LogBlueprintUserMessages: Early EndPlayMap Detection: Level '/Game/StarterContent/Maps/Minimal_Default.Minimal_Default:PersistentLevel' has LevelScriptBlueprint '/Game/StarterContent/Maps/Minimal_Default.Minimal_Default:PersistentLevel.Minimal_Default' with GeneratedClass '/Game/StarterContent/Maps/Minimal_Default.Minimal_Default_C' with ClassGeneratedBy '/Game/StarterContent/Maps/Minimal_Default.Minimal_Default:PersistentLevel.Minimal_Default'
[2018.03.30-17.23.31:519][369]LogBlueprintUserMessages: Late EndPlayMap Detection: Level '/Game/StarterContent/Maps/Minimal_Default.Minimal_Default:PersistentLevel' has LevelScriptBlueprint '/Game/StarterContent/Maps/Minimal_Default.Minimal_Default:PersistentLevel.Minimal_Default' with GeneratedClass '/Game/StarterContent/Maps/Minimal_Default.Minimal_Default_C' with ClassGeneratedBy '/Game/StarterContent/Maps/Minimal_Default.Minimal_Default:PersistentLevel.Minimal_Default'
[2018.03.30-17.23.41:139][519]MapCheck: New page: Map Check
[2018.03.30-17.23.41:156][519]LightingResults: New page: Lighting Build - Mar 30, 2018, 9:23:41 PM
[2018.03.30-17.23.41:186][519]LogSwarmInterface: [OpenConnection] Registering TCP channel ...
[2018.03.30-17.23.41:230][519]LogSwarmInterface: [OpenConnection] Connecting to agent ...
[2018.03.30-17.23.41:262][519]LogSwarmInterface: [TryOpenConnection] Testing the Agent
[2018.03.30-17.23.41:782][519]LogSwarmInterface: [TryOpenConnection] Opening Connection to Agent
[2018.03.30-17.23.41:782][519]LogSwarmInterface: [TryOpenConnection] Local Process ID is 11664
[2018.03.30-17.23.43:984][519]LogStaticLightingSystem:Warning: No importance volume found, so the scene bounding box was used.  You can optimize your scene's quality and lighting build times by adding importance volumes.
[2018.03.30-17.23.43:984][519]LogStaticLightingSystem: Running Lightmass w/ ImmediateImport mode ENABLED
[2018.03.30-17.23.43:984][519]LogStaticLightingSystem: Running Lightmass w/ ImmediateProcess mode ENABLED
[2018.03.30-17.23.43:984][519]LogStaticLightingSystem: Running Lightmass w/ Sorting mode ENABLED
[2018.03.30-17.23.43:984][519]LogStaticLightingSystem: Running Lightmass w/ Mapping paddings ENABLED
[2018.03.30-17.23.43:984][519]LogStaticLightingSystem: Running Lightmass w/ Mapping debug paddings DISABLED
[2018.03.30-17.23.44:097][519]LogEditorBuildUtils: Build time 0:02
[2018.03.30-17.23.44:110][519]LogMaterial: Missing cached shader map for material FLightmassMaterialRenderer M_Frame, compiling. 
[2018.03.30-17.23.44:116][519]LogMaterial: Missing cached shader map for material FLightmassMaterialRenderer M_Frame, compiling. 
[2018.03.30-17.23.45:943][626]Job is a success!
[2018.03.30-17.23.46:098][627]LogTexture:Display: Building textures: SkyOcclusion1_1 (AutoDXT, 512X256)
[2018.03.30-17.23.46:098][627]LogTexture:Display: Building textures: HQ_Lightmap1_1 (AutoDXT, 512X512)
[2018.03.30-17.23.46:099][627]LogTexture:Display: Building textures: LQ_Lightmap_1_1 (DXT1, 512X512)
[2018.03.30-17.23.46:099][627]LogTexture:Display: Building textures: SkyOcclusion1_2 (AutoDXT, 64X32)
[2018.03.30-17.23.46:099][627]LogTexture:Display: Building textures: HQ_Lightmap1_2 (AutoDXT, 64X64)
[2018.03.30-17.23.46:099][627]LogTexture:Display: Building textures: LQ_Lightmap_1_2 (DXT1, 64X64)
[2018.03.30-17.23.46:099][627]LogTexture:Display: Building textures: ShadowMapTexture2D_3 (G8, 32X32)
[2018.03.30-17.23.46:099][627]LogTexture:Display: Building textures: ShadowMapTexture2D_2 (G8, 1024X128)
[2018.03.30-17.23.46:118][627]Lightmass on DESKTOP-CUV1LHF: 1.08 sec total, 94 ms importing, 14 ms setup, 292 ms photons, 658 ms processing, 0 ms extra exporting [8/8 mappings]. Threads: 4.45 sec total, 2.09 sec processing.
[2018.03.30-17.23.46:137][627]LogStaticLightingSystem: Illumination: 4.96 sec (90 ms encoding lightmaps, 20 ms encoding shadowmaps)
[2018.03.30-17.23.46:137][627]LogStaticLightingSystem: Lightmap texture memory:  0.7 MB (0.7 MB streaming, 0.0 MB non-streaming), 4 textures
[2018.03.30-17.23.46:137][627]LogStaticLightingSystem: Shadowmap texture memory: 0.2 MB (0.2 MB streaming, 0.0 MB non-streaming), 2 textures
[2018.03.30-17.23.46:988][627]DumpUnbuiltLightIteractions
[2018.03.30-17.23.46:988][627]Lights with unbuilt interactions: 0
[2018.03.30-17.23.46:988][627]
[2018.03.30-17.23.46:988][627]Primitives with unbuilt interactions: 0
[2018.03.30-17.23.47:019][628]Cmd: MAP CHECK NOTIFYRESULTS
[2018.03.30-17.23.47:020][628]MapCheck: New page: Minimal_Default - Mar 30, 2018, 9:23:47 PM
[2018.03.30-17.23.47:061][628]MapCheck: Info Map check complete: 0 Error(s), 0 Warning(s), took 41.757ms to complete.
[2018.03.30-17.23.48:786][835]LogTemp: Repeting last play command: Selected Viewport
[2018.03.30-17.23.48:794][835]LogBlueprintUserMessages: Early PlayInEditor Detection: Level '/Game/StarterContent/Maps/Minimal_Default.Minimal_Default:PersistentLevel' has LevelScriptBlueprint '/Game/StarterContent/Maps/Minimal_Default.Minimal_Default:PersistentLevel.Minimal_Default' with GeneratedClass '/Game/StarterContent/Maps/Minimal_Default.Minimal_Default_C' with ClassGeneratedBy '/Game/StarterContent/Maps/Minimal_Default.Minimal_Default:PersistentLevel.Minimal_Default'
[2018.03.30-17.23.48:794][835]LogPlayLevel: PlayLevel: No blueprints needed recompiling
[2018.03.30-17.23.48:794][835]PIE: New page: PIE session: Minimal_Default (Mar 30, 2018, 9:23:48 PM)
[2018.03.30-17.23.48:794][835]LogPlayLevel: Creating play world package: /Game/StarterContent/Maps/UEDPIE_0_Minimal_Default
[2018.03.30-17.23.48:797][835]LogPlayLevel: PIE: StaticDuplicateObject took: (0.002224s)
[2018.03.30-17.23.48:797][835]LogAIModule: Creating AISystem for world Minimal_Default
[2018.03.30-17.23.48:797][835]LogPlayLevel: PIE: World Init took: (0.000513s)
[2018.03.30-17.23.48:797][835]LogPlayLevel: PIE: Created PIE world by copying editor world from /Game/StarterContent/Maps/Minimal_Default.Minimal_Default to /Game/StarterContent/Maps/UEDPIE_0_Minimal_Default.Minimal_Default (0.002876s)
[2018.03.30-17.23.48:817][835]LogInit: XAudio2 using 'Наушники гарнитуры (Razer ManO'War 7.1)' : 2 channels at 48 kHz using 16 bits per sample (channel mask 0x3)
[2018.03.30-17.23.48:833][835]LogInit: FAudioDevice initialized.
[2018.03.30-17.23.48:861][835]LogLoad: Game class is 'Kek_C'
[2018.03.30-17.23.48:862][835]LogWorld: Bringing World /Game/StarterContent/Maps/UEDPIE_0_Minimal_Default.Minimal_Default up for play (max tick rate 0) at 2018.03.30-19.23.48
[2018.03.30-17.23.48:862][835]LogWorld: Bringing up level for play took: 0.000869
[2018.03.30-17.23.48:863][835]PIE: Info Play in editor start time for /Game/StarterContent/Maps/UEDPIE_0_Minimal_Default -0.583
[2018.03.30-17.23.48:863][835]LogBlueprintUserMessages: Late PlayInEditor Detection: Level '/Game/StarterContent/Maps/Minimal_Default.Minimal_Default:PersistentLevel' has LevelScriptBlueprint '/Game/StarterContent/Maps/Minimal_Default.Minimal_Default:PersistentLevel.Minimal_Default' with GeneratedClass '/Game/StarterContent/Maps/Minimal_Default.Minimal_Default_C' with ClassGeneratedBy '/Game/StarterContent/Maps/Minimal_Default.Minimal_Default:PersistentLevel.Minimal_Default'
[2018.03.30-17.23.56:280][716]LogBlueprintUserMessages: Early EndPlayMap Detection: Level '/Game/StarterContent/Maps/Minimal_Default.Minimal_Default:PersistentLevel' has LevelScriptBlueprint '/Game/StarterContent/Maps/Minimal_Default.Minimal_Default:PersistentLevel.Minimal_Default' with GeneratedClass '/Game/StarterContent/Maps/Minimal_Default.Minimal_Default_C' with ClassGeneratedBy '/Game/StarterContent/Maps/Minimal_Default.Minimal_Default:PersistentLevel.Minimal_Default'
[2018.03.30-17.23.56:316][716]LogBlueprintUserMessages: Late EndPlayMap Detection: Level '/Game/StarterContent/Maps/Minimal_Default.Minimal_Default:PersistentLevel' has LevelScriptBlueprint '/Game/StarterContent/Maps/Minimal_Default.Minimal_Default:PersistentLevel.Minimal_Default' with GeneratedClass '/Game/StarterContent/Maps/Minimal_Default.Minimal_Default_C' with ClassGeneratedBy '/Game/StarterContent/Maps/Minimal_Default.Minimal_Default:PersistentLevel.Minimal_Default'
[2018.03.30-17.23.57:454][828]LogSavePackage: Save=158.49ms
[2018.03.30-17.23.57:454][828]LogSavePackage: Moving '../../../../../../Users/micha/OneDrive/Документы/Unreal Projects/TestMechanic/TestMechanic/Mechanic1/Saved/Minimal_Default5E5428EB49BA4C89BD7EA195E038DC08.tmp' to '../../../../../../Users/micha/OneDrive/Документы/Unreal Projects/TestMechanic/TestMechanic/Mechanic1/Content/StarterContent/Maps/Minimal_Default.umap'
[2018.03.30-17.23.57:456][828]LogSavePackage:Display: Finished SavePackage ../../../../../../Users/micha/OneDrive/Документы/Unreal Projects/TestMechanic/TestMechanic/Mechanic1/Content/StarterContent/Maps/Minimal_Default.umap
[2018.03.30-17.23.57:496][828]LogSavePackage: Save=25.82ms
[2018.03.30-17.23.57:496][828]LogSavePackage: Moving '../../../../../../Users/micha/OneDrive/Документы/Unreal Projects/TestMechanic/TestMechanic/Mechanic1/Saved/Minimal_Default_BuiltDataD1B757514C40A252F58DA6BF5F0F653C.tmp' to '../../../../../../Users/micha/OneDrive/Документы/Unreal Projects/TestMechanic/TestMechanic/Mechanic1/Content/StarterContent/Maps/Minimal_Default_BuiltData.uasset'
[2018.03.30-17.23.57:498][828]LogSavePackage:Display: Finished SavePackage ../../../../../../Users/micha/OneDrive/Документы/Unreal Projects/TestMechanic/TestMechanic/Mechanic1/Content/StarterContent/Maps/Minimal_Default_BuiltData.uasset
[2018.03.30-17.24.01:893][194]LogWindowsTextInputMethodSystem:Display: IME system now deactivated.
[2018.03.30-17.24.02:042][195]Cmd: QUIT_EDITOR
[2018.03.30-17.24.02:151][195]LogExit: Preparing to exit.
[2018.03.30-17.24.02:619][195]LogDirectoryWatcher: A directory notification for 'C:/Users/micha/OneDrive/Документы/Unreal Projects/TestMechanic/TestMechanic/Mechanic1/Content/' was aborted.
[2018.03.30-17.24.02:643][195]LogExit: Editor shut down
[2018.03.30-17.24.02:646][195]LogExit: Transaction tracking system shut down
[2018.03.30-17.24.02:710][195]LogObj: Freed 0b from 0 cluster array pools.
[2018.03.30-17.24.02:710][195]LogExit: Object subsystem successfully closed.
[2018.03.30-17.24.02:730][195]LogD3D11RHI: Shutdown
[2018.03.30-17.24.02:730][195]LogD3D11RHI: CleanupD3DDevice
[2018.03.30-17.24.02:796][195]LogD3D11RHI: ~FD3D11DynamicRHI
[2018.03.30-17.24.02:806][195]LogModuleManager: Shutting down and abandoning module ExternalImagePicker (536)
[2018.03.30-17.24.02:806][195]LogModuleManager: Shutting down and abandoning module BlueprintGraph (534)
[2018.03.30-17.24.02:806][195]LogModuleManager: Shutting down and abandoning module BlueprintProfiler (532)
[2018.03.30-17.24.02:806][195]LogModuleManager: Shutting down and abandoning module DistCurveEditor (530)
[2018.03.30-17.24.02:806][195]LogModuleManager: Shutting down and abandoning module Matinee (528)
[2018.03.30-17.24.02:806][195]LogModuleManager: Shutting down and abandoning module MovieSceneCapture (526)
[2018.03.30-17.24.02:806][195]LogModuleManager: Shutting down and abandoning module HierarchicalLODOutliner (524)
[2018.03.30-17.24.02:806][195]LogModuleManager: Shutting down and abandoning module CrashTracker (522)
[2018.03.30-17.24.02:806][195]LogModuleManager: Shutting down and abandoning module SceneOutliner (520)
[2018.03.30-17.24.02:806][195]LogModuleManager: Shutting down and abandoning module AddContentDialog (518)
[2018.03.30-17.24.02:806][195]LogDirectoryWatcher: A directory notification for 'C:/Program Files/Epic Games/UE_4.16/FeaturePacks/' was aborted.
[2018.03.30-17.24.02:807][195]LogModuleManager: Shutting down and abandoning module WidgetCarousel (517)
[2018.03.30-17.24.02:807][195]LogModuleManager: Shutting down and abandoning module EditorWidgets (514)
[2018.03.30-17.24.02:807][195]LogModuleManager: Shutting down and abandoning module CollectionManager (512)
[2018.03.30-17.24.02:807][195]LogDirectoryWatcher: A directory notification for 'C:/Users/micha/OneDrive/Документы/Unreal Projects/TestMechanic/TestMechanic/Mechanic1/Content/Collections/' was aborted.
[2018.03.30-17.24.02:807][195]LogDirectoryWatcher: A directory notification for 'C:/Users/micha/OneDrive/Документы/Unreal Projects/TestMechanic/TestMechanic/Mechanic1/Content/Developers/micha/Collections/' was aborted.
[2018.03.30-17.24.02:807][195]LogDirectoryWatcher: A directory notification for 'C:/Users/micha/OneDrive/Документы/Unreal Projects/TestMechanic/TestMechanic/Mechanic1/Saved/Collections/' was aborted.
[2018.03.30-17.24.02:807][195]LogModuleManager: Shutting down and abandoning module StatsViewer (510)
[2018.03.30-17.24.02:807][195]LogModuleManager: Shutting down and abandoning module FoliageEdit (508)
[2018.03.30-17.24.02:807][195]LogModuleManager: Shutting down and abandoning module LandscapeEditor (506)
[2018.03.30-17.24.02:807][195]LogModuleManager: Shutting down and abandoning module MeshPaintMode (504)
[2018.03.30-17.24.02:807][195]LogModuleManager: Shutting down and abandoning module SceneDepthPickerMode (502)
[2018.03.30-17.24.02:807][195]LogModuleManager: Shutting down and abandoning module ActorPickerMode (500)
[2018.03.30-17.24.02:807][195]LogModuleManager: Shutting down and abandoning module GeometryMode (498)
[2018.03.30-17.24.02:807][195]LogModuleManager: Shutting down and abandoning module TextureAlignMode (496)
[2018.03.30-17.24.02:807][195]LogModuleManager: Shutting down and abandoning module BspMode (494)
[2018.03.30-17.24.02:807][195]LogModuleManager: Shutting down and abandoning module HardwareSurvey (492)
[2018.03.30-17.24.02:807][195]LogModuleManager: Shutting down and abandoning module SequenceRecorderSections (490)
[2018.03.30-17.24.02:807][195]LogModuleManager: Shutting down and abandoning module AutomationWorker (488)
[2018.03.30-17.24.02:807][195]LogModuleManager: Shutting down and abandoning module MatineeToLevelSequence (486)
[2018.03.30-17.24.02:807][195]LogModuleManager: Shutting down and abandoning module LevelSequenceEditor (484)
[2018.03.30-17.24.02:807][195]LogModuleManager: Shutting down and abandoning module PlacementMode (483)
[2018.03.30-17.24.02:807][195]LogModuleManager: Shutting down and abandoning module WmfMediaFactory (480)
[2018.03.30-17.24.02:807][195]LogModuleManager: Shutting down and abandoning module WmfMediaEditor (478)
[2018.03.30-17.24.02:807][195]LogModuleManager: Shutting down and abandoning module AvfMediaFactory (476)
[2018.03.30-17.24.02:807][195]LogModuleManager: Shutting down and abandoning module AvfMediaEditor (474)
[2018.03.30-17.24.02:807][195]LogModuleManager: Shutting down and abandoning module AndroidMediaFactory (472)
[2018.03.30-17.24.02:807][195]LogModuleManager: Shutting down and abandoning module Media (471)
[2018.03.30-17.24.02:807][195]LogModuleManager: Shutting down and abandoning module AndroidMediaEditor (468)
[2018.03.30-17.24.02:807][195]LogModuleManager: Shutting down and abandoning module CharacterAI (466)
[2018.03.30-17.24.02:807][195]LogModuleManager: Shutting down and abandoning module AudioCapture (464)
[2018.03.30-17.24.02:807][195]LogModuleManager: Shutting down and abandoning module SequenceRecorder (463)
[2018.03.30-17.24.02:807][195]LogModuleManager: Shutting down and abandoning module SmartSnapping (460)
[2018.03.30-17.24.02:807][195]LogModuleManager: Shutting down and abandoning module SessionServices (458)
[2018.03.30-17.24.02:807][195]LogModuleManager: Shutting down and abandoning module ViewportSnapping (456)
[2018.03.30-17.24.02:807][195]LogModuleManager: Shutting down and abandoning module ViewportInteraction (454)
[2018.03.30-17.24.02:807][195]LogModuleManager: Shutting down and abandoning module ClothPainter (452)
[2018.03.30-17.24.02:807][195]LogModuleManager: Shutting down and abandoning module LogVisualizer (450)
[2018.03.30-17.24.02:807][195]LogModuleManager: Shutting down and abandoning module IntroTutorials (448)
[2018.03.30-17.24.02:807][195]LogModuleManager: Shutting down and abandoning module GameProjectGeneration (447)
[2018.03.30-17.24.02:807][195]LogModuleManager: Shutting down and abandoning module EditorLiveStreaming (444)
[2018.03.30-17.24.02:807][195]LogModuleManager: Shutting down and abandoning module IOSPlatformEditor (442)
[2018.03.30-17.24.02:807][195]LogModuleManager: Shutting down and abandoning module HTML5PlatformEditor (440)
[2018.03.30-17.24.02:807][195]LogModuleManager: Shutting down and abandoning module AndroidPlatformEditor (438)
[2018.03.30-17.24.02:807][195]LogModuleManager: Shutting down and abandoning module AndroidDeviceDetection (437)
[2018.03.30-17.24.03:774][195]LogModuleManager: Shutting down and abandoning module IOSRuntimeSettings (434)
[2018.03.30-17.24.03:774][195]LogModuleManager: Shutting down and abandoning module AndroidRuntimeSettings (432)
[2018.03.30-17.24.03:774][195]LogModuleManager: Shutting down and abandoning module InputBindingEditor (430)
[2018.03.30-17.24.03:774][195]LogModuleManager: Shutting down and abandoning module MergeActors (428)
[2018.03.30-17.24.03:774][195]LogModuleManager: Shutting down and abandoning module SizeMap (426)
[2018.03.30-17.24.03:774][195]LogModuleManager: Shutting down and abandoning module TreeMap (424)
[2018.03.30-17.24.03:774][195]LogModuleManager: Shutting down and abandoning module ReferenceViewer (422)
[2018.03.30-17.24.03:774][195]LogModuleManager: Shutting down and abandoning module LocalizationDashboard (420)
[2018.03.30-17.24.03:774][195]LogModuleManager: Shutting down and abandoning module LocalizationService (419)
[2018.03.30-17.24.03:774][195]LogModuleManager: Shutting down and abandoning module HardwareTargeting (416)
[2018.03.30-17.24.03:774][195]LogModuleManager: Shutting down and abandoning module DeviceProfileEditor (414)
[2018.03.30-17.24.03:774][195]LogModuleManager: Shutting down and abandoning module UndoHistory (412)
[2018.03.30-17.24.03:774][195]LogModuleManager: Shutting down and abandoning module UserFeedback (410)
[2018.03.30-17.24.03:774][195]LogModuleManager: Shutting down and abandoning module XmlParser (408)
[2018.03.30-17.24.03:774][195]LogModuleManager: Shutting down and abandoning module Blutility (406)
[2018.03.30-17.24.03:774][195]LogModuleManager: Shutting down and abandoning module ProjectSettingsViewer (404)
[2018.03.30-17.24.03:774][195]LogModuleManager: Shutting down and abandoning module ProjectTargetPlatformEditor (403)
[2018.03.30-17.24.03:774][195]LogModuleManager: Shutting down and abandoning module EditorSettingsViewer (400)
[2018.03.30-17.24.03:774][195]LogModuleManager: Shutting down and abandoning module SettingsEditor (398)
[2018.03.30-17.24.03:774][195]LogModuleManager: Shutting down and abandoning module ProjectLauncher (396)
[2018.03.30-17.24.03:774][195]LogModuleManager: Shutting down and abandoning module SessionFrontend (394)
[2018.03.30-17.24.03:774][195]LogModuleManager: Shutting down and abandoning module ProfilerClient (392)
[2018.03.30-17.24.03:774][195]LogModuleManager: Shutting down and abandoning module DeviceManager (390)
[2018.03.30-17.24.03:774][195]LogModuleManager: Shutting down and abandoning module TargetDeviceServices (389)
[2018.03.30-17.24.03:828][195]LogModuleManager: Shutting down and abandoning module AutomationController (386)
[2018.03.30-17.24.03:828][195]LogModuleManager: Shutting down and abandoning module AutomationWindow (384)
[2018.03.30-17.24.03:828][195]LogModuleManager: Shutting down and abandoning module Layers (382)
[2018.03.30-17.24.03:828][195]LogModuleManager: Shutting down and abandoning module ComponentVisualizers (380)
[2018.03.30-17.24.03:828][195]LogModuleManager: Shutting down and abandoning module DetailCustomizations (378)
[2018.03.30-17.24.03:828][195]LogModuleManager: Shutting down and abandoning module PackagesDialog (376)
[2018.03.30-17.24.03:828][195]LogModuleManager: Shutting down and abandoning module Persona (374)
[2018.03.30-17.24.03:828][195]LogModuleManager: Shutting down and abandoning module AdvancedPreviewScene (373)
[2018.03.30-17.24.03:828][195]LogModuleManager: Shutting down and abandoning module AnimGraph (371)
[2018.03.30-17.24.03:828][195]LogModuleManager: Shutting down and abandoning module Kismet (368)
[2018.03.30-17.24.03:833][195]LogModuleManager: Shutting down and abandoning module ClassViewer (366)
[2018.03.30-17.24.03:834][195]LogModuleManager: Shutting down and abandoning module Toolbox (364)
[2018.03.30-17.24.03:834][195]LogModuleManager: Shutting down and abandoning module ModuleUI (362)
[2018.03.30-17.24.03:834][195]LogModuleManager: Shutting down and abandoning module MovieSceneTools (360)
[2018.03.30-17.24.03:834][195]LogModuleManager: Shutting down and abandoning module OutputLog (358)
[2018.03.30-17.24.03:834][195]LogModuleManager: Shutting down and abandoning module GammaUI (356)
[2018.03.30-17.24.03:834][195]LogModuleManager: Shutting down and abandoning module Documentation (354)
[2018.03.30-17.24.03:834][195]LogModuleManager: Shutting down and abandoning module MovieSceneTracks (352)
[2018.03.30-17.24.03:834][195]LogModuleManager: Shutting down and abandoning module MovieScene (350)
[2018.03.30-17.24.03:834][195]LogModuleManager: Shutting down and abandoning module Niagara (348)
[2018.03.30-17.24.03:834][195]LogModuleManager: Shutting down and abandoning module NiagaraEditor (347)
[2018.03.30-17.24.03:834][195]LogModuleManager: Shutting down and abandoning module StreamingPauseRendering (344)
[2018.03.30-17.24.03:834][195]LogModuleManager: Shutting down and abandoning module AnalyticsET (342)
[2018.03.30-17.24.03:834][195]LogModuleManager: Shutting down and abandoning module PortalServices (340)
[2018.03.30-17.24.03:834][195]LogModuleManager: Shutting down and abandoning module PortalRpc (338)
[2018.03.30-17.24.03:834][195]LogModuleManager: Shutting down and abandoning module MessagingRpc (336)
[2018.03.30-17.24.03:834][195]LogModuleManager: Shutting down and abandoning module AIModule (334)
[2018.03.30-17.24.03:834][195]LogModuleManager: Shutting down and abandoning module GameplayDebugger (333)
[2018.03.30-17.24.03:834][195]LogModuleManager: Shutting down and abandoning module AITestSuite (331)
[2018.03.30-17.24.03:834][195]LogModuleManager: Shutting down and abandoning module ProfilerService (328)
[2018.03.30-17.24.03:875][195]LogModuleManager: Shutting down and abandoning module TaskGraph (326)
[2018.03.30-17.24.03:875][195]LogModuleManager: Shutting down and abandoning module SteamVRController (324)
[2018.03.30-17.24.03:875][195]LogModuleManager: Shutting down and abandoning module SteamVR (322)
[2018.03.30-17.24.03:875][195]LogModuleManager: Shutting down and abandoning module ProceduralMeshComponentEditor (320)
[2018.03.30-17.24.03:875][195]LogModuleManager: Shutting down and abandoning module ProceduralMeshComponent (318)
[2018.03.30-17.24.03:875][195]LogModuleManager: Shutting down and abandoning module OculusLibrary (316)
[2018.03.30-17.24.03:875][195]LogModuleManager: Shutting down and abandoning module OculusInput (314)
[2018.03.30-17.24.03:875][195]LogModuleManager: Shutting down and abandoning module MobilePatchingUtils (312)
[2018.03.30-17.24.03:875][195]LogModuleManager: Shutting down and abandoning module CustomMeshComponent (310)
[2018.03.30-17.24.03:875][195]LogModuleManager: Shutting down and abandoning module CableComponent (308)
[2018.03.30-17.24.03:875][195]LogModuleManager: Shutting down and abandoning module ArchVisCharacter (306)
[2018.03.30-17.24.03:875][195]LogModuleManager: Shutting down and abandoning module AndroidPermission (304)
[2018.03.30-17.24.03:875][195]LogModuleManager: Shutting down and abandoning module MediaPlayerEditor (300)
[2018.03.30-17.24.03:875][195]LogModuleManager: Shutting down and abandoning module HTML5Networking (298)
[2018.03.30-17.24.03:875][195]LogModuleManager: Shutting down and abandoning module AlembicImporter (296)
[2018.03.30-17.24.03:875][195]LogModuleManager: Shutting down and abandoning module AlembicLibrary (295)
[2018.03.30-17.24.03:875][195]LogModuleManager: Shutting down and abandoning module GeometryCache (294)
[2018.03.30-17.24.03:875][195]LogModuleManager: Shutting down and abandoning module GeometryCacheEd (293)
[2018.03.30-17.24.03:875][195]LogModuleManager: Shutting down and abandoning module SuperSearchEditor (288)
[2018.03.30-17.24.03:875][195]LogModuleManager: Shutting down and abandoning module SuperSearch (287)
[2018.03.30-17.24.03:875][195]LogModuleManager: Shutting down and abandoning module SpeedTreeImporter (284)
[2018.03.30-17.24.03:875][195]LogModuleManager: Shutting down and abandoning module PluginBrowser (282)
[2018.03.30-17.24.03:875][195]LogModuleManager: Shutting down and abandoning module MobileLauncherProfileWizard (280)
[2018.03.30-17.24.03:876][195]LogModuleManager: Shutting down and abandoning module VisualStudioSourceCodeAccess (278)
[2018.03.30-17.24.03:876][195]LogModuleManager: Shutting down and abandoning module DesktopPlatform (277)
[2018.03.30-17.24.03:876][195]LogModuleManager: Shutting down and abandoning module UObjectPlugin (274)
[2018.03.30-17.24.03:876][195]LogModuleManager: Shutting down and abandoning module SubversionSourceControl (272)
[2018.03.30-17.24.03:876][195]LogModuleManager: Shutting down and abandoning module PerforceSourceControl (270)
[2018.03.30-17.24.03:876][195]LogModuleManager: Shutting down and abandoning module GitSourceControl (268)
[2018.03.30-17.24.03:876][195]LogModuleManager: Shutting down and abandoning module SourceControl (267)
[2018.03.30-17.24.03:876][195]LogModuleManager: Shutting down and abandoning module LightPropagationVolumeEditor (264)
[2018.03.30-17.24.03:876][195]LogModuleManager: Shutting down and abandoning module PaperTiledImporter (262)
[2018.03.30-17.24.03:876][195]LogModuleManager: Shutting down and abandoning module PaperSpriteSheetImporter (260)
[2018.03.30-17.24.03:876][195]LogModuleManager: Shutting down and abandoning module Paper2DEditor (258)
[2018.03.30-17.24.03:876][195]LogModuleManager: Shutting down and abandoning module MeshPaint (257)
[2018.03.30-17.24.03:876][195]LogModuleManager: Shutting down and abandoning module LevelEditor (255)
[2018.03.30-17.24.03:876][195]LogModuleManager: Shutting down and abandoning module PixelInspectorModule (254)
[2018.03.30-17.24.03:876][195]LogModuleManager: Shutting down and abandoning module MainFrame (252)
[2018.03.30-17.24.03:876][195]LogModuleManager: Shutting down and abandoning module HotReload (251)
[2018.03.30-17.24.03:876][195]LogModuleManager: Shutting down and abandoning module PhysXVehiclesEditor (246)
[2018.03.30-17.24.03:876][195]LogModuleManager: Shutting down and abandoning module PhysXVehicles (244)
[2018.03.30-17.24.03:876][195]LogModuleManager: Shutting down and abandoning module LocationServicesBPLibrary (242)
[2018.03.30-17.24.03:877][195]LogModuleManager: Shutting down and abandoning module ImmediatePhysicsEditor (240)
[2018.03.30-17.24.03:877][195]LogModuleManager: Shutting down and abandoning module ImmediatePhysics (238)
[2018.03.30-17.24.03:877][195]LogModuleManager: Shutting down and abandoning module UdpMessaging (236)
[2018.03.30-17.24.03:977][195]LogModuleManager: Shutting down and abandoning module TcpMessaging (234)
[2018.03.30-17.24.04:077][195]LogModuleManager: Shutting down and abandoning module GameplayTagsEditor (232)
[2018.03.30-17.24.04:077][195]LogModuleManager: Shutting down and abandoning module FacialAnimationEditor (230)
[2018.03.30-17.24.04:077][195]LogModuleManager: Shutting down and abandoning module FacialAnimation (228)
[2018.03.30-17.24.04:077][195]LogModuleManager: Shutting down and abandoning module AssetManagerEditor (226)
[2018.03.30-17.24.04:077][195]LogModuleManager: Shutting down and abandoning module GraphEditor (225)
[2018.03.30-17.24.04:077][195]LogModuleManager: Shutting down and abandoning module ContentBrowser (223)
[2018.03.30-17.24.04:077][195]LogModuleManager: Shutting down and abandoning module LightPropagationVolumeRuntime (220)
[2018.03.30-17.24.04:077][195]LogModuleManager: Shutting down and abandoning module Paper2D (218)
[2018.03.30-17.24.04:077][195]LogModuleManager: Shutting down and abandoning module WindowsMoviePlayer (216)
[2018.03.30-17.24.04:077][195]LogModuleManager: Shutting down and abandoning module WmfMedia (214)
[2018.03.30-17.24.04:079][195]LogModuleManager: Shutting down and abandoning module ClothingSystemEditor (212)
[2018.03.30-17.24.04:079][195]LogModuleManager: Shutting down and abandoning module ClothingSystemRuntime (210)
[2018.03.30-17.24.04:079][195]LogModuleManager: Shutting down and abandoning module MediaAssets (208)
[2018.03.30-17.24.04:079][195]LogModuleManager: Shutting down and abandoning module GameLiveStreaming (206)
[2018.03.30-17.24.04:079][195]LogModuleManager: Shutting down and abandoning module VREditor (204)
[2018.03.30-17.24.04:079][195]LogModuleManager: Shutting down and abandoning module StringTableEditor (202)
[2018.03.30-17.24.04:079][195]LogModuleManager: Shutting down and abandoning module GameplayTasksEditor (200)
[2018.03.30-17.24.04:079][195]LogModuleManager: Shutting down and abandoning module BehaviorTreeEditor (198)
[2018.03.30-17.24.04:079][195]LogModuleManager: Shutting down and abandoning module FunctionalTesting (196)
[2018.03.30-17.24.04:079][195]LogModuleManager: Shutting down and abandoning module CollisionAnalyzer (194)
[2018.03.30-17.24.04:079][195]LogModuleManager: Shutting down and abandoning module UMG (192)
[2018.03.30-17.24.04:079][195]LogModuleManager: Shutting down and abandoning module UMGEditor (191)
[2018.03.30-17.24.04:079][195]LogModuleManager: Shutting down and abandoning module Sequencer (190)
[2018.03.30-17.24.04:079][195]LogModuleManager: Shutting down and abandoning module AssetTools (188)
[2018.03.30-17.24.04:079][195]LogModuleManager: Shutting down and abandoning module MessageLog (187)
[2018.03.30-17.24.04:079][195]LogModuleManager: Shutting down and abandoning module WorkspaceMenuStructure (186)
[2018.03.30-17.24.04:079][195]LogModuleManager: Shutting down and abandoning module SlateReflector (180)
[2018.03.30-17.24.04:079][195]LogModuleManager: Shutting down and abandoning module Slate (178)
[2018.03.30-17.24.04:079][195]LogModuleManager: Shutting down and abandoning module EditorStyle (176)
[2018.03.30-17.24.04:081][195]LogModuleManager: Shutting down and abandoning module SourceCodeAccess (174)
[2018.03.30-17.24.04:081][195]LogModuleManager: Shutting down and abandoning module HeadMountedDisplay (172)
[2018.03.30-17.24.04:081][195]LogModuleManager: Shutting down and abandoning module XAudio2 (170)
[2018.03.30-17.24.04:081][195]LogModuleManager: Shutting down and abandoning module Networking (168)
[2018.03.30-17.24.04:081][195]LogModuleManager: Shutting down and abandoning module Core (164)
[2018.03.30-17.24.04:081][195]LogModuleManager: Shutting down and abandoning module AssetRegistry (162)
[2018.03.30-17.24.04:215][195]LogDirectoryWatcher: A directory notification for '../../../Engine/Content/' was aborted.
[2018.03.30-17.24.04:215][195]LogDirectoryWatcher: A directory notification for '../../../../../../Users/micha/OneDrive/Документы/Unreal Projects/TestMechanic/TestMechanic/Mechanic1/Content/' was aborted.
[2018.03.30-17.24.04:215][195]LogDirectoryWatcher: A directory notification for '../../../Engine/Plugins/2D/Paper2D/Content/' was aborted.
[2018.03.30-17.24.04:215][195]LogDirectoryWatcher: A directory notification for '../../../Engine/Plugins/Runtime/GearVR/Content/' was aborted.
[2018.03.30-17.24.04:217][195]LogModuleManager: Shutting down and abandoning module DirectoryWatcher (161)
[2018.03.30-17.24.04:217][195]LogModuleManager: Shutting down and abandoning module KismetCompiler (158)
[2018.03.30-17.24.04:217][195]LogModuleManager: Shutting down and abandoning module LevelSequence (156)
[2018.03.30-17.24.04:217][195]LogModuleManager: Shutting down and abandoning module PhysXFormats (154)
[2018.03.30-17.24.04:217][195]LogModuleManager: Shutting down and abandoning module MeshUtilities (152)
[2018.03.30-17.24.04:217][195]LogModuleManager: Shutting down and abandoning module SimplygonSwarm (151)
[2018.03.30-17.24.04:217][195]LogModuleManager: Shutting down and abandoning module SimplygonMeshReduction (149)
[2018.03.30-17.24.04:217][195]LogModuleManager: Shutting down and abandoning module QuadricMeshReduction (147)
[2018.03.30-17.24.04:217][195]LogModuleManager: Shutting down and abandoning module DerivedDataCache (144)
[2018.03.30-17.24.04:250][195]LogDerivedDataCache: Shutdown
[2018.03.30-17.24.04:250][195]LogModuleManager: Shutting down and abandoning module TargetPlatform (142)
[2018.03.30-17.24.04:250][195]LogModuleManager: Shutting down and abandoning module VulkanShaderFormat (141)
[2018.03.30-17.24.04:250][195]LogModuleManager: Shutting down and abandoning module ShaderFormatVectorVM (139)
[2018.03.30-17.24.04:250][195]LogModuleManager: Shutting down and abandoning module ShaderFormatOpenGL (137)
[2018.03.30-17.24.04:250][195]LogModuleManager: Shutting down and abandoning module ShaderFormatD3D (135)
[2018.03.30-17.24.04:250][195]LogModuleManager: Shutting down and abandoning module MetalShaderFormat (133)
[2018.03.30-17.24.04:250][195]LogModuleManager: Shutting down and abandoning module TextureFormatUncompressed (131)
[2018.03.30-17.24.04:250][195]LogModuleManager: Shutting down and abandoning module TextureFormatPVR (129)
[2018.03.30-17.24.04:250][195]LogModuleManager: Shutting down and abandoning module TextureFormatDXT (127)
[2018.03.30-17.24.04:250][195]LogModuleManager: Shutting down and abandoning module TextureFormatIntelISPCTexComp (125)
[2018.03.30-17.24.04:250][195]LogModuleManager: Shutting down and abandoning module TextureFormatASTC (123)
[2018.03.30-17.24.04:250][195]LogModuleManager: Shutting down and abandoning module ImageWrapper (122)
[2018.03.30-17.24.04:250][195]LogModuleManager: Shutting down and abandoning module TextureFormatAndroid (119)
[2018.03.30-17.24.04:250][195]LogModuleManager: Shutting down and abandoning module AudioFormatOpus (117)
[2018.03.30-17.24.04:250][195]LogModuleManager: Shutting down and abandoning module AudioFormatOgg (115)
[2018.03.30-17.24.04:250][195]LogModuleManager: Shutting down and abandoning module AudioFormatADPCM (113)
[2018.03.30-17.24.04:250][195]LogModuleManager: Shutting down and abandoning module LinuxTargetPlatform (111)
[2018.03.30-17.24.04:250][195]LogModuleManager: Shutting down and abandoning module LinuxServerTargetPlatform (109)
[2018.03.30-17.24.04:250][195]LogModuleManager: Shutting down and abandoning module LinuxNoEditorTargetPlatform (107)
[2018.03.30-17.24.04:250][195]LogModuleManager: Shutting down and abandoning module LinuxClientTargetPlatform (105)
[2018.03.30-17.24.04:250][195]LogModuleManager: Shutting down and abandoning module TVOSTargetPlatform (103)
[2018.03.30-17.24.04:250][195]LogModuleManager: Shutting down and abandoning module Messaging (101)
[2018.03.30-17.24.04:250][195]LogModuleManager: Shutting down and abandoning module IOSTargetPlatform (99)
[2018.03.30-17.24.04:250][195]LogModuleManager: Shutting down and abandoning module HTML5TargetPlatform (97)
[2018.03.30-17.24.04:250][195]LogModuleManager: Shutting down and abandoning module Android_PVRTCTargetPlatform (95)
[2018.03.30-17.24.04:250][195]LogModuleManager: Shutting down and abandoning module Android_MultiTargetPlatform (93)
[2018.03.30-17.24.04:250][195]LogModuleManager: Shutting down and abandoning module Android_ETC2TargetPlatform (91)
[2018.03.30-17.24.04:250][195]LogModuleManager: Shutting down and abandoning module Android_ETC1TargetPlatform (89)
[2018.03.30-17.24.04:250][195]LogModuleManager: Shutting down and abandoning module Android_DXTTargetPlatform (87)
[2018.03.30-17.24.04:250][195]LogModuleManager: Shutting down and abandoning module Android_ATCTargetPlatform (85)
[2018.03.30-17.24.04:250][195]LogModuleManager: Shutting down and abandoning module Android_ASTCTargetPlatform (83)
[2018.03.30-17.24.04:250][195]LogModuleManager: Shutting down and abandoning module AndroidTargetPlatform (81)
[2018.03.30-17.24.04:250][195]LogModuleManager: Shutting down and abandoning module WindowsTargetPlatform (79)
[2018.03.30-17.24.04:250][195]LogModuleManager: Shutting down and abandoning module WindowsServerTargetPlatform (77)
[2018.03.30-17.24.04:250][195]LogModuleManager: Shutting down and abandoning module WindowsNoEditorTargetPlatform (75)
[2018.03.30-17.24.04:250][195]LogModuleManager: Shutting down and abandoning module WindowsClientTargetPlatform (73)
[2018.03.30-17.24.04:250][195]LogModuleManager: Shutting down and abandoning module MacTargetPlatform (71)
[2018.03.30-17.24.04:250][195]LogModuleManager: Shutting down and abandoning module MacServerTargetPlatform (69)
[2018.03.30-17.24.04:250][195]LogModuleManager: Shutting down and abandoning module MacNoEditorTargetPlatform (67)
[2018.03.30-17.24.04:250][195]LogModuleManager: Shutting down and abandoning module MacClientTargetPlatform (65)
[2018.03.30-17.24.04:250][195]LogModuleManager: Shutting down and abandoning module AllDesktopTargetPlatform (63)
[2018.03.30-17.24.04:250][195]LogModuleManager: Shutting down and abandoning module InputCore (60)
[2018.03.30-17.24.04:250][195]LogModuleManager: Shutting down and abandoning module Settings (58)
[2018.03.30-17.24.04:250][195]LogModuleManager: Shutting down and abandoning module OculusRift (56)
[2018.03.30-17.24.04:250][195]LogModuleManager: Shutting down and abandoning module GearVRController (54)
[2018.03.30-17.24.04:250][195]LogModuleManager: Shutting down and abandoning module GearVR (52)
[2018.03.30-17.24.04:250][195]LogModuleManager: Shutting down and abandoning module ExampleDeviceProfileSelector (50)
[2018.03.30-17.24.04:250][195]LogModuleManager: Shutting down and abandoning module OnlineBlueprintSupport (48)
[2018.03.30-17.24.04:250][195]LogModuleManager: Shutting down and abandoning module OnlineSubsystem (44)
[2018.03.30-17.24.04:250][195]LogOnline:Display: Unloading online subsystem: NULL
[2018.03.30-17.24.04:250][195]LogModuleManager: Shutting down and abandoning module XMPP (43)
[2018.03.30-17.24.04:251][195]LogModuleManager: Shutting down and abandoning module HTTP (41)
[2018.03.30-17.24.04:251][195]LogHttp:Display: Http module shutting down, but needs to wait on 1 outstanding Http requests:
[2018.03.30-17.24.04:251][195]LogHttp:Display: 	verb=[POST] url=[https://datarouter.ol.epicgames.com/datarouter/api/v1/public/data?SessionID=%7B86E07281-44CD-D135-1E62-109397CE8B09%7D&AppID=UEEditor.Rocket.Release&AppVersion=4.16.3-3561208%2B%2B%2BUE4%2BRelease-4.16&UserID=a7532cba4a9af0b7ac1c69ac8e606cf3%7Cf6a1f727b7fd4e02865f71c4c266e34e%7Ce2c0c2f3-cf92-47a7-99bb-8eb0f34f19aa&AppEnvironment=datacollector-binary&UploadType=eteventstream] status=Processing
[2018.03.30-17.24.04:270][195]LogModuleManager: Shutting down and abandoning module SSL (40)
[2018.03.30-17.24.04:270][195]LogModuleManager: Shutting down and abandoning module HTTPChunkInstaller (36)
[2018.03.30-17.24.04:270][195]LogModuleManager: Shutting down and abandoning module AnimationModifiers (34)
[2018.03.30-17.24.04:270][195]LogModuleManager: Shutting down and abandoning module PropertyEditor (33)
[2018.03.30-17.24.04:270][195]LogModuleManager: Shutting down and abandoning module AudioEditor (30)
[2018.03.30-17.24.04:270][195]LogModuleManager: Shutting down and abandoning module TextureCompressor (28)
[2018.03.30-17.24.04:270][195]LogModuleManager: Shutting down and abandoning module ShaderCore (26)
[2018.03.30-17.24.04:270][195]LogModuleManager: Shutting down and abandoning module Landscape (24)
[2018.03.30-17.24.04:270][195]LogModuleManager: Shutting down and abandoning module SlateRHIRenderer (22)
[2018.03.30-17.24.04:271][195]LogModuleManager: Shutting down and abandoning module OpenGLDrv (20)
[2018.03.30-17.24.04:271][195]LogModuleManager: Shutting down and abandoning module D3D11RHI (18)
[2018.03.30-17.24.04:271][195]LogModuleManager: Shutting down and abandoning module AnimGraphRuntime (16)
[2018.03.30-17.24.04:271][195]LogModuleManager: Shutting down and abandoning module Renderer (14)
[2018.03.30-17.24.04:271][195]LogModuleManager: Shutting down and abandoning module Engine (12)
[2018.03.30-17.24.04:271][195]LogModuleManager: Shutting down and abandoning module CoreUObject (10)
[2018.03.30-17.24.04:271][195]LogModuleManager: Shutting down and abandoning module NetworkFile (8)
[2018.03.30-17.24.04:271][195]LogModuleManager: Shutting down and abandoning module StreamingFile (6)
[2018.03.30-17.24.04:271][195]LogModuleManager: Shutting down and abandoning module SandboxFile (4)
[2018.03.30-17.24.04:271][195]LogModuleManager: Shutting down and abandoning module PakFile (2)
[2018.03.30-17.24.04:273][195]LogExit: Exiting.
[2018.03.30-17.24.04:278][195]Log file closed, 03/30/18 19:24:04
