Log file open, 03/30/18 18:00:30
LogInit:Display: Running engine for game: Mechanic1
LogPlatformFile: Not using cached read wrapper
LogInit:Display: RandInit(-184336748) SRandInit(-184336748).
LogTaskGraph: Started task graph with 5 named threads and 8 total threads with 1 sets of task threads.
LogStats: Stats thread started at 0.076134
LogInit: Using libcurl 7.47.1
LogInit:  - built for x86_64-pc-win32
LogInit:  - supports SSL with OpenSSL/1.0.2g
LogInit:  - supports HTTP deflate (compression) using libz 1.2.8
LogInit:  - other features:
LogInit:      CURL_VERSION_SSL
LogInit:      CURL_VERSION_LIBZ
LogInit:      CURL_VERSION_IPV6
LogInit:      CURL_VERSION_ASYNCHDNS
LogInit:      CURL_VERSION_LARGEFILE
LogInit:      CURL_VERSION_IDN
LogInit:  CurlRequestOptions (configurable via config and command line):
LogInit:  - bVerifyPeer = false  - Libcurl will NOT verify peer certificate
LogInit:  - bUseHttpProxy = false  - Libcurl will NOT use HTTP proxy
LogInit:  - bDontReuseConnections = false  - Libcurl will reuse connections
LogInit:  - CertBundlePath = nullptr  - Libcurl will use whatever was configured at build time.
LogInit: Build: ++UE4+Release-4.16-CL-3561208
LogInit: Engine Version: 4.16.3-3561208+++UE4+Release-4.16
LogInit: Compatible Engine Version: 4.16.0-3452394+++UE4+Release-4.16
LogInit: Net CL: 3452394
LogDevObjectVersion: Number of dev versions registered: 16
LogDevObjectVersion:   Dev-Blueprints (B0D832E4-1F89-4F0D-ACCF-7EB736FD4AA2): 9
LogDevObjectVersion:   Dev-Build (E1C64328-A22C-4D53-A36C-8E866417BD8C): 0
LogDevObjectVersion:   Dev-Core (375EC13C-06E4-48FB-B500-84F0262A717E): 2
LogDevObjectVersion:   Dev-Editor (E4B068ED-F494-42E9-A231-DA0B2E46BB41): 17
LogDevObjectVersion:   Dev-Framework (CFFC743F-43B0-4480-9391-14DF171D2073): 23
LogDevObjectVersion:   Dev-Mobile (B02B49B5-BB20-44E9-A304-32B752E40360): 0
LogDevObjectVersion:   Dev-Networking (A4E4105C-59A1-49B5-A7C5-40C4547EDFEE): 0
LogDevObjectVersion:   Dev-Online (39C831C9-5AE6-47DC-9A44-9C173E1C8E7C): 0
LogDevObjectVersion:   Dev-Physics (78F01B33-EBEA-4F98-B9B4-84EACCB95AA2): 0
LogDevObjectVersion:   Dev-Platform (6631380F-2D4D-43E0-8009-CF276956A95A): 0
LogDevObjectVersion:   Dev-Rendering (12F88B9F-8875-4AFC-A67C-D90C383ABD29): 15
LogDevObjectVersion:   Dev-Sequencer (7B5AE74C-D270-4C10-A958-57980B212A5A): 4
LogDevObjectVersion:   Dev-VR (D7296918-1DD6-4BDD-9DE2-64A83CC13884): 0
LogDevObjectVersion:   Dev-LoadTimes (C2A15278-BFE7-4AFE-6C17-90FF531DF755): 1
LogDevObjectVersion:   Private-Geometry (6EACA3D4-40EC-4CC1-B786-8BED09428FC5): 1
LogDevObjectVersion:   Dev-AnimPhys (29E575DD-E0A3-4627-9D10-D276232CDCEA): 3
LogInit: Compiled (64-bit): Jul 28 2017 11:49:47
LogInit: Compiled with Visual C++: 19.00.24215.01
LogInit: Build Configuration: Development
LogInit: Branch Name: ++UE4+Release-4.16
LogInit: Command line:  
LogInit: Base directory: C:/Program Files/Epic Games/UE_4.16/Engine/Binaries/Win64/
LogInit: Installed Engine Build: 1
LogInit: Presizing for max 8388607 objects, including 0 objects not considered by GC, pre-allocating 0 bytes for permanent pool.
LogInit: Object subsystem initialized
[2018.03.30-16.00.31:104][  0]LogInit: Selected Device Profile: [Windows]
[2018.03.30-16.00.31:104][  0]LogInit: Applying CVar settings loaded from the selected device profile: [Windows]
[2018.03.30-16.00.31:109][  0]LogInit: Computer: DESKTOP-CUV1LHF
[2018.03.30-16.00.31:109][  0]LogInit: User: micha
[2018.03.30-16.00.31:109][  0]LogInit: CPU Page size=4096, Cores=4
[2018.03.30-16.00.31:109][  0]LogInit: High frequency timer resolution =4.101570 MHz
[2018.03.30-16.00.31:109][  0]LogMemory: Memory total: Physical=15.9GB (16GB approx)
[2018.03.30-16.00.31:109][  0]LogMemory: Platform Memory Stats for Windows
[2018.03.30-16.00.31:109][  0]LogMemory: Process Physical Memory: 275.91 MB used, 275.91 MB peak
[2018.03.30-16.00.31:109][  0]LogMemory: Process Virtual Memory: 260.98 MB used, 260.98 MB peak
[2018.03.30-16.00.31:109][  0]LogMemory: Physical Memory: 5848.76 MB used,  10465.74 MB free, 16314.50 MB total
[2018.03.30-16.00.31:109][  0]LogMemory: Virtual Memory: 676.92 MB used,  10465.74 MB free, 134217728.00 MB total
[2018.03.30-16.00.31:458][  0]LogInit: Using OS detected language (ru-RU).
[2018.03.30-16.00.31:458][  0]LogInit: Using OS detected locale (ru-RU).
[2018.03.30-16.00.31:460][  0]LogTextLocalizationManager: No localization for 'ru-RU' exists, so 'en' will be used for the language.
[2018.03.30-16.00.31:460][  0]LogTextLocalizationManager: No localization for 'ru-RU' exists, so 'en' will be used for the locale.
[2018.03.30-16.00.32:059][  0]LogD3D11RHI: D3D11 adapters:
[2018.03.30-16.00.32:088][  0]LogD3D11RHI:    0. 'NVIDIA GeForce GTX 1080 Ti' (Feature Level 11_0)
[2018.03.30-16.00.32:088][  0]LogD3D11RHI:       11127/0/8157 MB DedicatedVideo/DedicatedSystem/SharedSystem, Outputs:1, VendorId:0x10de
[2018.03.30-16.00.32:090][  0]LogD3D11RHI:    1. 'Microsoft Basic Render Driver' (Feature Level 11_0)
[2018.03.30-16.00.32:090][  0]LogD3D11RHI:       0/0/8157 MB DedicatedVideo/DedicatedSystem/SharedSystem, Outputs:0, VendorId:0x1414
[2018.03.30-16.00.32:090][  0]LogD3D11RHI: Chosen D3D11 Adapter: 0
[2018.03.30-16.00.32:094][  0]LogD3D11RHI: Creating new Direct3DDevice
[2018.03.30-16.00.32:095][  0]LogD3D11RHI:     GPU DeviceId: 0x1b06 (for the marketing name, search the web for "GPU Device Id")
[2018.03.30-16.00.32:095][  0]LogWindows: EnumDisplayDevices:
[2018.03.30-16.00.32:095][  0]LogWindows:    0. 'NVIDIA GeForce GTX 1080 Ti' (P:1 D:1)
[2018.03.30-16.00.32:095][  0]LogWindows:    1. 'NVIDIA GeForce GTX 1080 Ti' (P:0 D:0)
[2018.03.30-16.00.32:095][  0]LogWindows:    2. 'NVIDIA GeForce GTX 1080 Ti' (P:0 D:0)
[2018.03.30-16.00.32:095][  0]LogWindows:    3. 'NVIDIA GeForce GTX 1080 Ti' (P:0 D:0)
[2018.03.30-16.00.32:095][  0]LogWindows: DebugString: GetVideoDriverDetailsInvalid PrimaryIsNotTheChoosenAdapter GetVideoDriverDetailsInvalid PrimaryIsNotTheChoosenAdapter GetVideoDriverDetailsInvalid PrimaryIsNotTheChoosenAdapter GetVideoDriverDetailsInvalid PrimaryIsNotTheChoosenAdapter FoundDriverCount:0 
[2018.03.30-16.00.32:095][  0]LogD3D11RHI:     Adapter Name: NVIDIA GeForce GTX 1080 Ti
[2018.03.30-16.00.32:095][  0]LogD3D11RHI:   Driver Version: Unknown (internal:Unknown, unified:Unknown)
[2018.03.30-16.00.32:095][  0]LogD3D11RHI:      Driver Date: Unknown
[2018.03.30-16.00.32:095][  0]LogRHI: Texture pool is 1361 MB (70% of 1945 MB)
[2018.03.30-16.00.32:112][  0]LogD3D11RHI: Async texture creation enabled
[2018.03.30-16.00.32:131][  0]LogD3D11RHI: GPU Timing Frequency: 1000.000000 (Debug: 2 2)
[2018.03.30-16.00.32:172][  0]LogShaderCompilers: Guid format shader working directory is -29 characters bigger than the processId version (../../../../../../Users/micha/OneDrive/Документы/Unreal Projects/Mechanic1/Intermediate/Shaders/WorkingDirectory/15220/).
[2018.03.30-16.00.32:172][  0]LogShaderCompilers: Cleaned the shader compiler working directory 'C:/Users/micha/AppData/Local/Temp/UnrealShaderWorkingDir/8750D6B4499BCA3B7C51C6BAF13436EC/'.
[2018.03.30-16.00.32:172][  0]LogShaderCompilers:Display: Using Local Shader Compiler.
[2018.03.30-16.00.32:867][  0]LogTemp:Display: Loaded TP AllDesktopTargetPlatform
[2018.03.30-16.00.32:903][  0]LogTemp:Display: Loaded TP MacClientTargetPlatform
[2018.03.30-16.00.32:938][  0]LogTemp:Display: Loaded TP MacNoEditorTargetPlatform
[2018.03.30-16.00.32:973][  0]LogTemp:Display: Loaded TP MacServerTargetPlatform
[2018.03.30-16.00.33:008][  0]LogTemp:Display: Loaded TP MacTargetPlatform
[2018.03.30-16.00.33:042][  0]LogTemp:Display: Loaded TP WindowsClientTargetPlatform
[2018.03.30-16.00.33:077][  0]LogTemp:Display: Loaded TP WindowsNoEditorTargetPlatform
[2018.03.30-16.00.33:114][  0]LogTemp:Display: Loaded TP WindowsServerTargetPlatform
[2018.03.30-16.00.33:145][  0]LogTemp:Display: Loaded TP WindowsTargetPlatform
[2018.03.30-16.00.33:179][  0]LogTemp:Display: Loaded TP AndroidTargetPlatform
[2018.03.30-16.00.33:213][  0]LogTemp:Display: Loaded TP Android_ASTCTargetPlatform
[2018.03.30-16.00.33:247][  0]LogTemp:Display: Loaded TP Android_ATCTargetPlatform
[2018.03.30-16.00.33:281][  0]LogTemp:Display: Loaded TP Android_DXTTargetPlatform
[2018.03.30-16.00.33:315][  0]LogTemp:Display: Loaded TP Android_ETC1TargetPlatform
[2018.03.30-16.00.33:350][  0]LogTemp:Display: Loaded TP Android_ETC2TargetPlatform
[2018.03.30-16.00.33:417][  0]LogTemp:Display: Loaded TP Android_MultiTargetPlatform
[2018.03.30-16.00.33:417][  0]LogTemp:Display: Loaded TP Android_PVRTCTargetPlatform
[2018.03.30-16.00.33:445][  0]LogTemp:Display: Loaded TP HTML5TargetPlatform
[2018.03.30-16.00.33:515][  0]LogTemp:Display: Loaded TP IOSTargetPlatform
[2018.03.30-16.00.33:536][  0]LogTemp:Display: Loaded TP TVOSTargetPlatform
[2018.03.30-16.00.33:570][  0]LogTemp:Display: Loaded TP LinuxClientTargetPlatform
[2018.03.30-16.00.33:604][  0]LogTemp:Display: Loaded TP LinuxNoEditorTargetPlatform
[2018.03.30-16.00.33:638][  0]LogTemp:Display: Loaded TP LinuxServerTargetPlatform
[2018.03.30-16.00.33:672][  0]LogTemp:Display: Loaded TP LinuxTargetPlatform
[2018.03.30-16.00.33:672][  0]LogTargetPlatformManager:Display: Building Assets For Windows
[2018.03.30-16.00.34:010][  0]LogDerivedDataCache:Display: Max Cache Size: 512 MB
[2018.03.30-16.00.34:066][  0]LogDerivedDataCache: Loaded boot cache 0.06s 90MB C:/Users/micha/AppData/Local/UnrealEngine/4.16/DerivedDataCache/Boot.ddc.
[2018.03.30-16.00.34:066][  0]LogDerivedDataCache:Display: Loaded Boot cache: C:/Users/micha/AppData/Local/UnrealEngine/4.16/DerivedDataCache/Boot.ddc
[2018.03.30-16.00.34:066][  0]LogDerivedDataCache: FDerivedDataBackendGraph:  Pak pak cache file ../../../../../../Users/micha/OneDrive/Документы/Unreal Projects/Mechanic1/DerivedDataCache/DDC.ddp not found, will not use a pak cache.
[2018.03.30-16.00.34:066][  0]LogDerivedDataCache: Unable to find inner node Pak for hierarchical cache Hierarchy.
[2018.03.30-16.00.34:066][  0]LogDerivedDataCache: FDerivedDataBackendGraph:  CompressedPak pak cache file ../../../../../../Users/micha/OneDrive/Документы/Unreal Projects/Mechanic1/DerivedDataCache/Compressed.ddp not found, will not use a pak cache.
[2018.03.30-16.00.34:066][  0]LogDerivedDataCache: Unable to find inner node CompressedPak for hierarchical cache Hierarchy.
[2018.03.30-16.00.34:077][  0]LogDerivedDataCache:Display: Pak cache opened for reading ../../../Engine/DerivedDataCache/Compressed.ddp.
[2018.03.30-16.00.34:095][  0]LogDerivedDataCache: Using Local data cache path C:/Users/micha/AppData/Local/UnrealEngine/Common/DerivedDataCache: Writable
[2018.03.30-16.00.34:102][  0]LogMaterial: Verifying Global Shaders for PCD3D_SM5
[2018.03.30-16.00.34:102][  0]LogSlate: Using Freetype 2.6.0
[2018.03.30-16.00.34:102][  0]LogSlate: SlateFontCache - WITH_FREETYPE: 1, WITH_HARFBUZZ: 1
[2018.03.30-16.00.34:102][  0]LogSlate: SlateFontCache - WITH_FREETYPE: 1, WITH_HARFBUZZ: 1
[2018.03.30-16.00.34:312][  0]LogInit: Selected Device Profile: [Windows]
[2018.03.30-16.00.34:351][  0]LogContentStreaming: Texture pool size is 0.00 MB
[2018.03.30-16.00.34:456][  0]LogMeshUtilities: Using QuadricMeshReduction for automatic static mesh reduction
[2018.03.30-16.00.34:487][  0]LogSimplygon: Simplygon DLL not present - disabling.
[2018.03.30-16.00.34:519][  0]LogMeshUtilities: Using SimplygonSwarm for distributed automatic mesh merging
[2018.03.30-16.00.34:519][  0]LogMeshUtilities: No automatic skeletal mesh reduction module available
[2018.03.30-16.00.34:519][  0]LogMeshUtilities: No automatic mesh merging module available
[2018.03.30-16.00.34:859][  0]LogNetVersion: Mechanic1 , NetCL: 3452394, EngineNetVer: 2, GameNetVer: 0 (Checksum: 1296780927)
[2018.03.30-16.00.34:907][  0]LogAssetRegistry: FAssetRegistry took 0.0238 seconds to start up
[2018.03.30-16.00.34:931][  0]LogPackageLocalizationCache: Processed 4 localized package path(s) for 1 prioritized culture(s) in 0.009167 seconds
[2018.03.30-16.00.34:935][  0]LogUObjectArray: 34194 objects as part of root set at end of initial load.
[2018.03.30-16.00.34:935][  0]LogUObjectAllocator: 7260424 out of 0 bytes used by permanent object pool.
[2018.03.30-16.00.34:935][  0]LogUObjectArray: CloseDisregardForGC: 0/0 objects in disregard for GC pool
[2018.03.30-16.00.34:979][  0]LogInit: WinSock: version 1.1 (2.2), MaxSocks=32767, MaxUdp=65467
[2018.03.30-16.00.36:559][  0]LogTcpMessaging: Initializing TcpMessaging bridge
[2018.03.30-16.00.36:588][  0]LogUdpMessaging: Initializing bridge on interface 0.0.0.0:0 to multicast group 230.0.0.1:6666.
[2018.03.30-16.00.36:957][  0]LogMaterial: Uniform references updated for custom material expression Custom.
[2018.03.30-16.00.37:218][  0]SourceControl: Info Source control is disabled
[2018.03.30-16.00.37:219][  0]SourceControl: Info Source control is disabled
[2018.03.30-16.00.37:251][  0]SourceControl: Info Source control is disabled
[2018.03.30-16.00.37:282][  0]SourceControl: Info Source control is disabled
[2018.03.30-16.00.37:763][  0]LogAndroidPermission: UAndroidPermissionCallbackProxy::GetInstance
[2018.03.30-16.00.38:156][  0]LogEngine: Initializing Engine...
[2018.03.30-16.00.38:157][  0]LogHMD: Failed to initialize OpenVR with code 110
[2018.03.30-16.00.38:280][  0]LogStats: UGameplayTagsManager::ConstructGameplayTagTree: Construct from data asset -  0.000 s
[2018.03.30-16.00.38:280][  0]LogStats: UGameplayTagsManager::ConstructGameplayTagTree: GameplayTagTreeChangedEvent.Broadcast -  0.000 s
[2018.03.30-16.00.38:370][  0]LogAIModule: Creating AISystem for world Untitled
[2018.03.30-16.00.38:379][  0]LogInit: XAudio2 using 'Наушники гарнитуры (Razer ManO'War 7.1)' : 2 channels at 48 kHz using 16 bits per sample (channel mask 0x3)
[2018.03.30-16.00.38:399][  0]LogInit: FAudioDevice initialized.
[2018.03.30-16.00.38:433][  0]LogDerivedDataCache: Saved boot cache 0.03s 90MB C:/Users/micha/AppData/Local/UnrealEngine/4.16/DerivedDataCache/Boot.ddc.
[2018.03.30-16.00.38:437][  0]LogInit: Texture streaming: Enabled
[2018.03.30-16.00.38:503][  0]LogEngineSessionManager: EngineSessionManager initialized
[2018.03.30-16.00.38:650][  0]LogInit: Transaction tracking system initialized
[2018.03.30-16.00.38:864][  0]BlueprintLog: New page: Editor Load
[2018.03.30-16.00.39:514][  0]LocalizationService: Info Localization service is disabled
[2018.03.30-16.00.39:977][  0]LogConsoleResponse:Display: 
[2018.03.30-16.00.40:071][  0]LogCook:Display: Max memory allowance for cook 16384mb min free memory 0mb
[2018.03.30-16.00.40:071][  0]LogCook:Display: Mobile HDR setting 1
[2018.03.30-16.00.40:752][  0]LogFileCache: Scanning file cache for directory 'C:/Users/micha/OneDrive/Документы/Unreal Projects/Mechanic1/Content/' took 0.01s
[2018.03.30-16.00.40:752][  0]SourceControl: Info Source control is disabled
[2018.03.30-16.00.40:752][  0]Cmd: MAP LOAD FILE="../../../../../../Users/micha/OneDrive/Документы/Unreal Projects/Mechanic1/Content/StarterContent/Maps/Minimal_Default.umap" TEMPLATE=0 SHOWPROGRESS=1 FEATURELEVEL=3
[2018.03.30-16.00.40:752][  0]LightingResults: New page: Lighting Build
[2018.03.30-16.00.40:780][  0]MapCheck: New page: Map Check
[2018.03.30-16.00.40:780][  0]LightingResults: New page: Lighting Build
[2018.03.30-16.00.40:953][  0]LogAIModule: Creating AISystem for world Minimal_Default
[2018.03.30-16.00.40:958][  0]LogEditorServer: Finished looking for orphan Actors (0.000 secs)
[2018.03.30-16.00.40:967][  0]Cmd: MAP CHECKDEP NOCLEARLOG
[2018.03.30-16.00.40:999][  0]MapCheck: Info Map check complete: 0 Error(s), 0 Warning(s), took 31.88ms to complete.
[2018.03.30-16.00.40:999][  0]LogFileHelpers: Loading map 'Minimal_Default' took 0.247
[2018.03.30-16.00.41:053][  0]LogWindowsTextInputMethodSystem:Display: IME system now deactivated.
[2018.03.30-16.00.41:105][  0]LogCollectionManager: Loaded 0 collections in 0.000975 seconds
[2018.03.30-16.00.41:169][  0]LogFileCache: Scanning file cache for directory 'C:/Users/micha/OneDrive/Документы/Unreal Projects/Mechanic1/Saved/Collections/' took 0.01s
[2018.03.30-16.00.41:169][  0]LogFileCache: Scanning file cache for directory 'C:/Users/micha/OneDrive/Документы/Unreal Projects/Mechanic1/Content/Developers/micha/Collections/' took 0.01s
[2018.03.30-16.00.41:169][  0]LogFileCache: Scanning file cache for directory 'C:/Users/micha/OneDrive/Документы/Unreal Projects/Mechanic1/Content/Collections/' took 0.01s
[2018.03.30-16.00.41:169][  0]LogCollectionManager: Rebuilt the GUID cache for 0 collections in 0.000001 seconds
[2018.03.30-16.00.41:175][  0]LogContentBrowser: Native class hierarchy populated in 0.0060 seconds. Added 2329 classes and 491 folders.
[2018.03.30-16.00.41:221][  0]LogContentBrowser: Native class hierarchy updated for 'WidgetCarousel' in 0.0004 seconds. Added 0 classes and 0 folders.
[2018.03.30-16.00.41:247][  0]LogContentBrowser: Native class hierarchy updated for 'AddContentDialog' in 0.0004 seconds. Added 0 classes and 0 folders.
[2018.03.30-16.00.41:277][  0]LogContentBrowser: Native class hierarchy updated for 'SceneOutliner' in 0.0004 seconds. Added 1 classes and 2 folders.
[2018.03.30-16.00.41:333][  0]LogCrashTracker: Crashtracker disabled due to settings.
[2018.03.30-16.00.41:337][  0]LogUObjectGlobals:Warning: Failed to find object 'Class None.'
[2018.03.30-16.00.41:389][  0]LogContentBrowser: Native class hierarchy updated for 'HierarchicalLODOutliner' in 0.0004 seconds. Added 1 classes and 2 folders.
[2018.03.30-16.00.41:389][  0]LogLoad: (Engine Initialization) Total time: 11.30 seconds
[2018.03.30-16.00.41:389][  0]LogLoad: (Engine Initialization) Total Blueprint compile time: 0.07 seconds
[2018.03.30-16.00.41:389][  0]LogExternalProfiler: No external profilers were discovered.  External profiling features will not be available.
[2018.03.30-16.00.41:398][  0]LogOcInput: OculusInput pre-init called
[2018.03.30-16.00.41:398][  0]LogHMD: Starting GearVRController plugin
[2018.03.30-16.00.41:420][  0]LogAssetRegistry: Asset discovery search completed in 6.5347 seconds
[2018.03.30-16.00.41:421][  0]LogCollectionManager: Rebuilt the object cache for 0 collections in 0.000000 seconds (found 0 objects)
[2018.03.30-16.00.41:421][  0]LogCollectionManager: Fixed up redirectors for 0 collections in 0.000021 seconds (updated 0 objects)
[2018.03.30-16.00.41:423][  0]LogContentStreaming: Texture pool size now 3000 MB
[2018.03.30-16.00.41:429][  0]LogSlate: Took 0.000123 seconds to synchronously load lazily loaded font '../../../Engine/Content/Slate/Fonts/Roboto-Regular.ttf' (155K)
[2018.03.30-16.00.41:430][  0]LogSlate: Took 0.000086 seconds to synchronously load lazily loaded font '../../../Engine/Content/Slate/Fonts/Roboto-Bold.ttf' (160K)
[2018.03.30-16.00.41:433][  0]LogSlate: Took 0.000106 seconds to synchronously load lazily loaded font '../../../Engine/Content/Editor/Slate/Fonts/FontAwesome.ttf' (139K)
[2018.03.30-16.00.41:497][  0]LogSlate: Took 0.000123 seconds to synchronously load lazily loaded font '../../../Engine/Content/Slate/Fonts/Roboto-Light.ttf' (159K)
[2018.03.30-16.00.41:510][  1]LogFileCache: Retrieving MD5 hashes for directory 'C:/Users/micha/OneDrive/Документы/Unreal Projects/Mechanic1/Content/' took 0.10s
[2018.03.30-16.00.41:531][  2]LogRenderer: Reallocating scene render targets to support 832x388 NumSamples 1 (Frame:1).
[2018.03.30-16.00.43:395][215]LogRenderer: Reallocating scene render targets to support 1224x592 NumSamples 1 (Frame:212).
[2018.03.30-16.00.44:411][336]LogSlate: Took 0.000136 seconds to synchronously load lazily loaded font '../../../Engine/Content/Slate/Fonts/Roboto-Light.ttf' (159K)
[2018.03.30-16.00.53:889][470]AssetReimport: New page: Outstanding source content changes 8:00:53 PM
[2018.03.30-16.00.53:893][470]LogEditorFactories: Performing atomic reimport of [C:/Users/micha/OneDrive/Документы/Unreal Projects/Mechanic1/Content/Character/Animations/Climb.FBX]
[2018.03.30-16.00.53:914][470]LogFbx: Loading FBX Scene from C:/Users/micha/OneDrive/Документы/Unreal Projects/Mechanic1/Content/Character/Animations/Climb.FBX
[2018.03.30-16.00.53:938][470]LogFbx: FBX Scene Loaded Succesfully
[2018.03.30-16.00.53:944][470]LogFbx: Parsing AnimStack Unreal Take
[2018.03.30-16.00.54:057][470]LogAnimationCompression: Building Anim DDC data for AnimSequence /Game/Character/Animations/Climb.Climb
[2018.03.30-16.00.54:064][470]LogEditorFactories: -- imported successfully
[2018.03.30-16.00.54:075][471]LogEditorFactories: Performing atomic reimport of [C:/Users/micha/OneDrive/Документы/Unreal Projects/Mechanic1/Content/Character/Animations/Crouch to Stand.FBX]
[2018.03.30-16.00.54:081][471]LogFbx: Loading FBX Scene from C:/Users/micha/OneDrive/Документы/Unreal Projects/Mechanic1/Content/Character/Animations/Crouch to Stand.FBX
[2018.03.30-16.00.54:103][471]LogFbx: FBX Scene Loaded Succesfully
[2018.03.30-16.00.54:107][471]LogFbx: Parsing AnimStack Unreal Take
[2018.03.30-16.00.54:172][471]LogAnimationCompression: Building Anim DDC data for AnimSequence /Game/Character/Animations/Crouch_to_Stand.Crouch_to_Stand
[2018.03.30-16.00.54:177][471]LogEditorFactories: -- imported successfully
[2018.03.30-16.00.54:189][472]LogEditorFactories: Performing atomic reimport of [C:/Users/micha/OneDrive/Документы/Unreal Projects/Mechanic1/Content/Character/Animations/Hang_Idle.FBX]
[2018.03.30-16.00.54:196][472]LogFbx: Loading FBX Scene from C:/Users/micha/OneDrive/Документы/Unreal Projects/Mechanic1/Content/Character/Animations/Hang_Idle.FBX
[2018.03.30-16.00.54:218][472]LogFbx: FBX Scene Loaded Succesfully
[2018.03.30-16.00.54:221][472]LogFbx: Parsing AnimStack Unreal Take
[2018.03.30-16.00.54:455][472]LogAnimationCompression: Building Anim DDC data for AnimSequence /Game/Character/Animations/Hang_Idle.Hang_Idle
[2018.03.30-16.00.54:464][472]LogEditorFactories: -- imported successfully
[2018.03.30-16.00.54:475][473]LogSlate: Took 0.000095 seconds to synchronously load lazily loaded font '../../../Engine/Content/Slate/Fonts/Roboto-Light.ttf' (159K)
[2018.03.30-16.00.54:549][473]Cmd: OBJ SAVEPACKAGE PACKAGE="/Game/Character/Animations/Climb" FILE="../../../../../../Users/micha/OneDrive/Документы/Unreal Projects/Mechanic1/Content/Character/Animations/Climb.uasset" SILENT=true
[2018.03.30-16.00.54:559][473]LogSavePackage: Save=7.89ms
[2018.03.30-16.00.54:559][473]LogSavePackage: Moving '../../../../../../Users/micha/OneDrive/Документы/Unreal Projects/Mechanic1/Saved/Climb153EC3BD4B350A8F0321C996C47DA247.tmp' to '../../../../../../Users/micha/OneDrive/Документы/Unreal Projects/Mechanic1/Content/Character/Animations/Climb.uasset'
[2018.03.30-16.00.54:560][473]LogSavePackage:Display: Finished SavePackage ../../../../../../Users/micha/OneDrive/Документы/Unreal Projects/Mechanic1/Content/Character/Animations/Climb.uasset
[2018.03.30-16.00.54:583][473]LogSavePackage: Save=7.58ms
[2018.03.30-16.00.54:583][473]LogSavePackage: Moving '../../../../../../Users/micha/OneDrive/Документы/Unreal Projects/Mechanic1/Saved/Crouch_to_StandF3577AE344C74836AADD4AAE5DE21909.tmp' to '../../../../../../Users/micha/OneDrive/Документы/Unreal Projects/Mechanic1/Content/Character/Animations/Crouch_to_Stand.uasset'
[2018.03.30-16.00.54:584][473]LogSavePackage:Display: Finished SavePackage ../../../../../../Users/micha/OneDrive/Документы/Unreal Projects/Mechanic1/Content/Character/Animations/Crouch_to_Stand.uasset
[2018.03.30-16.00.54:610][473]LogSavePackage: Save=7.92ms
[2018.03.30-16.00.54:610][473]LogSavePackage: Moving '../../../../../../Users/micha/OneDrive/Документы/Unreal Projects/Mechanic1/Saved/Hang_Idle5A69AFD14CAADCAA9EEDF6B0FCE4F19E.tmp' to '../../../../../../Users/micha/OneDrive/Документы/Unreal Projects/Mechanic1/Content/Character/Animations/Hang_Idle.uasset'
[2018.03.30-16.00.54:612][473]LogSavePackage:Display: Finished SavePackage ../../../../../../Users/micha/OneDrive/Документы/Unreal Projects/Mechanic1/Content/Character/Animations/Hang_Idle.uasset
[2018.03.30-16.00.57:615][833]AssetReimport: Info Reimported asset Climb from C:/Users/micha/OneDrive/Документы/Unreal Projects/Mechanic1/Content/Character/Animations/Climb.FBX.
[2018.03.30-16.00.57:615][833]AssetReimport: Info Reimported asset Crouch_to_Stand from C:/Users/micha/OneDrive/Документы/Unreal Projects/Mechanic1/Content/Character/Animations/Crouch to Stand.FBX.
[2018.03.30-16.00.57:615][833]AssetReimport: Info Reimported asset Hang_Idle from C:/Users/micha/OneDrive/Документы/Unreal Projects/Mechanic1/Content/Character/Animations/Hang_Idle.FBX.
[2018.03.30-16.01.03:315][504]LogContentBrowser: Native class hierarchy updated for 'SkeletonEditor' in 0.0004 seconds. Added 1 classes and 2 folders.
[2018.03.30-16.01.03:402][504]LogActorComponent: RegisterComponentWithWorld: (/Engine/Transient.World_1:PersistentLevel.Actor_0.DebugSkelMeshComponent_0) Already registered. Aborting.
[2018.03.30-16.01.03:440][504]LogSkeletalMesh: USkeletalMeshComponent::InitArticulated : Bodies already created (/Engine/Transient.World_1:PersistentLevel.Actor_0.DebugSkelMeshComponent_0) - call TermArticulated first.
[2018.03.30-16.01.03:683][504]LogContentBrowser: Native class hierarchy updated for 'ClothingSystemEditorInterface' in 0.0004 seconds. Added 1 classes and 0 folders.
[2018.03.30-16.01.03:702][504]LogContentBrowser:Verbose: The majority of assets in the view are of type: AnimSequence
[2018.03.30-16.01.11:359][381]LogSlate:Warning: Prevented a slow task dialog from being summoned while a context menu was open
[2018.03.30-16.01.11:401][381]LogBlueprint:Warning: [Compiler TestCharacterBP1] Warning InputAction Event references unknown Action 'Crouch' for  InputAction Crouch
[2018.03.30-16.01.11:401][381]LogBlueprint:Warning: [Compiler TestCharacterBP1] Warning Input Axis Event references unknown Axis 'MoveForward' for  InputAxis MoveForward
[2018.03.30-16.01.11:401][381]LogBlueprint:Warning: [Compiler TestCharacterBP1] Warning InputAction Event references unknown Action 'Sprint' for  InputAction Sprint
[2018.03.30-16.01.11:401][381]LogBlueprint:Warning: [Compiler TestCharacterBP1] Warning InputAction Event references unknown Action 'Jump' for  InputAction Jump
[2018.03.30-16.01.11:401][381]LogBlueprint:Warning: [Compiler TestCharacterBP1] Warning Input Axis Event references unknown Axis 'LookUp' for  InputAxis LookUp
[2018.03.30-16.01.11:402][381]LogBlueprint:Warning: [Compiler TestCharacterBP1] Warning Input Axis Event references unknown Axis 'Turn' for  InputAxis Turn
[2018.03.30-16.01.11:402][381]LogBlueprint:Warning: [Compiler TestCharacterBP1] Warning Input Axis Event references unknown Axis 'MoveRight' for  InputAxis MoveRight
[2018.03.30-16.01.11:403][381]LogBlueprint:Warning: [Compiler TestCharacterBP1] Warning [0041.32] Compile of TestCharacterBP1 successful, but with 7 Warning(s) [in 4 ms] (/Game/Character/TestCharacterBP1.TestCharacterBP1)
[2018.03.30-16.01.11:403][381]LogBlueprint:Warning: [Compiler TestCharacterBP1] Warning [0041.32] Compile of TestCharacterBP1 successful, but with 8 Warning(s) [in 0 ms] (/Game/Character/TestCharacterBP1.TestCharacterBP1)
[2018.03.30-16.01.11:403][381]LogBlueprint:Warning: [Compiler TestCharacterBP1] Warning [0041.32] Compile of TestCharacterBP1 successful, but with 9 Warning(s) [in 0 ms] (/Game/Character/TestCharacterBP1.TestCharacterBP1)
[2018.03.30-16.01.11:406][381]LogBlueprint:Warning: [Compiler TestCharacterBP1] Warning InputAction Event references unknown Action 'Crouch' for  InputAction Crouch
[2018.03.30-16.01.11:406][381]LogBlueprint:Warning: [Compiler TestCharacterBP1] Warning Input Axis Event references unknown Axis 'MoveForward' for  InputAxis MoveForward
[2018.03.30-16.01.11:406][381]LogBlueprint:Warning: [Compiler TestCharacterBP1] Warning InputAction Event references unknown Action 'Sprint' for  InputAction Sprint
[2018.03.30-16.01.11:406][381]LogBlueprint:Warning: [Compiler TestCharacterBP1] Warning InputAction Event references unknown Action 'Jump' for  InputAction Jump
[2018.03.30-16.01.11:406][381]LogBlueprint:Warning: [Compiler TestCharacterBP1] Warning Input Axis Event references unknown Axis 'LookUp' for  InputAxis LookUp
[2018.03.30-16.01.11:406][381]LogBlueprint:Warning: [Compiler TestCharacterBP1] Warning Input Axis Event references unknown Axis 'Turn' for  InputAxis Turn
[2018.03.30-16.01.11:407][381]LogBlueprint:Warning: [Compiler TestCharacterBP1] Warning Input Axis Event references unknown Axis 'MoveRight' for  InputAxis MoveRight
[2018.03.30-16.01.11:408][381]LogBlueprint:Warning: [Compiler TestCharacterBP1] Warning [0041.32] Compile of TestCharacterBP1 successful, but with 7 Warning(s) [in 3 ms] (/Game/Character/TestCharacterBP1.TestCharacterBP1)
[2018.03.30-16.01.11:408][381]LogBlueprint:Warning: [Compiler TestCharacterBP1] Warning [0041.32] Compile of TestCharacterBP1 successful, but with 8 Warning(s) [in 0 ms] (/Game/Character/TestCharacterBP1.TestCharacterBP1)
[2018.03.30-16.01.11:408][381]LogBlueprint:Warning: [Compiler TestCharacterBP1] Warning [0041.32] Compile of TestCharacterBP1 successful, but with 9 Warning(s) [in 0 ms] (/Game/Character/TestCharacterBP1.TestCharacterBP1)
[2018.03.30-16.01.24:237][835]LogSlate: Only BGRA pngs, bmps or icos are supported in by External Image Picker
[2018.03.30-16.01.24:321][841]LogTemp: Executing iPhonePackager certificates Engine -bundlename com.YourCompany.Mechanic1
[2018.03.30-16.01.24:321][841]LogTemp: CWD: C:\Program Files\Epic Games\UE_4.16\Engine\Binaries\DotNET\IOS
[2018.03.30-16.01.24:321][841]LogTemp: Initial Dir: C:\Program Files\Epic Games\UE_4.16
[2018.03.30-16.01.24:321][841]LogTemp: Env CWD: C:\Program Files\Epic Games\UE_4.16\Engine\Binaries\DotNET\IOS
[2018.03.30-16.01.24:330][842]LogTemp: BranchPath = DESKTOP-CUV1LHF/C/Program Files/Epic Games/UE_4.16/Engine/Binaries --- GameBranchPath = DESKTOP-CUV1LHF/C/Program Files/Epic Games/UE_4.16/Engine/Binaries
[2018.03.30-16.01.24:346][844]LogTemp: IPP ERROR: Could not find provision directory 'C:\Users\micha\AppData\Local/Apple Computer/MobileDevice/Provisioning Profiles/'.
[2018.03.30-16.01.31:587][603]LogSlate:Warning: Prevented a slow task dialog from being summoned while a context menu was open
[2018.03.30-16.01.36:351][168]LogTemp: Repeting last play command: Selected Viewport
[2018.03.30-16.01.36:406][168]LogBlueprintUserMessages: Early PlayInEditor Detection: Level '/Game/StarterContent/Maps/Minimal_Default.Minimal_Default:PersistentLevel' has LevelScriptBlueprint '/Game/StarterContent/Maps/Minimal_Default.Minimal_Default:PersistentLevel.Minimal_Default' with GeneratedClass '/Game/StarterContent/Maps/Minimal_Default.Minimal_Default_C' with ClassGeneratedBy '/Game/StarterContent/Maps/Minimal_Default.Minimal_Default:PersistentLevel.Minimal_Default'
[2018.03.30-16.01.36:406][168]LogPlayLevel: PlayLevel: No blueprints needed recompiling
[2018.03.30-16.01.36:407][168]PIE: New page: PIE session: Minimal_Default (Mar 30, 2018, 8:01:36 PM)
[2018.03.30-16.01.36:407][168]LogPlayLevel: Creating play world package: /Game/StarterContent/Maps/UEDPIE_0_Minimal_Default
[2018.03.30-16.01.36:412][168]LogPlayLevel: PIE: StaticDuplicateObject took: (0.004988s)
[2018.03.30-16.01.36:412][168]LogAIModule: Creating AISystem for world Minimal_Default
[2018.03.30-16.01.36:412][168]LogPlayLevel: PIE: World Init took: (0.000560s)
[2018.03.30-16.01.36:413][168]LogPlayLevel: PIE: Created PIE world by copying editor world from /Game/StarterContent/Maps/Minimal_Default.Minimal_Default to /Game/StarterContent/Maps/UEDPIE_0_Minimal_Default.Minimal_Default (0.005754s)
[2018.03.30-16.01.36:430][168]LogInit: XAudio2 using 'Наушники гарнитуры (Razer ManO'War 7.1)' : 2 channels at 48 kHz using 16 bits per sample (channel mask 0x3)
[2018.03.30-16.01.36:447][168]LogInit: FAudioDevice initialized.
[2018.03.30-16.01.36:485][168]LogLoad: Game class is 'Lol_C'
[2018.03.30-16.01.36:486][168]LogWorld: Bringing World /Game/StarterContent/Maps/UEDPIE_0_Minimal_Default.Minimal_Default up for play (max tick rate 0) at 2018.03.30-18.01.36
[2018.03.30-16.01.36:487][168]LogWorld: Bringing up level for play took: 0.000782
[2018.03.30-16.01.36:515][168]LogContentBrowser: Native class hierarchy updated for 'MovieSceneCapture' in 0.0004 seconds. Added 11 classes and 0 folders.
[2018.03.30-16.01.36:516][168]PIE: Info Play in editor start time for /Game/StarterContent/Maps/UEDPIE_0_Minimal_Default 1.038
[2018.03.30-16.01.36:516][168]LogBlueprintUserMessages: Late PlayInEditor Detection: Level '/Game/StarterContent/Maps/Minimal_Default.Minimal_Default:PersistentLevel' has LevelScriptBlueprint '/Game/StarterContent/Maps/Minimal_Default.Minimal_Default:PersistentLevel.Minimal_Default' with GeneratedClass '/Game/StarterContent/Maps/Minimal_Default.Minimal_Default_C' with ClassGeneratedBy '/Game/StarterContent/Maps/Minimal_Default.Minimal_Default:PersistentLevel.Minimal_Default'
[2018.03.30-16.01.38:785][437]LogBlueprintUserMessages: Early EndPlayMap Detection: Level '/Game/StarterContent/Maps/Minimal_Default.Minimal_Default:PersistentLevel' has LevelScriptBlueprint '/Game/StarterContent/Maps/Minimal_Default.Minimal_Default:PersistentLevel.Minimal_Default' with GeneratedClass '/Game/StarterContent/Maps/Minimal_Default.Minimal_Default_C' with ClassGeneratedBy '/Game/StarterContent/Maps/Minimal_Default.Minimal_Default:PersistentLevel.Minimal_Default'
[2018.03.30-16.01.38:812][437]LogBlueprintUserMessages: Late EndPlayMap Detection: Level '/Game/StarterContent/Maps/Minimal_Default.Minimal_Default:PersistentLevel' has LevelScriptBlueprint '/Game/StarterContent/Maps/Minimal_Default.Minimal_Default:PersistentLevel.Minimal_Default' with GeneratedClass '/Game/StarterContent/Maps/Minimal_Default.Minimal_Default_C' with ClassGeneratedBy '/Game/StarterContent/Maps/Minimal_Default.Minimal_Default:PersistentLevel.Minimal_Default'
[2018.03.30-16.01.52:975][637]LogSavePackage: Save=57.76ms
[2018.03.30-16.01.52:975][637]LogSavePackage: Moving '../../../../../../Users/micha/OneDrive/Документы/Unreal Projects/Mechanic1/Saved/Minimal_Default455B516C4F86AF5BF936B695247C63AA.tmp' to '../../../../../../Users/micha/OneDrive/Документы/Unreal Projects/Mechanic1/Content/StarterContent/Maps/Minimal_Default.umap'
[2018.03.30-16.01.52:977][637]LogSavePackage:Display: Finished SavePackage ../../../../../../Users/micha/OneDrive/Документы/Unreal Projects/Mechanic1/Content/StarterContent/Maps/Minimal_Default.umap
[2018.03.30-16.01.52:987][637]LogFileHelpers: Saving map 'Minimal_Default' took 0.114
[2018.03.30-16.01.53:016][637]LogWindowsTextInputMethodSystem:Display: IME system now deactivated.
[2018.03.30-16.01.53:159][638]Cmd: QUIT_EDITOR
[2018.03.30-16.01.53:874][638]LogExit: Preparing to exit.
[2018.03.30-16.01.54:737][638]LogDirectoryWatcher: A directory notification for 'C:/Users/micha/OneDrive/Документы/Unreal Projects/Mechanic1/Content/' was aborted.
[2018.03.30-16.01.54:749][638]LogExit: Editor shut down
[2018.03.30-16.01.54:751][638]LogExit: Transaction tracking system shut down
[2018.03.30-16.01.54:789][638]LogObj: Freed 0b from 0 cluster array pools.
[2018.03.30-16.01.54:789][638]LogExit: Object subsystem successfully closed.
[2018.03.30-16.01.54:806][638]LogD3D11RHI: Shutdown
[2018.03.30-16.01.54:806][638]LogD3D11RHI: CleanupD3DDevice
[2018.03.30-16.01.54:858][638]LogD3D11RHI: ~FD3D11DynamicRHI
[2018.03.30-16.01.54:867][638]LogModuleManager: Shutting down and abandoning module MovieSceneCapture (534)
[2018.03.30-16.01.54:867][638]LogModuleManager: Shutting down and abandoning module ExternalImagePicker (532)
[2018.03.30-16.01.54:867][638]LogModuleManager: Shutting down and abandoning module ClothingSystemEditorInterface (530)
[2018.03.30-16.01.54:867][638]LogModuleManager: Shutting down and abandoning module SkeletonEditor (528)
[2018.03.30-16.01.54:867][638]LogModuleManager: Shutting down and abandoning module AnimationEditor (526)
[2018.03.30-16.01.54:867][638]LogModuleManager: Shutting down and abandoning module HierarchicalLODOutliner (524)
[2018.03.30-16.01.54:867][638]LogModuleManager: Shutting down and abandoning module CrashTracker (522)
[2018.03.30-16.01.54:867][638]LogModuleManager: Shutting down and abandoning module SceneOutliner (520)
[2018.03.30-16.01.54:867][638]LogModuleManager: Shutting down and abandoning module AddContentDialog (518)
[2018.03.30-16.01.54:867][638]LogDirectoryWatcher: A directory notification for 'C:/Program Files/Epic Games/UE_4.16/FeaturePacks/' was aborted.
[2018.03.30-16.01.54:868][638]LogModuleManager: Shutting down and abandoning module WidgetCarousel (517)
[2018.03.30-16.01.54:868][638]LogModuleManager: Shutting down and abandoning module EditorWidgets (514)
[2018.03.30-16.01.54:868][638]LogModuleManager: Shutting down and abandoning module CollectionManager (512)
[2018.03.30-16.01.54:868][638]LogDirectoryWatcher: A directory notification for 'C:/Users/micha/OneDrive/Документы/Unreal Projects/Mechanic1/Content/Collections/' was aborted.
[2018.03.30-16.01.54:868][638]LogDirectoryWatcher: A directory notification for 'C:/Users/micha/OneDrive/Документы/Unreal Projects/Mechanic1/Content/Developers/micha/Collections/' was aborted.
[2018.03.30-16.01.54:868][638]LogDirectoryWatcher: A directory notification for 'C:/Users/micha/OneDrive/Документы/Unreal Projects/Mechanic1/Saved/Collections/' was aborted.
[2018.03.30-16.01.54:868][638]LogModuleManager: Shutting down and abandoning module StatsViewer (510)
[2018.03.30-16.01.54:868][638]LogModuleManager: Shutting down and abandoning module FoliageEdit (508)
[2018.03.30-16.01.54:868][638]LogModuleManager: Shutting down and abandoning module LandscapeEditor (506)
[2018.03.30-16.01.54:868][638]LogModuleManager: Shutting down and abandoning module MeshPaintMode (504)
[2018.03.30-16.01.54:868][638]LogModuleManager: Shutting down and abandoning module SceneDepthPickerMode (502)
[2018.03.30-16.01.54:868][638]LogModuleManager: Shutting down and abandoning module ActorPickerMode (500)
[2018.03.30-16.01.54:868][638]LogModuleManager: Shutting down and abandoning module GeometryMode (498)
[2018.03.30-16.01.54:868][638]LogModuleManager: Shutting down and abandoning module TextureAlignMode (496)
[2018.03.30-16.01.54:868][638]LogModuleManager: Shutting down and abandoning module BspMode (494)
[2018.03.30-16.01.54:868][638]LogModuleManager: Shutting down and abandoning module HardwareSurvey (492)
[2018.03.30-16.01.54:868][638]LogModuleManager: Shutting down and abandoning module SequenceRecorderSections (490)
[2018.03.30-16.01.54:868][638]LogModuleManager: Shutting down and abandoning module AutomationWorker (488)
[2018.03.30-16.01.54:868][638]LogModuleManager: Shutting down and abandoning module MatineeToLevelSequence (486)
[2018.03.30-16.01.54:868][638]LogModuleManager: Shutting down and abandoning module LevelSequenceEditor (484)
[2018.03.30-16.01.54:868][638]LogModuleManager: Shutting down and abandoning module PlacementMode (483)
[2018.03.30-16.01.54:868][638]LogModuleManager: Shutting down and abandoning module WmfMediaFactory (480)
[2018.03.30-16.01.54:868][638]LogModuleManager: Shutting down and abandoning module WmfMediaEditor (478)
[2018.03.30-16.01.54:868][638]LogModuleManager: Shutting down and abandoning module AvfMediaFactory (476)
[2018.03.30-16.01.54:868][638]LogModuleManager: Shutting down and abandoning module AvfMediaEditor (474)
[2018.03.30-16.01.54:868][638]LogModuleManager: Shutting down and abandoning module AndroidMediaFactory (472)
[2018.03.30-16.01.54:868][638]LogModuleManager: Shutting down and abandoning module Media (471)
[2018.03.30-16.01.54:868][638]LogModuleManager: Shutting down and abandoning module AndroidMediaEditor (468)
[2018.03.30-16.01.54:868][638]LogModuleManager: Shutting down and abandoning module CharacterAI (466)
[2018.03.30-16.01.54:868][638]LogModuleManager: Shutting down and abandoning module AudioCapture (464)
[2018.03.30-16.01.54:868][638]LogModuleManager: Shutting down and abandoning module SequenceRecorder (463)
[2018.03.30-16.01.54:868][638]LogModuleManager: Shutting down and abandoning module SmartSnapping (460)
[2018.03.30-16.01.54:868][638]LogModuleManager: Shutting down and abandoning module SessionServices (458)
[2018.03.30-16.01.54:868][638]LogModuleManager: Shutting down and abandoning module ViewportSnapping (456)
[2018.03.30-16.01.54:868][638]LogModuleManager: Shutting down and abandoning module ViewportInteraction (454)
[2018.03.30-16.01.54:868][638]LogModuleManager: Shutting down and abandoning module ClothPainter (452)
[2018.03.30-16.01.54:868][638]LogModuleManager: Shutting down and abandoning module LogVisualizer (450)
[2018.03.30-16.01.54:868][638]LogModuleManager: Shutting down and abandoning module IntroTutorials (448)
[2018.03.30-16.01.54:868][638]LogModuleManager: Shutting down and abandoning module GameProjectGeneration (447)
[2018.03.30-16.01.54:868][638]LogModuleManager: Shutting down and abandoning module EditorLiveStreaming (444)
[2018.03.30-16.01.54:868][638]LogModuleManager: Shutting down and abandoning module IOSPlatformEditor (442)
[2018.03.30-16.01.54:868][638]LogModuleManager: Shutting down and abandoning module HTML5PlatformEditor (440)
[2018.03.30-16.01.54:868][638]LogModuleManager: Shutting down and abandoning module AndroidPlatformEditor (438)
[2018.03.30-16.01.54:868][638]LogModuleManager: Shutting down and abandoning module AndroidDeviceDetection (437)
[2018.03.30-16.01.55:750][638]LogModuleManager: Shutting down and abandoning module IOSRuntimeSettings (434)
[2018.03.30-16.01.55:750][638]LogModuleManager: Shutting down and abandoning module AndroidRuntimeSettings (432)
[2018.03.30-16.01.55:750][638]LogModuleManager: Shutting down and abandoning module InputBindingEditor (430)
[2018.03.30-16.01.55:750][638]LogModuleManager: Shutting down and abandoning module MergeActors (428)
[2018.03.30-16.01.55:750][638]LogModuleManager: Shutting down and abandoning module SizeMap (426)
[2018.03.30-16.01.55:750][638]LogModuleManager: Shutting down and abandoning module TreeMap (424)
[2018.03.30-16.01.55:750][638]LogModuleManager: Shutting down and abandoning module ReferenceViewer (422)
[2018.03.30-16.01.55:750][638]LogModuleManager: Shutting down and abandoning module LocalizationDashboard (420)
[2018.03.30-16.01.55:750][638]LogModuleManager: Shutting down and abandoning module LocalizationService (419)
[2018.03.30-16.01.55:750][638]LogModuleManager: Shutting down and abandoning module HardwareTargeting (416)
[2018.03.30-16.01.55:750][638]LogModuleManager: Shutting down and abandoning module DeviceProfileEditor (414)
[2018.03.30-16.01.55:750][638]LogModuleManager: Shutting down and abandoning module UndoHistory (412)
[2018.03.30-16.01.55:750][638]LogModuleManager: Shutting down and abandoning module UserFeedback (410)
[2018.03.30-16.01.55:750][638]LogModuleManager: Shutting down and abandoning module XmlParser (408)
[2018.03.30-16.01.55:750][638]LogModuleManager: Shutting down and abandoning module Blutility (406)
[2018.03.30-16.01.55:750][638]LogModuleManager: Shutting down and abandoning module ProjectSettingsViewer (404)
[2018.03.30-16.01.55:750][638]LogModuleManager: Shutting down and abandoning module ProjectTargetPlatformEditor (403)
[2018.03.30-16.01.55:750][638]LogModuleManager: Shutting down and abandoning module EditorSettingsViewer (400)
[2018.03.30-16.01.55:750][638]LogModuleManager: Shutting down and abandoning module SettingsEditor (398)
[2018.03.30-16.01.55:750][638]LogModuleManager: Shutting down and abandoning module ProjectLauncher (396)
[2018.03.30-16.01.55:750][638]LogModuleManager: Shutting down and abandoning module SessionFrontend (394)
[2018.03.30-16.01.55:750][638]LogModuleManager: Shutting down and abandoning module ProfilerClient (392)
[2018.03.30-16.01.55:750][638]LogModuleManager: Shutting down and abandoning module DeviceManager (390)
[2018.03.30-16.01.55:750][638]LogModuleManager: Shutting down and abandoning module TargetDeviceServices (389)
[2018.03.30-16.01.55:802][638]LogModuleManager: Shutting down and abandoning module AutomationController (386)
[2018.03.30-16.01.55:802][638]LogModuleManager: Shutting down and abandoning module AutomationWindow (384)
[2018.03.30-16.01.55:802][638]LogModuleManager: Shutting down and abandoning module Layers (382)
[2018.03.30-16.01.55:802][638]LogModuleManager: Shutting down and abandoning module ComponentVisualizers (380)
[2018.03.30-16.01.55:802][638]LogModuleManager: Shutting down and abandoning module DetailCustomizations (378)
[2018.03.30-16.01.55:802][638]LogModuleManager: Shutting down and abandoning module PackagesDialog (376)
[2018.03.30-16.01.55:802][638]LogModuleManager: Shutting down and abandoning module Persona (374)
[2018.03.30-16.01.55:802][638]LogModuleManager: Shutting down and abandoning module AdvancedPreviewScene (373)
[2018.03.30-16.01.55:802][638]LogModuleManager: Shutting down and abandoning module AnimGraph (371)
[2018.03.30-16.01.55:802][638]LogModuleManager: Shutting down and abandoning module Kismet (368)
[2018.03.30-16.01.55:802][638]LogModuleManager: Shutting down and abandoning module ClassViewer (366)
[2018.03.30-16.01.55:803][638]LogModuleManager: Shutting down and abandoning module Toolbox (364)
[2018.03.30-16.01.55:803][638]LogModuleManager: Shutting down and abandoning module ModuleUI (362)
[2018.03.30-16.01.55:803][638]LogModuleManager: Shutting down and abandoning module MovieSceneTools (360)
[2018.03.30-16.01.55:803][638]LogModuleManager: Shutting down and abandoning module OutputLog (358)
[2018.03.30-16.01.55:803][638]LogModuleManager: Shutting down and abandoning module GammaUI (356)
[2018.03.30-16.01.55:803][638]LogModuleManager: Shutting down and abandoning module Documentation (354)
[2018.03.30-16.01.55:803][638]LogModuleManager: Shutting down and abandoning module MovieSceneTracks (352)
[2018.03.30-16.01.55:803][638]LogModuleManager: Shutting down and abandoning module MovieScene (350)
[2018.03.30-16.01.55:803][638]LogModuleManager: Shutting down and abandoning module Niagara (348)
[2018.03.30-16.01.55:803][638]LogModuleManager: Shutting down and abandoning module NiagaraEditor (347)
[2018.03.30-16.01.55:803][638]LogModuleManager: Shutting down and abandoning module StreamingPauseRendering (344)
[2018.03.30-16.01.55:803][638]LogModuleManager: Shutting down and abandoning module AnalyticsET (342)
[2018.03.30-16.01.55:803][638]LogModuleManager: Shutting down and abandoning module PortalServices (340)
[2018.03.30-16.01.55:803][638]LogModuleManager: Shutting down and abandoning module PortalRpc (338)
[2018.03.30-16.01.55:803][638]LogModuleManager: Shutting down and abandoning module MessagingRpc (336)
[2018.03.30-16.01.55:803][638]LogModuleManager: Shutting down and abandoning module AIModule (334)
[2018.03.30-16.01.55:803][638]LogModuleManager: Shutting down and abandoning module GameplayDebugger (333)
[2018.03.30-16.01.55:803][638]LogModuleManager: Shutting down and abandoning module AITestSuite (331)
[2018.03.30-16.01.55:803][638]LogModuleManager: Shutting down and abandoning module ProfilerService (328)
[2018.03.30-16.01.55:926][638]LogModuleManager: Shutting down and abandoning module TaskGraph (326)
[2018.03.30-16.01.55:926][638]LogModuleManager: Shutting down and abandoning module SteamVRController (324)
[2018.03.30-16.01.55:926][638]LogModuleManager: Shutting down and abandoning module SteamVR (322)
[2018.03.30-16.01.55:927][638]LogModuleManager: Shutting down and abandoning module ProceduralMeshComponentEditor (320)
[2018.03.30-16.01.55:927][638]LogModuleManager: Shutting down and abandoning module ProceduralMeshComponent (318)
[2018.03.30-16.01.55:927][638]LogModuleManager: Shutting down and abandoning module OculusLibrary (316)
[2018.03.30-16.01.55:927][638]LogModuleManager: Shutting down and abandoning module OculusInput (314)
[2018.03.30-16.01.55:927][638]LogModuleManager: Shutting down and abandoning module MobilePatchingUtils (312)
[2018.03.30-16.01.55:927][638]LogModuleManager: Shutting down and abandoning module CustomMeshComponent (310)
[2018.03.30-16.01.55:927][638]LogModuleManager: Shutting down and abandoning module CableComponent (308)
[2018.03.30-16.01.55:927][638]LogModuleManager: Shutting down and abandoning module ArchVisCharacter (306)
[2018.03.30-16.01.55:927][638]LogModuleManager: Shutting down and abandoning module AndroidPermission (304)
[2018.03.30-16.01.55:927][638]LogModuleManager: Shutting down and abandoning module MediaPlayerEditor (300)
[2018.03.30-16.01.55:927][638]LogModuleManager: Shutting down and abandoning module HTML5Networking (298)
[2018.03.30-16.01.55:927][638]LogModuleManager: Shutting down and abandoning module AlembicImporter (296)
[2018.03.30-16.01.55:927][638]LogModuleManager: Shutting down and abandoning module AlembicLibrary (295)
[2018.03.30-16.01.55:927][638]LogModuleManager: Shutting down and abandoning module GeometryCache (294)
[2018.03.30-16.01.55:927][638]LogModuleManager: Shutting down and abandoning module GeometryCacheEd (293)
[2018.03.30-16.01.55:927][638]LogModuleManager: Shutting down and abandoning module SuperSearchEditor (288)
[2018.03.30-16.01.55:927][638]LogModuleManager: Shutting down and abandoning module SuperSearch (287)
[2018.03.30-16.01.55:927][638]LogModuleManager: Shutting down and abandoning module SpeedTreeImporter (284)
[2018.03.30-16.01.55:927][638]LogModuleManager: Shutting down and abandoning module PluginBrowser (282)
[2018.03.30-16.01.55:927][638]LogModuleManager: Shutting down and abandoning module MobileLauncherProfileWizard (280)
[2018.03.30-16.01.55:927][638]LogModuleManager: Shutting down and abandoning module VisualStudioSourceCodeAccess (278)
[2018.03.30-16.01.55:927][638]LogModuleManager: Shutting down and abandoning module DesktopPlatform (277)
[2018.03.30-16.01.55:927][638]LogModuleManager: Shutting down and abandoning module UObjectPlugin (274)
[2018.03.30-16.01.55:927][638]LogModuleManager: Shutting down and abandoning module SubversionSourceControl (272)
[2018.03.30-16.01.55:927][638]LogModuleManager: Shutting down and abandoning module PerforceSourceControl (270)
[2018.03.30-16.01.55:927][638]LogModuleManager: Shutting down and abandoning module GitSourceControl (268)
[2018.03.30-16.01.55:927][638]LogModuleManager: Shutting down and abandoning module SourceControl (267)
[2018.03.30-16.01.55:927][638]LogModuleManager: Shutting down and abandoning module LightPropagationVolumeEditor (264)
[2018.03.30-16.01.55:927][638]LogModuleManager: Shutting down and abandoning module PaperTiledImporter (262)
[2018.03.30-16.01.55:927][638]LogModuleManager: Shutting down and abandoning module PaperSpriteSheetImporter (260)
[2018.03.30-16.01.55:927][638]LogModuleManager: Shutting down and abandoning module Paper2DEditor (258)
[2018.03.30-16.01.55:927][638]LogModuleManager: Shutting down and abandoning module MeshPaint (257)
[2018.03.30-16.01.55:927][638]LogModuleManager: Shutting down and abandoning module LevelEditor (255)
[2018.03.30-16.01.55:927][638]LogModuleManager: Shutting down and abandoning module PixelInspectorModule (254)
[2018.03.30-16.01.55:927][638]LogModuleManager: Shutting down and abandoning module MainFrame (252)
[2018.03.30-16.01.55:927][638]LogModuleManager: Shutting down and abandoning module HotReload (251)
[2018.03.30-16.01.55:928][638]LogModuleManager: Shutting down and abandoning module PhysXVehiclesEditor (246)
[2018.03.30-16.01.55:928][638]LogModuleManager: Shutting down and abandoning module PhysXVehicles (244)
[2018.03.30-16.01.55:928][638]LogModuleManager: Shutting down and abandoning module LocationServicesBPLibrary (242)
[2018.03.30-16.01.55:928][638]LogModuleManager: Shutting down and abandoning module ImmediatePhysicsEditor (240)
[2018.03.30-16.01.55:928][638]LogModuleManager: Shutting down and abandoning module ImmediatePhysics (238)
[2018.03.30-16.01.55:928][638]LogModuleManager: Shutting down and abandoning module UdpMessaging (236)
[2018.03.30-16.01.56:028][638]LogModuleManager: Shutting down and abandoning module TcpMessaging (234)
[2018.03.30-16.01.56:129][638]LogModuleManager: Shutting down and abandoning module GameplayTagsEditor (232)
[2018.03.30-16.01.56:129][638]LogModuleManager: Shutting down and abandoning module FacialAnimationEditor (230)
[2018.03.30-16.01.56:129][638]LogModuleManager: Shutting down and abandoning module FacialAnimation (228)
[2018.03.30-16.01.56:129][638]LogModuleManager: Shutting down and abandoning module AssetManagerEditor (226)
[2018.03.30-16.01.56:129][638]LogModuleManager: Shutting down and abandoning module GraphEditor (225)
[2018.03.30-16.01.56:129][638]LogModuleManager: Shutting down and abandoning module ContentBrowser (223)
[2018.03.30-16.01.56:129][638]LogModuleManager: Shutting down and abandoning module LightPropagationVolumeRuntime (220)
[2018.03.30-16.01.56:129][638]LogModuleManager: Shutting down and abandoning module Paper2D (218)
[2018.03.30-16.01.56:129][638]LogModuleManager: Shutting down and abandoning module WindowsMoviePlayer (216)
[2018.03.30-16.01.56:129][638]LogModuleManager: Shutting down and abandoning module WmfMedia (214)
[2018.03.30-16.01.56:130][638]LogModuleManager: Shutting down and abandoning module ClothingSystemEditor (212)
[2018.03.30-16.01.56:130][638]LogModuleManager: Shutting down and abandoning module ClothingSystemRuntime (210)
[2018.03.30-16.01.56:131][638]LogModuleManager: Shutting down and abandoning module MediaAssets (208)
[2018.03.30-16.01.56:131][638]LogModuleManager: Shutting down and abandoning module GameLiveStreaming (206)
[2018.03.30-16.01.56:131][638]LogModuleManager: Shutting down and abandoning module VREditor (204)
[2018.03.30-16.01.56:131][638]LogModuleManager: Shutting down and abandoning module StringTableEditor (202)
[2018.03.30-16.01.56:131][638]LogModuleManager: Shutting down and abandoning module GameplayTasksEditor (200)
[2018.03.30-16.01.56:131][638]LogModuleManager: Shutting down and abandoning module BehaviorTreeEditor (198)
[2018.03.30-16.01.56:131][638]LogModuleManager: Shutting down and abandoning module FunctionalTesting (196)
[2018.03.30-16.01.56:131][638]LogModuleManager: Shutting down and abandoning module CollisionAnalyzer (194)
[2018.03.30-16.01.56:131][638]LogModuleManager: Shutting down and abandoning module UMG (192)
[2018.03.30-16.01.56:131][638]LogModuleManager: Shutting down and abandoning module UMGEditor (191)
[2018.03.30-16.01.56:131][638]LogModuleManager: Shutting down and abandoning module Sequencer (190)
[2018.03.30-16.01.56:131][638]LogModuleManager: Shutting down and abandoning module AssetTools (188)
[2018.03.30-16.01.56:131][638]LogModuleManager: Shutting down and abandoning module MessageLog (187)
[2018.03.30-16.01.56:131][638]LogModuleManager: Shutting down and abandoning module WorkspaceMenuStructure (186)
[2018.03.30-16.01.56:131][638]LogModuleManager: Shutting down and abandoning module SlateReflector (180)
[2018.03.30-16.01.56:131][638]LogModuleManager: Shutting down and abandoning module Slate (178)
[2018.03.30-16.01.56:131][638]LogModuleManager: Shutting down and abandoning module EditorStyle (176)
[2018.03.30-16.01.56:132][638]LogModuleManager: Shutting down and abandoning module SourceCodeAccess (174)
[2018.03.30-16.01.56:132][638]LogModuleManager: Shutting down and abandoning module HeadMountedDisplay (172)
[2018.03.30-16.01.56:132][638]LogModuleManager: Shutting down and abandoning module XAudio2 (170)
[2018.03.30-16.01.56:132][638]LogModuleManager: Shutting down and abandoning module Networking (168)
[2018.03.30-16.01.56:132][638]LogModuleManager: Shutting down and abandoning module Core (164)
[2018.03.30-16.01.56:132][638]LogModuleManager: Shutting down and abandoning module AssetRegistry (162)
[2018.03.30-16.01.56:176][638]LogDirectoryWatcher: A directory notification for '../../../Engine/Content/' was aborted.
[2018.03.30-16.01.56:176][638]LogDirectoryWatcher: A directory notification for '../../../../../../Users/micha/OneDrive/Документы/Unreal Projects/Mechanic1/Content/' was aborted.
[2018.03.30-16.01.56:176][638]LogDirectoryWatcher: A directory notification for '../../../Engine/Plugins/2D/Paper2D/Content/' was aborted.
[2018.03.30-16.01.56:176][638]LogDirectoryWatcher: A directory notification for '../../../Engine/Plugins/Runtime/GearVR/Content/' was aborted.
[2018.03.30-16.01.56:178][638]LogModuleManager: Shutting down and abandoning module DirectoryWatcher (161)
[2018.03.30-16.01.56:178][638]LogModuleManager: Shutting down and abandoning module KismetCompiler (158)
[2018.03.30-16.01.56:178][638]LogModuleManager: Shutting down and abandoning module LevelSequence (156)
[2018.03.30-16.01.56:178][638]LogModuleManager: Shutting down and abandoning module PhysXFormats (154)
[2018.03.30-16.01.56:178][638]LogModuleManager: Shutting down and abandoning module MeshUtilities (152)
[2018.03.30-16.01.56:178][638]LogModuleManager: Shutting down and abandoning module SimplygonSwarm (151)
[2018.03.30-16.01.56:178][638]LogModuleManager: Shutting down and abandoning module SimplygonMeshReduction (149)
[2018.03.30-16.01.56:178][638]LogModuleManager: Shutting down and abandoning module QuadricMeshReduction (147)
[2018.03.30-16.01.56:178][638]LogModuleManager: Shutting down and abandoning module DerivedDataCache (144)
[2018.03.30-16.01.56:640][638]LogDerivedDataCache: Shutdown
[2018.03.30-16.01.56:640][638]LogModuleManager: Shutting down and abandoning module TargetPlatform (142)
[2018.03.30-16.01.56:640][638]LogModuleManager: Shutting down and abandoning module VulkanShaderFormat (141)
[2018.03.30-16.01.56:640][638]LogModuleManager: Shutting down and abandoning module ShaderFormatVectorVM (139)
[2018.03.30-16.01.56:640][638]LogModuleManager: Shutting down and abandoning module ShaderFormatOpenGL (137)
[2018.03.30-16.01.56:640][638]LogModuleManager: Shutting down and abandoning module ShaderFormatD3D (135)
[2018.03.30-16.01.56:640][638]LogModuleManager: Shutting down and abandoning module MetalShaderFormat (133)
[2018.03.30-16.01.56:640][638]LogModuleManager: Shutting down and abandoning module TextureFormatUncompressed (131)
[2018.03.30-16.01.56:640][638]LogModuleManager: Shutting down and abandoning module TextureFormatPVR (129)
[2018.03.30-16.01.56:640][638]LogModuleManager: Shutting down and abandoning module TextureFormatDXT (127)
[2018.03.30-16.01.56:640][638]LogModuleManager: Shutting down and abandoning module TextureFormatIntelISPCTexComp (125)
[2018.03.30-16.01.56:640][638]LogModuleManager: Shutting down and abandoning module TextureFormatASTC (123)
[2018.03.30-16.01.56:640][638]LogModuleManager: Shutting down and abandoning module ImageWrapper (122)
[2018.03.30-16.01.56:640][638]LogModuleManager: Shutting down and abandoning module TextureFormatAndroid (119)
[2018.03.30-16.01.56:640][638]LogModuleManager: Shutting down and abandoning module AudioFormatOpus (117)
[2018.03.30-16.01.56:640][638]LogModuleManager: Shutting down and abandoning module AudioFormatOgg (115)
[2018.03.30-16.01.56:640][638]LogModuleManager: Shutting down and abandoning module AudioFormatADPCM (113)
[2018.03.30-16.01.56:640][638]LogModuleManager: Shutting down and abandoning module LinuxTargetPlatform (111)
[2018.03.30-16.01.56:641][638]LogModuleManager: Shutting down and abandoning module LinuxServerTargetPlatform (109)
[2018.03.30-16.01.56:641][638]LogModuleManager: Shutting down and abandoning module LinuxNoEditorTargetPlatform (107)
[2018.03.30-16.01.56:641][638]LogModuleManager: Shutting down and abandoning module LinuxClientTargetPlatform (105)
[2018.03.30-16.01.56:641][638]LogModuleManager: Shutting down and abandoning module TVOSTargetPlatform (103)
[2018.03.30-16.01.56:641][638]LogModuleManager: Shutting down and abandoning module Messaging (101)
[2018.03.30-16.01.56:641][638]LogModuleManager: Shutting down and abandoning module IOSTargetPlatform (99)
[2018.03.30-16.01.56:641][638]LogModuleManager: Shutting down and abandoning module HTML5TargetPlatform (97)
[2018.03.30-16.01.56:641][638]LogModuleManager: Shutting down and abandoning module Android_PVRTCTargetPlatform (95)
[2018.03.30-16.01.56:641][638]LogModuleManager: Shutting down and abandoning module Android_MultiTargetPlatform (93)
[2018.03.30-16.01.56:641][638]LogModuleManager: Shutting down and abandoning module Android_ETC2TargetPlatform (91)
[2018.03.30-16.01.56:641][638]LogModuleManager: Shutting down and abandoning module Android_ETC1TargetPlatform (89)
[2018.03.30-16.01.56:641][638]LogModuleManager: Shutting down and abandoning module Android_DXTTargetPlatform (87)
[2018.03.30-16.01.56:641][638]LogModuleManager: Shutting down and abandoning module Android_ATCTargetPlatform (85)
[2018.03.30-16.01.56:641][638]LogModuleManager: Shutting down and abandoning module Android_ASTCTargetPlatform (83)
[2018.03.30-16.01.56:641][638]LogModuleManager: Shutting down and abandoning module AndroidTargetPlatform (81)
[2018.03.30-16.01.56:641][638]LogModuleManager: Shutting down and abandoning module WindowsTargetPlatform (79)
[2018.03.30-16.01.56:641][638]LogModuleManager: Shutting down and abandoning module WindowsServerTargetPlatform (77)
[2018.03.30-16.01.56:641][638]LogModuleManager: Shutting down and abandoning module WindowsNoEditorTargetPlatform (75)
[2018.03.30-16.01.56:641][638]LogModuleManager: Shutting down and abandoning module WindowsClientTargetPlatform (73)
[2018.03.30-16.01.56:641][638]LogModuleManager: Shutting down and abandoning module MacTargetPlatform (71)
[2018.03.30-16.01.56:641][638]LogModuleManager: Shutting down and abandoning module MacServerTargetPlatform (69)
[2018.03.30-16.01.56:641][638]LogModuleManager: Shutting down and abandoning module MacNoEditorTargetPlatform (67)
[2018.03.30-16.01.56:641][638]LogModuleManager: Shutting down and abandoning module MacClientTargetPlatform (65)
[2018.03.30-16.01.56:641][638]LogModuleManager: Shutting down and abandoning module AllDesktopTargetPlatform (63)
[2018.03.30-16.01.56:641][638]LogModuleManager: Shutting down and abandoning module InputCore (60)
[2018.03.30-16.01.56:641][638]LogModuleManager: Shutting down and abandoning module Settings (58)
[2018.03.30-16.01.56:641][638]LogModuleManager: Shutting down and abandoning module OculusRift (56)
[2018.03.30-16.01.56:641][638]LogModuleManager: Shutting down and abandoning module GearVRController (54)
[2018.03.30-16.01.56:641][638]LogModuleManager: Shutting down and abandoning module GearVR (52)
[2018.03.30-16.01.56:641][638]LogModuleManager: Shutting down and abandoning module ExampleDeviceProfileSelector (50)
[2018.03.30-16.01.56:641][638]LogModuleManager: Shutting down and abandoning module OnlineBlueprintSupport (48)
[2018.03.30-16.01.56:641][638]LogModuleManager: Shutting down and abandoning module OnlineSubsystem (44)
[2018.03.30-16.01.56:641][638]LogOnline:Display: Unloading online subsystem: NULL
[2018.03.30-16.01.56:641][638]LogModuleManager: Shutting down and abandoning module XMPP (43)
[2018.03.30-16.01.56:641][638]LogModuleManager: Shutting down and abandoning module HTTP (41)
[2018.03.30-16.01.56:641][638]LogHttp:Display: Http module shutting down, but needs to wait on 1 outstanding Http requests:
[2018.03.30-16.01.56:641][638]LogHttp:Display: 	verb=[POST] url=[https://datarouter.ol.epicgames.com/datarouter/api/v1/public/data?SessionID=%7BEF967872-49F2-F795-A861-38A9055FA58E%7D&AppID=UEEditor.Rocket.Release&AppVersion=4.16.3-3561208%2B%2B%2BUE4%2BRelease-4.16&UserID=a7532cba4a9af0b7ac1c69ac8e606cf3%7Cf6a1f727b7fd4e02865f71c4c266e34e%7Ce2c0c2f3-cf92-47a7-99bb-8eb0f34f19aa&AppEnvironment=datacollector-binary&UploadType=eteventstream] status=Processing
[2018.03.30-16.01.56:648][638]LogModuleManager: Shutting down and abandoning module SSL (40)
[2018.03.30-16.01.56:649][638]LogModuleManager: Shutting down and abandoning module HTTPChunkInstaller (36)
[2018.03.30-16.01.56:649][638]LogModuleManager: Shutting down and abandoning module AnimationModifiers (34)
[2018.03.30-16.01.56:649][638]LogModuleManager: Shutting down and abandoning module PropertyEditor (33)
[2018.03.30-16.01.56:649][638]LogModuleManager: Shutting down and abandoning module AudioEditor (30)
[2018.03.30-16.01.56:649][638]LogModuleManager: Shutting down and abandoning module TextureCompressor (28)
[2018.03.30-16.01.56:649][638]LogModuleManager: Shutting down and abandoning module ShaderCore (26)
[2018.03.30-16.01.56:649][638]LogModuleManager: Shutting down and abandoning module Landscape (24)
[2018.03.30-16.01.56:649][638]LogModuleManager: Shutting down and abandoning module SlateRHIRenderer (22)
[2018.03.30-16.01.56:650][638]LogModuleManager: Shutting down and abandoning module OpenGLDrv (20)
[2018.03.30-16.01.56:650][638]LogModuleManager: Shutting down and abandoning module D3D11RHI (18)
[2018.03.30-16.01.56:650][638]LogModuleManager: Shutting down and abandoning module AnimGraphRuntime (16)
[2018.03.30-16.01.56:650][638]LogModuleManager: Shutting down and abandoning module Renderer (14)
[2018.03.30-16.01.56:650][638]LogModuleManager: Shutting down and abandoning module Engine (12)
[2018.03.30-16.01.56:650][638]LogModuleManager: Shutting down and abandoning module CoreUObject (10)
[2018.03.30-16.01.56:650][638]LogModuleManager: Shutting down and abandoning module NetworkFile (8)
[2018.03.30-16.01.56:650][638]LogModuleManager: Shutting down and abandoning module StreamingFile (6)
[2018.03.30-16.01.56:650][638]LogModuleManager: Shutting down and abandoning module SandboxFile (4)
[2018.03.30-16.01.56:650][638]LogModuleManager: Shutting down and abandoning module PakFile (2)
[2018.03.30-16.01.56:651][638]LogExit: Exiting.
[2018.03.30-16.01.56:657][638]Log file closed, 03/30/18 18:01:56
